###############################################################################
#                                                                             #
# IAR C/C++ Compiler V8.10.3.10338/W32 for 8051         04/Aug/2014  16:12:22 #
# Copyright 2004-2011 IAR Systems AB.                                         #
#                                                                             #
#    Core               =  plain                                              #
#    Code model         =  banked                                             #
#    Data model         =  large                                              #
#    Calling convention =  xdata reentrant                                    #
#    Constant location  =  data_rom                                           #
#    Dptr setup         =  1,16                                               #
#    Source file        =  C:\Texas Instruments\ZStack-CC2530-2.5.1a\Projects #
#                          \zstack\Samples\SampleApp\Source\SampleApp.c       #
#    Command line       =  -f "C:\Texas Instruments\ZStack-CC2530-2.5.1a\Proj #
#                          ects\zstack\Samples\SampleApp\CC2530DB\..\..\..\To #
#                          ols\CC2530DB\f8wRouter.cfg" (-DCPU32MHZ            #
#                          -DROOT=__near_func -DMAC_CFG_APP_PENDING_QUEUE=TRU #
#                          E -DMAC_CFG_TX_DATA_MAX=5 -DMAC_CFG_TX_MAX=8       #
#                          -DMAC_CFG_RX_MAX=5 -DRTR_NWK) -f "C:\Texas         #
#                          Instruments\ZStack-CC2530-2.5.1a\Projects\zstack\S #
#                          amples\SampleApp\CC2530DB\..\..\..\Tools\CC2530DB\ #
#                          f8wConfig.cfg" (-DZIGBEEPRO -DSECURE=0             #
#                          -DZG_SECURE_DYNAMIC=0 -DREFLECTOR                  #
#                          -DDEFAULT_CHANLIST=0x00000800                      #
#                          -DZDAPP_CONFIG_PAN_ID=0xFFFF                       #
#                          -DNWK_START_DELAY=100 -DEXTENDED_JOINING_RANDOM_MA #
#                          SK=0x007F -DBEACON_REQUEST_DELAY=100               #
#                          -DBEACON_REQ_DELAY_MASK=0x00FF                     #
#                          -DLINK_STATUS_JITTER_MASK=0x007F                   #
#                          -DROUTE_EXPIRY_TIME=30 -DAPSC_ACK_WAIT_DURATION_PO #
#                          LLED=3000 -DNWK_INDIRECT_MSG_TIMEOUT=7             #
#                          -DMAX_RREQ_ENTRIES=8 -DAPSC_MAX_FRAME_RETRIES=3    #
#                          -DNWK_MAX_DATA_RETRIES=2                           #
#                          -DMAX_POLL_FAILURE_RETRIES=2 -DMAX_BCAST=9         #
#                          -DAPS_MAX_GROUPS=16 -DMAX_RTG_ENTRIES=40           #
#                          -DNWK_MAX_BINDING_ENTRIES=4                        #
#                          -DMAX_BINDING_CLUSTER_IDS=4 "-DDEFAULT_KEY={0x01,  #
#                          0x03, 0x05, 0x07, 0x09, 0x0B, 0x0D, 0x0F, 0x00,    #
#                          0x02, 0x04, 0x06, 0x08, 0x0A, 0x0C, 0x0D}"         #
#                          -DMAC_MAX_FRAME_SIZE=116                           #
#                          -DZDNWKMGR_MIN_TRANSMISSIONS=20 "-DCONST=const     #
#                          __code" -DGENERIC=__generic                        #
#                          -DRFD_RCVC_ALWAYS_ON=FALSE -DPOLL_RATE=1000        #
#                          -DQUEUED_POLL_RATE=100 -DRESPONSE_POLL_RATE=100)   #
#                          -DREJOIN_POLL_RATE=440 "C:\Texas                   #
#                          Instruments\ZStack-CC2530-2.5.1a\Projects\zstack\S #
#                          amples\SampleApp\Source\SampleApp.c" -D ZTOOL_P1   #
#                          -D xMT_TASK -D xMT_SYS_FUNC -D xMT_ZDO_FUNC -D     #
#                          xLCD_SUPPORTED=DEBUG -lC "C:\Texas                 #
#                          Instruments\ZStack-CC2530-2.5.1a\Projects\zstack\S #
#                          amples\SampleApp\CC2530DB\RouterEB\List\" -lA      #
#                          "C:\Texas Instruments\ZStack-CC2530-2.5.1a\Project #
#                          s\zstack\Samples\SampleApp\CC2530DB\RouterEB\List\ #
#                          " --diag_suppress Pe001,Pa010 -o "C:\Texas         #
#                          Instruments\ZStack-CC2530-2.5.1a\Projects\zstack\S #
#                          amples\SampleApp\CC2530DB\RouterEB\Obj\" -e        #
#                          --no_code_motion --debug --core=plain --dptr=16,1  #
#                          --data_model=large --code_model=banked             #
#                          --calling_convention=xdata_reentrant               #
#                          --place_constants=data_rom --nr_virtual_regs 16    #
#                          -I "C:\Texas Instruments\ZStack-CC2530-2.5.1a\Proj #
#                          ects\zstack\Samples\SampleApp\CC2530DB\" -I        #
#                          "C:\Texas Instruments\ZStack-CC2530-2.5.1a\Project #
#                          s\zstack\Samples\SampleApp\CC2530DB\..\Source\"    #
#                          -I "C:\Texas Instruments\ZStack-CC2530-2.5.1a\Proj #
#                          ects\zstack\Samples\SampleApp\CC2530DB\..\..\..\ZM #
#                          ain\TI2530DB\" -I "C:\Texas                        #
#                          Instruments\ZStack-CC2530-2.5.1a\Projects\zstack\S #
#                          amples\SampleApp\CC2530DB\..\..\..\..\..\Component #
#                          s\hal\include\" -I "C:\Texas                       #
#                          Instruments\ZStack-CC2530-2.5.1a\Projects\zstack\S #
#                          amples\SampleApp\CC2530DB\..\..\..\..\..\Component #
#                          s\hal\target\CC2530EB\" -I "C:\Texas               #
#                          Instruments\ZStack-CC2530-2.5.1a\Projects\zstack\S #
#                          amples\SampleApp\CC2530DB\..\..\..\..\..\Component #
#                          s\mac\include\" -I "C:\Texas                       #
#                          Instruments\ZStack-CC2530-2.5.1a\Projects\zstack\S #
#                          amples\SampleApp\CC2530DB\..\..\..\..\..\Component #
#                          s\mac\high_level\" -I "C:\Texas                    #
#                          Instruments\ZStack-CC2530-2.5.1a\Projects\zstack\S #
#                          amples\SampleApp\CC2530DB\..\..\..\..\..\Component #
#                          s\mac\low_level\srf04\" -I "C:\Texas               #
#                          Instruments\ZStack-CC2530-2.5.1a\Projects\zstack\S #
#                          amples\SampleApp\CC2530DB\..\..\..\..\..\Component #
#                          s\mac\low_level\srf04\single_chip\" -I "C:\Texas   #
#                          Instruments\ZStack-CC2530-2.5.1a\Projects\zstack\S #
#                          amples\SampleApp\CC2530DB\..\..\..\..\..\Component #
#                          s\mt\" -I "C:\Texas Instruments\ZStack-CC2530-2.5. #
#                          1a\Projects\zstack\Samples\SampleApp\CC2530DB\..\. #
#                          .\..\..\..\Components\osal\include\" -I "C:\Texas  #
#                          Instruments\ZStack-CC2530-2.5.1a\Projects\zstack\S #
#                          amples\SampleApp\CC2530DB\..\..\..\..\..\Component #
#                          s\services\saddr\" -I "C:\Texas                    #
#                          Instruments\ZStack-CC2530-2.5.1a\Projects\zstack\S #
#                          amples\SampleApp\CC2530DB\..\..\..\..\..\Component #
#                          s\services\sdata\" -I "C:\Texas                    #
#                          Instruments\ZStack-CC2530-2.5.1a\Projects\zstack\S #
#                          amples\SampleApp\CC2530DB\..\..\..\..\..\Component #
#                          s\stack\af\" -I "C:\Texas                          #
#                          Instruments\ZStack-CC2530-2.5.1a\Projects\zstack\S #
#                          amples\SampleApp\CC2530DB\..\..\..\..\..\Component #
#                          s\stack\nwk\" -I "C:\Texas                         #
#                          Instruments\ZStack-CC2530-2.5.1a\Projects\zstack\S #
#                          amples\SampleApp\CC2530DB\..\..\..\..\..\Component #
#                          s\stack\sapi\" -I "C:\Texas                        #
#                          Instruments\ZStack-CC2530-2.5.1a\Projects\zstack\S #
#                          amples\SampleApp\CC2530DB\..\..\..\..\..\Component #
#                          s\stack\sec\" -I "C:\Texas                         #
#                          Instruments\ZStack-CC2530-2.5.1a\Projects\zstack\S #
#                          amples\SampleApp\CC2530DB\..\..\..\..\..\Component #
#                          s\stack\sys\" -I "C:\Texas                         #
#                          Instruments\ZStack-CC2530-2.5.1a\Projects\zstack\S #
#                          amples\SampleApp\CC2530DB\..\..\..\..\..\Component #
#                          s\stack\zdo\" -I "C:\Texas                         #
#                          Instruments\ZStack-CC2530-2.5.1a\Projects\zstack\S #
#                          amples\SampleApp\CC2530DB\..\..\..\..\..\Component #
#                          s\zmac\" -I "C:\Texas Instruments\ZStack-CC2530-2. #
#                          5.1a\Projects\zstack\Samples\SampleApp\CC2530DB\.. #
#                          \..\..\..\..\Components\zmac\f8w\" -Ohz            #
#                          --require_prototypes                               #
#    List file          =  C:\Texas Instruments\ZStack-CC2530-2.5.1a\Projects #
#                          \zstack\Samples\SampleApp\CC2530DB\RouterEB\List\S #
#                          ampleApp.lst                                       #
#    Object file        =  C:\Texas Instruments\ZStack-CC2530-2.5.1a\Projects #
#                          \zstack\Samples\SampleApp\CC2530DB\RouterEB\Obj\Sa #
#                          mpleApp.r51                                        #
#                                                                             #
#                                                                             #
###############################################################################

C:\Texas Instruments\ZStack-CC2530-2.5.1a\Projects\zstack\Samples\SampleApp\Source\SampleApp.c
      1          /**************************************************************************************************
      2            Filename:       SampleApp.c
      3            Revised:        $Date: 2009-03-18 15:56:27 -0700 (Wed, 18 Mar 2009) $
      4            Revision:       $Revision: 19453 $
      5          
      6            Description:    Sample Application (no Profile).
      7          
      8          
      9            Copyright 2007 Texas Instruments Incorporated. All rights reserved.
     10          
     11            IMPORTANT: Your use of this Software is limited to those specific rights
     12            granted under the terms of a software license agreement between the user
     13            who downloaded the software, his/her employer (which must be your employer)
     14            and Texas Instruments Incorporated (the "License").  You may not use this
     15            Software unless you agree to abide by the terms of the License. The License
     16            limits your use, and you acknowledge, that the Software may not be modified,
     17            copied or distributed unless embedded on a Texas Instruments microcontroller
     18            or used solely and exclusively in conjunction with a Texas Instruments radio
     19            frequency transceiver, which is integrated into your product.  Other than for
     20            the foregoing purpose, you may not use, reproduce, copy, prepare derivative
     21            works of, modify, distribute, perform, display or sell this Software and/or
     22            its documentation for any purpose.
     23          
     24            YOU FURTHER ACKNOWLEDGE AND AGREE THAT THE SOFTWARE AND DOCUMENTATION ARE
     25            PROVIDED AS IS?WITHOUT WARRANTY OF ANY KIND, EITHER EXPRESS OR IMPLIED,
     26            INCLUDING WITHOUT LIMITATION, ANY WARRANTY OF MERCHANTABILITY, TITLE,
     27            NON-INFRINGEMENT AND FITNESS FOR A PARTICULAR PURPOSE. IN NO EVENT SHALL
     28            TEXAS INSTRUMENTS OR ITS LICENSORS BE LIABLE OR OBLIGATED UNDER CONTRACT,
     29            NEGLIGENCE, STRICT LIABILITY, CONTRIBUTION, BREACH OF WARRANTY, OR OTHER
     30            LEGAL EQUITABLE THEORY ANY DIRECT OR INDIRECT DAMAGES OR EXPENSES
     31            INCLUDING BUT NOT LIMITED TO ANY INCIDENTAL, SPECIAL, INDIRECT, PUNITIVE
     32            OR CONSEQUENTIAL DAMAGES, LOST PROFITS OR LOST DATA, COST OF PROCUREMENT
     33            OF SUBSTITUTE GOODS, TECHNOLOGY, SERVICES, OR ANY CLAIMS BY THIRD PARTIES
     34            (INCLUDING BUT NOT LIMITED TO ANY DEFENSE THEREOF), OR OTHER SIMILAR COSTS.
     35          
     36            Should you have any questions regarding your right to use this Software,
     37            contact Texas Instruments Incorporated at www.TI.com.
     38          **************************************************************************************************/
     39          
     40          /*********************************************************************
     41            This application isn't intended to do anything useful, it is
     42            intended to be a simple example of an application's structure.
     43          
     44            This application sends it's messages either as broadcast or
     45            broadcast filtered group messages.  The other (more normal)
     46            message addressing is unicast.  Most of the other sample
     47            applications are written to support the unicast message model.
     48          
     49            Key control:
     50              SW1:  Sends a flash command to all devices in Group 1.
     51              SW2:  Adds/Removes (toggles) this device in and out
     52                    of Group 1.  This will enable and disable the
     53                    reception of the flash command.
     54          *********************************************************************/
     55          
     56          /*********************************************************************
     57           * INCLUDES
     58           */
     59          #include "OSAL.h"
     60          #include "ZGlobals.h"
     61          #include "AF.h"
     62          #include "aps_groups.h"
     63          #include "ZDApp.h"
     64          
     65          #include "SampleApp.h"
     66          #include "SampleAppHw.h"
     67          
     68          #include "OnBoard.h"
     69          
     70          /* HAL */
     71          #include "hal_lcd.h"
     72          #include "hal_led.h"
     73          #include "hal_key.h"
     74          
     75          #include "MT_UART.h"
     76          #include "DHT11.h"
     77          
     78          /*********************************************************************
     79           * MACROS
     80           */
     81          
     82          
     83          /*********************************************************************
     84           * CONSTANTS
     85           */
     86          
     87          /*********************************************************************
     88           * TYPEDEFS
     89           */
     90          
     91          /*********************************************************************
     92           * GLOBAL VARIABLES
     93           */
     94          
     95          // This list should be filled with Application specific Cluster IDs.

   \                                 In  segment XDATA_ROM_C, align 1
     96          const cId_t SampleApp_ClusterList[SAMPLEAPP_MAX_CLUSTERS] =
   \                     SampleApp_ClusterList:
   \   000000   0100         DW 1
   \   000002   0200         DW 2
     97          {
     98            SAMPLEAPP_PERIODIC_CLUSTERID,
     99            SAMPLEAPP_FLASH_CLUSTERID
    100          };
    101          

   \                                 In  segment XDATA_ROM_C, align 1
    102          const SimpleDescriptionFormat_t SampleApp_SimpleDesc =
   \                     SampleApp_SimpleDesc:
   \   000000   15           DB 21
   \   000001   080F         DW 3848
   \   000003   0100         DW 1
   \   000005   00           DB 0
   \   000006   02           DB 2
   \   000007   ....         DW SampleApp_ClusterList
   \   000009   02           DB 2
   \   00000A   ....         DW SampleApp_ClusterList
    103          {
    104            SAMPLEAPP_ENDPOINT,              //  int Endpoint;
    105            SAMPLEAPP_PROFID,                //  uint16 AppProfId[2];
    106            SAMPLEAPP_DEVICEID,              //  uint16 AppDeviceId[2];
    107            SAMPLEAPP_DEVICE_VERSION,        //  int   AppDevVer:4;
    108            SAMPLEAPP_FLAGS,                 //  int   AppFlags:4;
    109            SAMPLEAPP_MAX_CLUSTERS,          //  uint8  AppNumInClusters;
    110            (cId_t *)SampleApp_ClusterList,  //  uint8 *pAppInClusterList;
    111            SAMPLEAPP_MAX_CLUSTERS,          //  uint8  AppNumInClusters;
    112            (cId_t *)SampleApp_ClusterList   //  uint8 *pAppInClusterList;
    113          };
    114          
    115          // This is the Endpoint/Interface description.  It is defined here, but
    116          // filled-in in SampleApp_Init().  Another way to go would be to fill
    117          // in the structure here and make it a "const" (in code space).  The
    118          // way it's defined in this sample app it is define in RAM.

   \                                 In  segment XDATA_Z, align 1, keep-with-next
    119          endPointDesc_t SampleApp_epDesc;
   \                     SampleApp_epDesc:
   \   000000                DS 6
   \   000006                REQUIRE __INIT_XDATA_Z
    120          
    121          /*********************************************************************
    122           * EXTERNAL VARIABLES
    123           */
    124          
    125          /*********************************************************************
    126           * EXTERNAL FUNCTIONS
    127           */
    128          
    129          /*********************************************************************
    130           * LOCAL VARIABLES
    131           */

   \                                 In  segment XDATA_Z, align 1, keep-with-next
    132          uint8 SampleApp_TaskID;   // Task ID for internal task/event processing
   \                     SampleApp_TaskID:
   \   000000                DS 1
   \   000001                REQUIRE __INIT_XDATA_Z
    133                                    // This variable will be received when
    134                                    // SampleApp_Init() is called.

   \                                 In  segment XDATA_Z, align 1, keep-with-next
    135          devStates_t SampleApp_NwkState;
   \                     SampleApp_NwkState:
   \   000000                DS 1
   \   000001                REQUIRE __INIT_XDATA_Z
    136          

   \                                 In  segment XDATA_Z, align 1, keep-with-next
    137          uint8 SampleApp_TransID;  // This is the unique message ID (counter)
   \                     SampleApp_TransID:
   \   000000                DS 1
   \   000001                REQUIRE __INIT_XDATA_Z
    138          

   \                                 In  segment XDATA_Z, align 1, keep-with-next
    139          afAddrType_t SampleApp_Periodic_DstAddr;
   \                     SampleApp_Periodic_DstAddr:
   \   000000                DS 12
   \   00000C                REQUIRE __INIT_XDATA_Z

   \                                 In  segment XDATA_Z, align 1, keep-with-next
    140          afAddrType_t SampleApp_Flash_DstAddr;
   \                     SampleApp_Flash_DstAddr:
   \   000000                DS 12
   \   00000C                REQUIRE __INIT_XDATA_Z

   \                                 In  segment XDATA_Z, align 1, keep-with-next
    141          afAddrType_t SampleApp_P2P_DstAddr;
   \                     SampleApp_P2P_DstAddr:
   \   000000                DS 12
   \   00000C                REQUIRE __INIT_XDATA_Z
    142          

   \                                 In  segment XDATA_Z, align 1, keep-with-next
    143          aps_Group_t SampleApp_Group;
   \                     SampleApp_Group:
   \   000000                DS 18
   \   000012                REQUIRE __INIT_XDATA_Z
    144          

   \                                 In  segment XDATA_Z, align 1, keep-with-next
    145          uint8 SampleAppPeriodicCounter = 0;
   \                     SampleAppPeriodicCounter:
   \   000000                DS 1
   \   000001                REQUIRE __INIT_XDATA_Z

   \                                 In  segment XDATA_Z, align 1, keep-with-next
    146          uint8 SampleAppFlashCounter = 0;
   \                     SampleAppFlashCounter:
   \   000000                DS 1
   \   000001                REQUIRE __INIT_XDATA_Z
    147          
    148          /*********************************************************************
    149           * LOCAL FUNCTIONS
    150           */
    151          void SampleApp_HandleKeys( uint8 shift, uint8 keys );
    152          void SampleApp_MessageMSGCB( afIncomingMSGPacket_t *pckt );
    153          void SampleApp_SendPeriodicMessage( void );
    154          void SampleApp_SendFlashMessage( uint16 flashTime );
    155          void SampleApp_Send_P2P_Message(void);
    156          
    157          /*********************************************************************
    158           * NETWORK LAYER CALLBACKS
    159           */
    160          
    161          /*********************************************************************
    162           * PUBLIC FUNCTIONS
    163           */
    164          
    165          /*********************************************************************
    166           * @fn      SampleApp_Init
    167           *
    168           * @brief   Initialization function for the Generic App Task.
    169           *          This is called during initialization and should contain
    170           *          any application specific initialization (ie. hardware
    171           *          initialization/setup, table initialization, power up
    172           *          notificaiton ... ).
    173           *
    174           * @param   task_id - the ID assigned by OSAL.  This ID should be
    175           *                    used to send messages and set timers.
    176           *
    177           * @return  none
    178           */

   \                                 In  segment BANKED_CODE, align 1, keep-with-next
    179          void SampleApp_Init( uint8 task_id )
   \                     SampleApp_Init:
    180          {
   \   000000   74F5         MOV     A,#-0xb
   \   000002   12....       LCALL   ?BANKED_ENTER_XDATA
   \   000005                ; Saved register size: 11
   \   000005                ; Auto size: 0
   \   000005   E9           MOV     A,R1
   \   000006   FE           MOV     R6,A
    181            SampleApp_TaskID = task_id;
   \   000007   90....       MOV     DPTR,#SampleApp_TaskID
   \   00000A   F0           MOVX    @DPTR,A
    182            SampleApp_NwkState = DEV_INIT;
   \   00000B   90....       MOV     DPTR,#SampleApp_NwkState
   \   00000E   7401         MOV     A,#0x1
   \   000010   F0           MOVX    @DPTR,A
    183            SampleApp_TransID = 0;
   \   000011   90....       MOV     DPTR,#SampleApp_TransID
   \   000014   E4           CLR     A
   \   000015   F0           MOVX    @DPTR,A
    184            
    185            MT_UartInit();                    //串口初始化
   \   000016                ; Setup parameters for call to function MT_UartInit
   \   000016   12....       LCALL   ??MT_UartInit?relay
    186            MT_UartRegisterTaskID(task_id);   //注册串口任务
   \   000019                ; Setup parameters for call to function MT_UartRegisterTaskID
   \   000019   EE           MOV     A,R6
   \   00001A   F9           MOV     R1,A
   \   00001B   12....       LCALL   ??MT_UartRegisterTaskID?relay
    187            HalUARTWrite(0,"UartInit OK\n", sizeof("UartInit OK\n"));//串口发送
   \   00001E                ; Setup parameters for call to function HalUARTWrite
   \   00001E   7C0D         MOV     R4,#0xd
   \   000020   7D00         MOV     R5,#0x0
   \   000022   7A..         MOV     R2,#`?<Constant "UartInit OK\\n">` & 0xff
   \   000024   7B..         MOV     R3,#(`?<Constant "UartInit OK\\n">` >> 8) & 0xff
   \   000026   7900         MOV     R1,#0x0
   \   000028   12....       LCALL   ??HalUARTWrite?relay
    188            
    189            // Device hardware initialization can be added here or in main() (Zmain.c).
    190            // If the hardware is application specific - add it here.
    191            // If the hardware is other parts of the device add it in main().
    192          
    193           #if defined ( BUILD_ALL_DEVICES )
    194            // The "Demo" target is setup to have BUILD_ALL_DEVICES and HOLD_AUTO_START
    195            // We are looking at a jumper (defined in SampleAppHw.c) to be jumpered
    196            // together - if they are - we will start up a coordinator. Otherwise,
    197            // the device will start as a router.
    198            if ( readCoordinatorJumper() )
    199              zgDeviceLogicalType = ZG_DEVICETYPE_COORDINATOR;
    200            else
    201              zgDeviceLogicalType = ZG_DEVICETYPE_ROUTER;
    202          #endif // BUILD_ALL_DEVICES
    203          
    204          #if defined ( HOLD_AUTO_START )
    205            // HOLD_AUTO_START is a compile option that will surpress ZDApp
    206            //  from starting the device and wait for the application to
    207            //  start the device.
    208            ZDOInitDevice(0);
    209          #endif
    210          
    211            // Setup for the periodic message's destination address
    212            // Broadcast to everyone
    213            SampleApp_Periodic_DstAddr.addrMode = (afAddrMode_t)AddrBroadcast;
   \   00002B   90....       MOV     DPTR,#SampleApp_Periodic_DstAddr + 8
   \   00002E   740F         MOV     A,#0xf
   \   000030   F0           MOVX    @DPTR,A
    214            SampleApp_Periodic_DstAddr.endPoint = SAMPLEAPP_ENDPOINT;
   \   000031   A3           INC     DPTR
   \   000032   7415         MOV     A,#0x15
   \   000034   F0           MOVX    @DPTR,A
    215            SampleApp_Periodic_DstAddr.addr.shortAddr = 0xFFFF;
   \   000035   90....       MOV     DPTR,#SampleApp_Periodic_DstAddr
   \   000038   74FF         MOV     A,#-0x1
   \   00003A   F0           MOVX    @DPTR,A
   \   00003B   A3           INC     DPTR
   \   00003C   F0           MOVX    @DPTR,A
    216          
    217            // Setup for the flash command's destination address - Group 1
    218            SampleApp_Flash_DstAddr.addrMode = (afAddrMode_t)afAddrGroup;
   \   00003D   90....       MOV     DPTR,#SampleApp_Flash_DstAddr + 8
   \   000040   7401         MOV     A,#0x1
   \   000042   F0           MOVX    @DPTR,A
    219            SampleApp_Flash_DstAddr.endPoint = SAMPLEAPP_ENDPOINT;
   \   000043   A3           INC     DPTR
   \   000044   7415         MOV     A,#0x15
   \   000046   F0           MOVX    @DPTR,A
    220            SampleApp_Flash_DstAddr.addr.shortAddr = SAMPLEAPP_FLASH_GROUP;
   \   000047   90....       MOV     DPTR,#SampleApp_Flash_DstAddr
   \   00004A   7401         MOV     A,#0x1
   \   00004C   F0           MOVX    @DPTR,A
   \   00004D   A3           INC     DPTR
   \   00004E   E4           CLR     A
   \   00004F   F0           MOVX    @DPTR,A
    221          
    222            SampleApp_P2P_DstAddr.addrMode = (afAddrMode_t)Addr16Bit;
   \   000050   90....       MOV     DPTR,#SampleApp_P2P_DstAddr + 8
   \   000053   7402         MOV     A,#0x2
   \   000055   F0           MOVX    @DPTR,A
    223            SampleApp_P2P_DstAddr.endPoint = SAMPLEAPP_ENDPOINT_;
   \   000056   A3           INC     DPTR
   \   000057   7414         MOV     A,#0x14
   \   000059   F0           MOVX    @DPTR,A
    224            SampleApp_P2P_DstAddr.addr.shortAddr = 0x0000;
   \   00005A   90....       MOV     DPTR,#SampleApp_P2P_DstAddr
   \   00005D   E4           CLR     A
   \   00005E   F0           MOVX    @DPTR,A
   \   00005F   A3           INC     DPTR
   \   000060   F0           MOVX    @DPTR,A
    225            
    226            // Fill out the endpoint description.
    227            SampleApp_epDesc.endPoint = SAMPLEAPP_ENDPOINT;
   \   000061   90....       MOV     DPTR,#SampleApp_epDesc
   \   000064   7415         MOV     A,#0x15
   \   000066   F0           MOVX    @DPTR,A
    228            SampleApp_epDesc.task_id = &SampleApp_TaskID;
   \   000067   A3           INC     DPTR
   \   000068   74..         MOV     A,#SampleApp_TaskID & 0xff
   \   00006A   F0           MOVX    @DPTR,A
   \   00006B   A3           INC     DPTR
   \   00006C   74..         MOV     A,#(SampleApp_TaskID >> 8) & 0xff
   \   00006E   F0           MOVX    @DPTR,A
    229            SampleApp_epDesc.simpleDesc
    230                      = (SimpleDescriptionFormat_t *)&SampleApp_SimpleDesc;
   \   00006F   A3           INC     DPTR
   \   000070   74..         MOV     A,#SampleApp_SimpleDesc & 0xff
   \   000072   F0           MOVX    @DPTR,A
   \   000073   A3           INC     DPTR
   \   000074   74..         MOV     A,#(SampleApp_SimpleDesc >> 8) & 0xff
   \   000076   F0           MOVX    @DPTR,A
    231            SampleApp_epDesc.latencyReq = noLatencyReqs;
   \   000077   A3           INC     DPTR
   \   000078   E4           CLR     A
   \   000079   F0           MOVX    @DPTR,A
    232          
    233            // Register the endpoint description with the AF
    234            afRegister( &SampleApp_epDesc );
   \   00007A                ; Setup parameters for call to function afRegister
   \   00007A   7A..         MOV     R2,#SampleApp_epDesc & 0xff
   \   00007C   7B..         MOV     R3,#(SampleApp_epDesc >> 8) & 0xff
   \   00007E   12....       LCALL   ??afRegister?relay
    235          
    236            // Register for all key events - This app will handle all key events
    237            RegisterForKeys( SampleApp_TaskID );
   \   000081                ; Setup parameters for call to function RegisterForKeys
   \   000081   90....       MOV     DPTR,#SampleApp_TaskID
   \   000084   E0           MOVX    A,@DPTR
   \   000085   F9           MOV     R1,A
   \   000086   12....       LCALL   ??RegisterForKeys?relay
    238          
    239            // By default, all devices start out in Group 1
    240            SampleApp_Group.ID = 0x0001;
   \   000089   90....       MOV     DPTR,#SampleApp_Group
   \   00008C   7401         MOV     A,#0x1
   \   00008E   F0           MOVX    @DPTR,A
   \   00008F   A3           INC     DPTR
   \   000090   E4           CLR     A
   \   000091   F0           MOVX    @DPTR,A
    241            osal_memcpy( SampleApp_Group.name, "Group 1", 7  );
   \   000092                ; Setup parameters for call to function osal_memcpy
   \   000092   75....       MOV     ?V0 + 0,#`?<Constant "Group 1">` & 0xff
   \   000095   75....       MOV     ?V0 + 1,#(`?<Constant "Group 1">` >> 8) & 0xff
   \   000098   F5..         MOV     ?V0 + 2,A
   \   00009A   78..         MOV     R0,#?V0 + 0
   \   00009C   12....       LCALL   ?PUSH_XSTACK_I_THREE
   \   00009F   7C07         MOV     R4,#0x7
   \   0000A1   7D00         MOV     R5,#0x0
   \   0000A3   7A..         MOV     R2,#(SampleApp_Group + 2) & 0xff
   \   0000A5   7B..         MOV     R3,#((SampleApp_Group + 2) >> 8) & 0xff
   \   0000A7   12....       LCALL   ??osal_memcpy?relay
   \   0000AA   7403         MOV     A,#0x3
   \   0000AC   12....       LCALL   ?DEALLOC_XSTACK8
    242            aps_AddGroup( SAMPLEAPP_ENDPOINT, &SampleApp_Group );
   \   0000AF                ; Setup parameters for call to function aps_AddGroup
   \   0000AF   7A..         MOV     R2,#SampleApp_Group & 0xff
   \   0000B1   7B..         MOV     R3,#(SampleApp_Group >> 8) & 0xff
   \   0000B3   7915         MOV     R1,#0x15
   \   0000B5   12....       LCALL   ??aps_AddGroup?relay
    243          
    244          #if defined ( LCD_SUPPORTED )
    245            HalLcdWriteString( "SampleApp", HAL_LCD_LINE_1 );
    246          #endif
    247          }
   \   0000B8   7F03         MOV     R7,#0x3
   \   0000BA   02....       LJMP    ?BANKED_LEAVE_XDATA
    248          
    249          /*********************************************************************
    250           * @fn      SampleApp_ProcessEvent
    251           *
    252           * @brief   Generic Application Task event processor.  This function
    253           *          is called to process all events for the task.  Events
    254           *          include timers, messages and any other user defined events.
    255           *
    256           * @param   task_id  - The OSAL assigned task ID.
    257           * @param   events - events to process.  This is a bit map and can
    258           *                   contain more than one event.
    259           *
    260           * @return  none
    261           */

   \                                 In  segment BANKED_CODE, align 1, keep-with-next
    262          uint16 SampleApp_ProcessEvent( uint8 task_id, uint16 events )
   \                     SampleApp_ProcessEvent:
    263          {
   \   000000   74F4         MOV     A,#-0xc
   \   000002   12....       LCALL   ?BANKED_ENTER_XDATA
   \   000005                ; Saved register size: 12
   \   000005                ; Auto size: 0
   \   000005   EA           MOV     A,R2
   \   000006   FE           MOV     R6,A
   \   000007   EB           MOV     A,R3
   \   000008   FF           MOV     R7,A
    264            afIncomingMSGPacket_t *MSGpkt;
    265            (void)task_id;  // Intentionally unreferenced parameter
    266          
    267            if ( events & SYS_EVENT_MSG )
   \   000009   5480         ANL     A,#0x80
   \   00000B   6074         JZ      ??SampleApp_ProcessEvent_0
    268            {
    269              MSGpkt = (afIncomingMSGPacket_t *)osal_msg_receive( SampleApp_TaskID );
   \   00000D                ; Setup parameters for call to function osal_msg_receive
   \   00000D   8026         SJMP    ??SampleApp_ProcessEvent_1
    270              while ( MSGpkt )
    271              {
    272                switch ( MSGpkt->hdr.event )
    273                {
    274                  // Received when a key is pressed
    275                  case KEY_CHANGE:
    276                    SampleApp_HandleKeys( ((keyChange_t *)MSGpkt)->state, ((keyChange_t *)MSGpkt)->keys );
    277                    break;
    278          
    279                  // Received when a messages is received (OTA) for this endpoint
    280                  case AF_INCOMING_MSG_CMD:
    281                    SampleApp_MessageMSGCB( MSGpkt );
    282                    break;
    283          
    284                  // Received whenever the device changes state in the network
    285                  case ZDO_STATE_CHANGE:
    286                    SampleApp_NwkState = (devStates_t)(MSGpkt->hdr.status);
   \                     ??SampleApp_ProcessEvent_2:
   \   00000F   A3           INC     DPTR
   \   000010   E0           MOVX    A,@DPTR
   \   000011   90....       MOV     DPTR,#SampleApp_NwkState
   \   000014   F0           MOVX    @DPTR,A
    287                    if ( (SampleApp_NwkState == DEV_ZB_COORD)
    288                        || (SampleApp_NwkState == DEV_ROUTER)
    289          //              || (SampleApp_NwkState == DEV_END_DEVICE) 
    290                          )
   \   000015   6409         XRL     A,#0x9
   \   000017   6005         JZ      ??SampleApp_ProcessEvent_3
   \   000019   E0           MOVX    A,@DPTR
   \   00001A   6407         XRL     A,#0x7
   \   00001C   7010         JNZ     ??SampleApp_ProcessEvent_4
    291                    {
    292                      // Start sending the periodic message in a regular interval.
    293                      osal_start_timerEx( SampleApp_TaskID,
    294                                        SAMPLEAPP_SEND_PERIODIC_MSG_EVT,
    295                                        SAMPLEAPP_SEND_PERIODIC_MSG_TIMEOUT );
   \                     ??SampleApp_ProcessEvent_3:
   \   00001E                ; Setup parameters for call to function osal_start_timerEx
   \   00001E   7CB8         MOV     R4,#-0x48
   \   000020   7D0B         MOV     R5,#0xb
   \   000022   7A01         MOV     R2,#0x1
   \   000024   7B00         MOV     R3,#0x0
   \   000026   90....       MOV     DPTR,#SampleApp_TaskID
   \   000029   E0           MOVX    A,@DPTR
   \   00002A   F9           MOV     R1,A
   \   00002B   12....       LCALL   ??osal_start_timerEx?relay
    296                    }
    297                    else
    298                    {
    299                      // Device is no longer in the network
    300                    }
    301                    break;
    302          
    303                  default:
    304                    break;
    305                }
    306          
    307                // Release the memory
    308                osal_msg_deallocate( (uint8 *)MSGpkt );
   \                     ??SampleApp_ProcessEvent_4:
   \   00002E                ; Setup parameters for call to function osal_msg_deallocate
   \   00002E   AA..         MOV     R2,?V0 + 0
   \   000030   AB..         MOV     R3,?V0 + 1
   \   000032   12....       LCALL   ??osal_msg_deallocate?relay
    309          
    310                // Next - if one is available
    311                MSGpkt = (afIncomingMSGPacket_t *)osal_msg_receive( SampleApp_TaskID );
   \   000035                ; Setup parameters for call to function osal_msg_receive
   \                     ??SampleApp_ProcessEvent_1:
   \   000035   90....       MOV     DPTR,#SampleApp_TaskID
   \   000038   E0           MOVX    A,@DPTR
   \   000039   F9           MOV     R1,A
   \   00003A   12....       LCALL   ??osal_msg_receive?relay
   \   00003D   8A..         MOV     ?V0 + 0,R2
   \   00003F   8B..         MOV     ?V0 + 1,R3
   \   000041   E5..         MOV     A,?V0 + 0
   \   000043   45..         ORL     A,?V0 + 1
   \   000045   6032         JZ      ??SampleApp_ProcessEvent_5
   \   000047   85..82       MOV     DPL,?V0 + 0
   \   00004A   85..83       MOV     DPH,?V0 + 1
   \   00004D   E0           MOVX    A,@DPTR
   \   00004E   24E6         ADD     A,#-0x1a
   \   000050   601E         JZ      ??SampleApp_ProcessEvent_6
   \   000052   245A         ADD     A,#0x5a
   \   000054   6006         JZ      ??SampleApp_ProcessEvent_7
   \   000056   24EF         ADD     A,#-0x11
   \   000058   60B5         JZ      ??SampleApp_ProcessEvent_2
   \   00005A   80D2         SJMP    ??SampleApp_ProcessEvent_4
   \                     ??SampleApp_ProcessEvent_7:
   \   00005C                ; Setup parameters for call to function SampleApp_HandleKeys
   \   00005C   A3           INC     DPTR
   \   00005D   A3           INC     DPTR
   \   00005E   A3           INC     DPTR
   \   00005F   E0           MOVX    A,@DPTR
   \   000060   FA           MOV     R2,A
   \   000061   85..82       MOV     DPL,?V0 + 0
   \   000064   85..83       MOV     DPH,?V0 + 1
   \   000067   A3           INC     DPTR
   \   000068   A3           INC     DPTR
   \   000069   E0           MOVX    A,@DPTR
   \   00006A   F9           MOV     R1,A
   \   00006B   12....       LCALL   ??SampleApp_HandleKeys?relay
   \   00006E   80BE         SJMP    ??SampleApp_ProcessEvent_4
   \                     ??SampleApp_ProcessEvent_6:
   \   000070                ; Setup parameters for call to function SampleApp_MessageMSGCB
   \   000070   AA..         MOV     R2,?V0 + 0
   \   000072   AB..         MOV     R3,?V0 + 1
   \   000074   12....       LCALL   ??SampleApp_MessageMSGCB?relay
   \   000077   80B5         SJMP    ??SampleApp_ProcessEvent_4
    312              }
    313          
    314              // return unprocessed events
    315              return (events ^ SYS_EVENT_MSG);
   \                     ??SampleApp_ProcessEvent_5:
   \   000079   EE           MOV     A,R6
   \   00007A   FA           MOV     R2,A
   \   00007B   EF           MOV     A,R7
   \   00007C   6480         XRL     A,#0x80
   \                     ??SampleApp_ProcessEvent_8:
   \   00007E   FB           MOV     R3,A
   \   00007F   802A         SJMP    ??SampleApp_ProcessEvent_9
    316            }
    317          
    318            // Send a message out - This event is generated by a timer
    319            //  (setup in SampleApp_Init()).
    320            if ( events & SAMPLEAPP_SEND_PERIODIC_MSG_EVT )
   \                     ??SampleApp_ProcessEvent_0:
   \   000081   EE           MOV     A,R6
   \   000082   A2E0         MOV     C,0xE0 /* A   */.0
   \   000084   5021         JNC     ??SampleApp_ProcessEvent_10
    321            {
    322              // Send the periodic message
    323              //SampleApp_SendPeriodicMessage();
    324          //#if defined coor
    325          //    SampleApp_Send_P2P_Message();
    326          //#endif
    327              SampleApp_Send_P2P_Message();
   \   000086                ; Setup parameters for call to function SampleApp_Send_P2P_Message
   \   000086   12....       LCALL   ??SampleApp_Send_P2P_Message?relay
    328              // Setup to send message again in normal period (+ a little jitter)
    329              osal_start_timerEx( SampleApp_TaskID, SAMPLEAPP_SEND_PERIODIC_MSG_EVT,
    330                  (SAMPLEAPP_SEND_PERIODIC_MSG_TIMEOUT + (osal_rand() & 0x00FF)) );
   \   000089                ; Setup parameters for call to function osal_rand
   \   000089   12....       LCALL   ??osal_rand?relay
   \   00008C                ; Setup parameters for call to function osal_start_timerEx
   \   00008C   EA           MOV     A,R2
   \   00008D   24B8         ADD     A,#-0x48
   \   00008F   FC           MOV     R4,A
   \   000090   E4           CLR     A
   \   000091   340B         ADDC    A,#0xb
   \   000093   FD           MOV     R5,A
   \   000094   7A01         MOV     R2,#0x1
   \   000096   7B00         MOV     R3,#0x0
   \   000098   90....       MOV     DPTR,#SampleApp_TaskID
   \   00009B   E0           MOVX    A,@DPTR
   \   00009C   F9           MOV     R1,A
   \   00009D   12....       LCALL   ??osal_start_timerEx?relay
    331          
    332              // return unprocessed events
    333              return (events ^ SAMPLEAPP_SEND_PERIODIC_MSG_EVT);
   \   0000A0   EE           MOV     A,R6
   \   0000A1   6401         XRL     A,#0x1
   \   0000A3   FA           MOV     R2,A
   \   0000A4   EF           MOV     A,R7
   \   0000A5   80D7         SJMP    ??SampleApp_ProcessEvent_8
    334            }
    335          
    336            // Discard unknown events
    337            return 0;
   \                     ??SampleApp_ProcessEvent_10:
   \   0000A7   7A00         MOV     R2,#0x0
   \   0000A9   7B00         MOV     R3,#0x0
   \                     ??SampleApp_ProcessEvent_9:
   \   0000AB   7F04         MOV     R7,#0x4
   \   0000AD   02....       LJMP    ?BANKED_LEAVE_XDATA
    338          }
    339          
    340          /*********************************************************************
    341           * Event Generation Functions
    342           */
    343          /*********************************************************************
    344           * @fn      SampleApp_HandleKeys
    345           *
    346           * @brief   Handles all key events for this device.
    347           *
    348           * @param   shift - true if in shift/alt.
    349           * @param   keys - bit field for key events. Valid entries:
    350           *                 HAL_KEY_SW_2
    351           *                 HAL_KEY_SW_1
    352           *
    353           * @return  none
    354           */

   \                                 In  segment BANKED_CODE, align 1, keep-with-next
    355          void SampleApp_HandleKeys( uint8 shift, uint8 keys )
   \                     SampleApp_HandleKeys:
    356          {
   \   000000   74F6         MOV     A,#-0xa
   \   000002   12....       LCALL   ?BANKED_ENTER_XDATA
   \   000005                ; Saved register size: 10
   \   000005                ; Auto size: 0
   \   000005   EA           MOV     A,R2
   \   000006   FE           MOV     R6,A
    357            (void)shift;  // Intentionally unreferenced parameter
    358            
    359            if ( keys & HAL_KEY_SW_1 )
   \   000007   A2E0         MOV     C,0xE0 /* A   */.0
   \   000009   5007         JNC     ??SampleApp_HandleKeys_0
    360            {
    361              /* This key sends the Flash Command is sent to Group 1.
    362               * This device will not receive the Flash Command from this
    363               * device (even if it belongs to group 1).
    364               */
    365              SampleApp_SendFlashMessage( SAMPLEAPP_FLASH_DURATION );
   \   00000B                ; Setup parameters for call to function SampleApp_SendFlashMessage
   \   00000B   7AE8         MOV     R2,#-0x18
   \   00000D   7B03         MOV     R3,#0x3
   \   00000F   12....       LCALL   ??SampleApp_SendFlashMessage?relay
    366            }
    367          
    368            if ( keys & HAL_KEY_SW_2 )
   \                     ??SampleApp_HandleKeys_0:
   \   000012   EE           MOV     A,R6
   \   000013   A2E1         MOV     C,0xE0 /* A   */.1
   \   000015   5024         JNC     ??SampleApp_HandleKeys_1
    369            {
    370              /* The Flashr Command is sent to Group 1.
    371               * This key toggles this device in and out of group 1.
    372               * If this device doesn't belong to group 1, this application
    373               * will not receive the Flash command sent to group 1.
    374               */
    375              aps_Group_t *grp;
    376              grp = aps_FindGroup( SAMPLEAPP_ENDPOINT, SAMPLEAPP_FLASH_GROUP );
    377              if ( grp )
   \   000017                ; Setup parameters for call to function aps_FindGroup
   \   000017   7A01         MOV     R2,#0x1
   \   000019   7B00         MOV     R3,#0x0
   \   00001B   7915         MOV     R1,#0x15
   \   00001D   12....       LCALL   ??aps_FindGroup?relay
   \   000020   8B..         MOV     ?V0 + 1,R3
   \   000022   EA           MOV     A,R2
   \   000023   45..         ORL     A,?V0 + 1
   \   000025   600B         JZ      ??SampleApp_HandleKeys_2
    378              {
    379                // Remove from the group
    380                aps_RemoveGroup( SAMPLEAPP_ENDPOINT, SAMPLEAPP_FLASH_GROUP );
   \   000027                ; Setup parameters for call to function aps_RemoveGroup
   \   000027   7A01         MOV     R2,#0x1
   \   000029   7B00         MOV     R3,#0x0
   \   00002B   7915         MOV     R1,#0x15
   \   00002D   12....       LCALL   ??aps_RemoveGroup?relay
   \   000030   8009         SJMP    ??SampleApp_HandleKeys_1
    381              }
    382              else
    383              {
    384                // Add to the flash group
    385                aps_AddGroup( SAMPLEAPP_ENDPOINT, &SampleApp_Group );
   \                     ??SampleApp_HandleKeys_2:
   \   000032                ; Setup parameters for call to function aps_AddGroup
   \   000032   7A..         MOV     R2,#SampleApp_Group & 0xff
   \   000034   7B..         MOV     R3,#(SampleApp_Group >> 8) & 0xff
   \   000036   7915         MOV     R1,#0x15
   \   000038   12....       LCALL   ??aps_AddGroup?relay
    386              }
    387            }
    388          }
   \                     ??SampleApp_HandleKeys_1:
   \   00003B   02....       LJMP    ??Subroutine5_0 & 0xFFFF

   \                                 In  segment BANKED_CODE, align 1, keep-with-next
   \                     ??Subroutine5_0:
   \   000000   7F02         MOV     R7,#0x2
   \   000002   02....       LJMP    ?BANKED_LEAVE_XDATA
    389          
    390          /*********************************************************************
    391           * LOCAL FUNCTIONS
    392           */
    393          
    394          /*********************************************************************
    395           * @fn      SampleApp_MessageMSGCB
    396           *
    397           * @brief   Data message processor callback.  This function processes
    398           *          any incoming data - probably from other devices.  So, based
    399           *          on cluster ID, perform the intended action.
    400           *
    401           * @param   none
    402           *
    403           * @return  none
    404           */

   \                                 In  segment BANKED_CODE, align 1, keep-with-next
    405          void SampleApp_MessageMSGCB( afIncomingMSGPacket_t *pkt )
   \                     SampleApp_MessageMSGCB:
    406          {
   \   000000   74F6         MOV     A,#-0xa
   \   000002   12....       LCALL   ?BANKED_ENTER_XDATA
   \   000005                ; Saved register size: 10
   \   000005                ; Auto size: 0
    407            uint16 flashTime;
    408          
    409            switch ( pkt->clusterId )
   \   000005   8A82         MOV     DPL,R2
   \   000007   8B83         MOV     DPH,R3
   \   000009   A3           INC     DPTR
   \   00000A   A3           INC     DPTR
   \   00000B   A3           INC     DPTR
   \   00000C   A3           INC     DPTR
   \   00000D   E0           MOVX    A,@DPTR
   \   00000E   F5..         MOV     ?V0 + 0,A
   \   000010   A3           INC     DPTR
   \   000011   E0           MOVX    A,@DPTR
   \   000012   F5..         MOV     ?V0 + 1,A
   \   000014   78..         MOV     R0,#?V0 + 0
   \   000016   12....       LCALL   ?US_SWITCH_DENSE
   \                     `?<Jumptable for SampleApp_MessageMSGCB>_0`:
   \   000019   0200         DW        2
   \   00001B   02           DB        2
   \   00001C   ....         DW        ??SampleApp_MessageMSGCB_0
   \   00001E   ....         DW        ??SampleApp_MessageMSGCB_1
   \   000020   ....         DW        ??SampleApp_MessageMSGCB_0
   \   000022   ....         DW        ??SampleApp_MessageMSGCB_2
    410            {
    411              case SAMPLEAPP_P2P_CLUSTERID:
    412          //#if defined coor
    413          //      HalUARTWrite(0, "Rx:", 3);       //提示接收到数据
    414          //      HalUARTWrite(0, pkt->cmd.Data, pkt->cmd.DataLength); //串口输出接收到的数据
    415          ////      HalUARTWrite(0, pkt->srcAddr, 4);         // 回车换行
    416          //      HalUARTWrite(0, "\n", 1);
    417          //#else 
    418          //      HalUARTWrite(0, pkt->cmd.Data, pkt->cmd.DataLength);
    419          //      HalUARTWrite(0, "\n", 1);
    420          //      if(pkt->cmd.Data == "hello")
    421          //      SampleApp_Send_P2P_Message();
    422          //#endif
    423                HalUARTWrite(0, pkt->cmd.Data, pkt->cmd.DataLength);
   \                     ??SampleApp_MessageMSGCB_2:
   \   000024                ; Setup parameters for call to function HalUARTWrite
   \   000024   EA           MOV     A,R2
   \   000025   2420         ADD     A,#0x20
   \   000027   F582         MOV     DPL,A
   \   000029   EB           MOV     A,R3
   \   00002A   3400         ADDC    A,#0x0
   \   00002C   F583         MOV     DPH,A
   \   00002E   E0           MOVX    A,@DPTR
   \   00002F   FC           MOV     R4,A
   \   000030   A3           INC     DPTR
   \   000031   E0           MOVX    A,@DPTR
   \   000032   FD           MOV     R5,A
   \   000033   12....       LCALL   ?Subroutine3 & 0xFFFF
   \                     ??CrossCallReturnLabel_4:
   \   000036   FA           MOV     R2,A
   \   000037   A3           INC     DPTR
   \   000038   E0           MOVX    A,@DPTR
   \   000039   FB           MOV     R3,A
   \   00003A   7900         MOV     R1,#0x0
   \   00003C   12....       LCALL   ??HalUARTWrite?relay
    424                HalUARTWrite(0, "\n", 1);
   \   00003F                ; Setup parameters for call to function HalUARTWrite
   \   00003F   7C01         MOV     R4,#0x1
   \   000041   7D00         MOV     R5,#0x0
   \   000043   7A..         MOV     R2,#`?<Constant "\\n">` & 0xff
   \   000045   7B..         MOV     R3,#(`?<Constant "\\n">` >> 8) & 0xff
   \   000047   7900         MOV     R1,#0x0
   \   000049   12....       LCALL   ??HalUARTWrite?relay
    425                break;  
   \   00004C   8033         SJMP    ??SampleApp_MessageMSGCB_0
    426                
    427              case SAMPLEAPP_PERIODIC_CLUSTERID:
    428                break;
    429          
    430              case SAMPLEAPP_FLASH_CLUSTERID:
    431                flashTime = BUILD_UINT16(pkt->cmd.Data[1], pkt->cmd.Data[2] );
    432                HalLedBlink( HAL_LED_4, 4, 50, (flashTime / 4) );
   \                     ??SampleApp_MessageMSGCB_1:
   \   00004E   12....       LCALL   ?Subroutine3 & 0xFFFF
   \                     ??CrossCallReturnLabel_5:
   \   000051   F8           MOV     R0,A
   \   000052   A3           INC     DPTR
   \   000053   E0           MOVX    A,@DPTR
   \   000054   F9           MOV     R1,A
   \   000055                ; Setup parameters for call to function HalLedBlink
   \   000055   8882         MOV     DPL,R0
   \   000057   8983         MOV     DPH,R1
   \   000059   A3           INC     DPTR
   \   00005A   E0           MOVX    A,@DPTR
   \   00005B   FA           MOV     R2,A
   \   00005C   8882         MOV     DPL,R0
   \   00005E   8983         MOV     DPH,R1
   \   000060   A3           INC     DPTR
   \   000061   A3           INC     DPTR
   \   000062   E0           MOVX    A,@DPTR
   \   000063   F9           MOV     R1,A
   \   000064   EA           MOV     A,R2
   \   000065   2400         ADD     A,#0x0
   \   000067   F5..         MOV     ?V0 + 0,A
   \   000069   E4           CLR     A
   \   00006A   39           ADDC    A,R1
   \   00006B   F5..         MOV     ?V0 + 1,A
   \   00006D   7402         MOV     A,#0x2
   \   00006F   78..         MOV     R0,#?V0 + 0
   \   000071   12....       LCALL   ?US_SHR
   \   000074   AC..         MOV     R4,?V0 + 0
   \   000076   AD..         MOV     R5,?V0 + 1
   \   000078   7B32         MOV     R3,#0x32
   \   00007A   7A04         MOV     R2,#0x4
   \   00007C   7908         MOV     R1,#0x8
   \   00007E   12....       LCALL   ??HalLedBlink?relay
    433                break;
    434            }
    435          }
   \                     ??SampleApp_MessageMSGCB_0:
   \   000081   02....       LJMP    ??Subroutine5_0 & 0xFFFF

   \                                 In  segment BANKED_CODE, align 1, keep-with-next
   \                     ?Subroutine3:
   \   000000   EA           MOV     A,R2
   \   000001   2422         ADD     A,#0x22
   \   000003   F582         MOV     DPL,A
   \   000005   EB           MOV     A,R3
   \   000006   3400         ADDC    A,#0x0
   \   000008   F583         MOV     DPH,A
   \   00000A   E0           MOVX    A,@DPTR
   \   00000B   22           RET
    436          
    437          /*********************************************************************
    438           * @fn      SampleApp_SendPeriodicMessage
    439           *
    440           * @brief   Send the periodic message.
    441           *
    442           * @param   none
    443           *
    444           * @return  none
    445           */

   \                                 In  segment BANKED_CODE, align 1, keep-with-next
    446          void SampleApp_SendPeriodicMessage( void )
   \                     SampleApp_SendPeriodicMessage:
    447          {
   \   000000   74F6         MOV     A,#-0xa
   \   000002   12....       LCALL   ?BANKED_ENTER_XDATA
   \   000005                ; Saved register size: 10
   \   000005                ; Auto size: 0
    448            if ( AF_DataRequest( &SampleApp_Periodic_DstAddr, &SampleApp_epDesc,
    449                                 SAMPLEAPP_PERIODIC_CLUSTERID,
    450                                 1,
    451                                 (uint8*)&SampleAppPeriodicCounter,
    452                                 &SampleApp_TransID,
    453                                 AF_DISCV_ROUTE,
    454                                 AF_DEFAULT_RADIUS ) == afStatus_SUCCESS )
   \   000005                ; Setup parameters for call to function AF_DataRequest
   \   000005   75..1E       MOV     ?V0 + 0,#0x1e
   \   000008   78..         MOV     R0,#?V0 + 0
   \   00000A   12....       LCALL   ?PUSH_XSTACK_I_ONE
   \   00000D   75....       MOV     ?V0 + 0,#SampleApp_TransID & 0xff
   \   000010   75....       MOV     ?V0 + 1,#(SampleApp_TransID >> 8) & 0xff
   \   000013   78..         MOV     R0,#?V0 + 0
   \   000015   12....       LCALL   ?PUSH_XSTACK_I_TWO
   \   000018   75....       MOV     ?V0 + 0,#SampleAppPeriodicCounter & 0xff
   \   00001B   75....       MOV     ?V0 + 1,#(SampleAppPeriodicCounter >> 8) & 0xff
   \   00001E   78..         MOV     R0,#?V0 + 0
   \   000020   12....       LCALL   ?PUSH_XSTACK_I_TWO
   \   000023   75..01       MOV     ?V0 + 0,#0x1
   \   000026   75..00       MOV     ?V0 + 1,#0x0
   \   000029   78..         MOV     R0,#?V0 + 0
   \   00002B   12....       LCALL   ?PUSH_XSTACK_I_TWO
   \   00002E   78..         MOV     R0,#?V0 + 0
   \   000030   12....       LCALL   ?PUSH_XSTACK_I_TWO
   \   000033   7920         MOV     R1,#0x20
   \   000035   7C..         MOV     R4,#SampleApp_epDesc & 0xff
   \   000037   7D..         MOV     R5,#(SampleApp_epDesc >> 8) & 0xff
   \   000039   7A..         MOV     R2,#SampleApp_Periodic_DstAddr & 0xff
   \   00003B   7B..         MOV     R3,#(SampleApp_Periodic_DstAddr >> 8) & 0xff
   \   00003D   12....       LCALL   ??Subroutine4_0 & 0xFFFF
   \                     ??CrossCallReturnLabel_9:
   \   000040   02....       LJMP    ?Subroutine0 & 0xFFFF
    455            {
    456            }
    457            else
    458            {
    459              // Error occurred in request to send.
    460            }
    461          }

   \                                 In  segment BANKED_CODE, align 1, keep-with-next
   \                     ??Subroutine4_0:
   \   000000   12....       LCALL   ??AF_DataRequest?relay
   \   000003   7409         MOV     A,#0x9
   \   000005   22           RET

   \                                 In  segment BANKED_CODE, align 1, keep-with-next
   \                     ?Subroutine0:
   \   000000   12....       LCALL   ?DEALLOC_XSTACK8
   \   000003                REQUIRE ??Subroutine5_0
   \   000003                ; // Fall through to label ??Subroutine5_0
    462          
    463          /*********************************************************************
    464           * @fn      SampleApp_SendFlashMessage
    465           *
    466           * @brief   Send the flash message to group 1.
    467           *
    468           * @param   flashTime - in milliseconds
    469           *
    470           * @return  none
    471           */

   \                                 In  segment BANKED_CODE, align 1, keep-with-next
    472          void SampleApp_SendFlashMessage( uint16 flashTime )
   \                     SampleApp_SendFlashMessage:
    473          {
   \   000000   74F6         MOV     A,#-0xa
   \   000002   12....       LCALL   ?BANKED_ENTER_XDATA
   \   000005                ; Saved register size: 10
   \   000005                ; Auto size: 3
   \   000005   74FD         MOV     A,#-0x3
   \   000007   12....       LCALL   ?ALLOC_XSTACK8
    474            uint8 buffer[3];
    475            buffer[0] = (uint8)(SampleAppFlashCounter++);
   \   00000A   90....       MOV     DPTR,#SampleAppFlashCounter
   \   00000D   E0           MOVX    A,@DPTR
   \   00000E   85..82       MOV     DPL,?XSP + 0
   \   000011   85..83       MOV     DPH,?XSP + 1
   \   000014   F0           MOVX    @DPTR,A
   \   000015   90....       MOV     DPTR,#SampleAppFlashCounter
   \   000018   E0           MOVX    A,@DPTR
   \   000019   04           INC     A
   \   00001A   F0           MOVX    @DPTR,A
    476            buffer[1] = LO_UINT16( flashTime );
   \   00001B   7401         MOV     A,#0x1
   \   00001D   12....       LCALL   ?XSTACK_DISP0_8
   \   000020   EA           MOV     A,R2
   \   000021   F0           MOVX    @DPTR,A
    477            buffer[2] = HI_UINT16( flashTime );
   \   000022   7402         MOV     A,#0x2
   \   000024   12....       LCALL   ?XSTACK_DISP0_8
   \   000027   EB           MOV     A,R3
   \   000028   12....       LCALL   ?Subroutine1 & 0xFFFF
    478          
    479            if ( AF_DataRequest( &SampleApp_Flash_DstAddr, &SampleApp_epDesc,
    480                                 SAMPLEAPP_FLASH_CLUSTERID,
    481                                 3,
    482                                 buffer,
    483                                 &SampleApp_TransID,
    484                                 AF_DISCV_ROUTE,
    485                                 AF_DEFAULT_RADIUS ) == afStatus_SUCCESS )
   \                     ??CrossCallReturnLabel_0:
   \   00002B   12....       LCALL   ?PUSH_XSTACK_I_ONE
   \   00002E   75....       MOV     ?V0 + 0,#SampleApp_TransID & 0xff
   \   000031   75....       MOV     ?V0 + 1,#(SampleApp_TransID >> 8) & 0xff
   \   000034   78..         MOV     R0,#?V0 + 0
   \   000036   12....       LCALL   ?PUSH_XSTACK_I_TWO
   \   000039   7403         MOV     A,#0x3
   \   00003B   12....       LCALL   ?XSTACK_DISP0_8
   \   00003E   8582..       MOV     ?V0 + 0,DPL
   \   000041   8583..       MOV     ?V0 + 1,DPH
   \   000044   78..         MOV     R0,#?V0 + 0
   \   000046   12....       LCALL   ?PUSH_XSTACK_I_TWO
   \   000049   75..03       MOV     ?V0 + 0,#0x3
   \   00004C   75..00       MOV     ?V0 + 1,#0x0
   \   00004F   78..         MOV     R0,#?V0 + 0
   \   000051   12....       LCALL   ?PUSH_XSTACK_I_TWO
   \   000054   75..02       MOV     ?V0 + 0,#0x2
   \   000057   78..         MOV     R0,#?V0 + 0
   \   000059   12....       LCALL   ?PUSH_XSTACK_I_TWO
   \   00005C   7920         MOV     R1,#0x20
   \   00005E   7C..         MOV     R4,#SampleApp_epDesc & 0xff
   \   000060   7D..         MOV     R5,#(SampleApp_epDesc >> 8) & 0xff
   \   000062   7A..         MOV     R2,#SampleApp_Flash_DstAddr & 0xff
   \   000064   7B..         MOV     R3,#(SampleApp_Flash_DstAddr >> 8) & 0xff
   \   000066   12....       LCALL   ??Subroutine4_0 & 0xFFFF
   \                     ??CrossCallReturnLabel_10:
   \   000069   12....       LCALL   ?DEALLOC_XSTACK8
    486            {
    487            }
    488            else
    489            {
    490              // Error occurred in request to send.
    491            }
    492          }
   \   00006C   7403         MOV     A,#0x3
   \   00006E   02....       LJMP    ?Subroutine0 & 0xFFFF

   \                                 In  segment BANKED_CODE, align 1, keep-with-next
   \                     ?Subroutine1:
   \   000000   F0           MOVX    @DPTR,A
   \   000001                ; Setup parameters for call to function AF_DataRequest
   \   000001                ; Setup parameters for call to function AF_DataRequest
   \   000001                ; Setup parameters for call to function AF_DataRequest
   \   000001                ; Setup parameters for call to function AF_DataRequest
   \   000001   75..1E       MOV     ?V0 + 0,#0x1e
   \   000004   78..         MOV     R0,#?V0 + 0
   \   000006   22           RET
    493          

   \                                 In  segment BANKED_CODE, align 1, keep-with-next
   \                     ?Subroutine2:
   \   000000   7920         MOV     R1,#0x20
   \   000002   7C..         MOV     R4,#SampleApp_epDesc & 0xff
   \   000004   7D..         MOV     R5,#(SampleApp_epDesc >> 8) & 0xff
   \   000006   7A..         MOV     R2,#SampleApp_P2P_DstAddr & 0xff
   \   000008   7B..         MOV     R3,#(SampleApp_P2P_DstAddr >> 8) & 0xff
   \   00000A                REQUIRE ??Subroutine4_0
   \   00000A                ; // Fall through to label ??Subroutine4_0

   \                                 In  segment BANKED_CODE, align 1, keep-with-next
    494          void SampleApp_Send_P2P_Message( void ) 
   \                     SampleApp_Send_P2P_Message:
    495          { 
   \   000000   74F6         MOV     A,#-0xa
   \   000002   12....       LCALL   ?BANKED_ENTER_XDATA
   \   000005                ; Saved register size: 10
   \   000005                ; Auto size: 6
   \   000005   74FA         MOV     A,#-0x6
   \   000007   12....       LCALL   ?ALLOC_XSTACK8
    496          //#ifdef coor
    497            byte temp[] = "hello"; 
   \   00000A   85..82       MOV     DPL,?XSP + 0
   \   00000D   85..83       MOV     DPH,?XSP + 1
   \   000010   AC82         MOV     R4,DPL
   \   000012   AD83         MOV     R5,DPH
   \   000014   7583..       MOV     DPH,#(`?<Constant "hello">` >> 8) & 0xff
   \   000017   7582..       MOV     DPL,#`?<Constant "hello">` & 0xff
   \   00001A   7406         MOV     A,#0x6
   \   00001C   12....       LCALL   ?MOVE_LONG8_XDATA_XDATA
    498            SampleApp_P2P_DstAddr.endPoint = SAMPLEAPP_ENDPOINT1;
   \   00001F   90....       MOV     DPTR,#SampleApp_P2P_DstAddr + 9
   \   000022   7415         MOV     A,#0x15
   \   000024   12....       LCALL   ?Subroutine1 & 0xFFFF
    499            if ( AF_DataRequest( &SampleApp_P2P_DstAddr, &SampleApp_epDesc, 
    500                                  SAMPLEAPP_P2P_CLUSTERID, 
    501                                  5, 
    502                                  temp, 
    503                                  &SampleApp_TransID, 
    504                                  AF_DISCV_ROUTE, 
    505                                  AF_DEFAULT_RADIUS ) == afStatus_SUCCESS ) 
   \                     ??CrossCallReturnLabel_1:
   \   000027   12....       LCALL   ?PUSH_XSTACK_I_ONE
   \   00002A   75....       MOV     ?V0 + 0,#SampleApp_TransID & 0xff
   \   00002D   75....       MOV     ?V0 + 1,#(SampleApp_TransID >> 8) & 0xff
   \   000030   78..         MOV     R0,#?V0 + 0
   \   000032   12....       LCALL   ?PUSH_XSTACK_I_TWO
   \   000035   7403         MOV     A,#0x3
   \   000037   12....       LCALL   ?XSTACK_DISP0_8
   \   00003A   8582..       MOV     ?V0 + 0,DPL
   \   00003D   8583..       MOV     ?V0 + 1,DPH
   \   000040   78..         MOV     R0,#?V0 + 0
   \   000042   12....       LCALL   ?PUSH_XSTACK_I_TWO
   \   000045   75..05       MOV     ?V0 + 0,#0x5
   \   000048   75..00       MOV     ?V0 + 1,#0x0
   \   00004B   78..         MOV     R0,#?V0 + 0
   \   00004D   12....       LCALL   ?PUSH_XSTACK_I_TWO
   \   000050   75..04       MOV     ?V0 + 0,#0x4
   \   000053   78..         MOV     R0,#?V0 + 0
   \   000055   12....       LCALL   ?PUSH_XSTACK_I_TWO
   \   000058   12....       LCALL   ?Subroutine2 & 0xFFFF
   \                     ??CrossCallReturnLabel_6:
   \   00005B   12....       LCALL   ?DEALLOC_XSTACK8
    506            { 
    507            }
    508            
    509            SampleApp_P2P_DstAddr.endPoint = SAMPLEAPP_ENDPOINT2;
   \   00005E   90....       MOV     DPTR,#SampleApp_P2P_DstAddr + 9
   \   000061   7416         MOV     A,#0x16
   \   000063   12....       LCALL   ?Subroutine1 & 0xFFFF
    510            if ( AF_DataRequest( &SampleApp_P2P_DstAddr, &SampleApp_epDesc, 
    511                                  SAMPLEAPP_P2P_CLUSTERID, 
    512                                  5, 
    513                                  temp, 
    514                                  &SampleApp_TransID, 
    515                                  AF_DISCV_ROUTE, 
    516                                  AF_DEFAULT_RADIUS ) == afStatus_SUCCESS ) 
   \                     ??CrossCallReturnLabel_2:
   \   000066   12....       LCALL   ?PUSH_XSTACK_I_ONE
   \   000069   75....       MOV     ?V0 + 0,#SampleApp_TransID & 0xff
   \   00006C   75....       MOV     ?V0 + 1,#(SampleApp_TransID >> 8) & 0xff
   \   00006F   78..         MOV     R0,#?V0 + 0
   \   000071   12....       LCALL   ?PUSH_XSTACK_I_TWO
   \   000074   7403         MOV     A,#0x3
   \   000076   12....       LCALL   ?XSTACK_DISP0_8
   \   000079   8582..       MOV     ?V0 + 0,DPL
   \   00007C   8583..       MOV     ?V0 + 1,DPH
   \   00007F   78..         MOV     R0,#?V0 + 0
   \   000081   12....       LCALL   ?PUSH_XSTACK_I_TWO
   \   000084   75..05       MOV     ?V0 + 0,#0x5
   \   000087   75..00       MOV     ?V0 + 1,#0x0
   \   00008A   78..         MOV     R0,#?V0 + 0
   \   00008C   12....       LCALL   ?PUSH_XSTACK_I_TWO
   \   00008F   75..04       MOV     ?V0 + 0,#0x4
   \   000092   78..         MOV     R0,#?V0 + 0
   \   000094   12....       LCALL   ?PUSH_XSTACK_I_TWO
   \   000097   12....       LCALL   ?Subroutine2 & 0xFFFF
   \                     ??CrossCallReturnLabel_7:
   \   00009A   12....       LCALL   ?DEALLOC_XSTACK8
    517            { 
    518            }
    519            
    520            SampleApp_P2P_DstAddr.endPoint = SAMPLEAPP_ENDPOINT3;
   \   00009D   90....       MOV     DPTR,#SampleApp_P2P_DstAddr + 9
   \   0000A0   7417         MOV     A,#0x17
   \   0000A2   12....       LCALL   ?Subroutine1 & 0xFFFF
    521            if ( AF_DataRequest( &SampleApp_P2P_DstAddr, &SampleApp_epDesc, 
    522                                  SAMPLEAPP_P2P_CLUSTERID, 
    523                                  5, 
    524                                  temp, 
    525                                  &SampleApp_TransID, 
    526                                  AF_DISCV_ROUTE, 
    527                                  AF_DEFAULT_RADIUS ) == afStatus_SUCCESS ) 
   \                     ??CrossCallReturnLabel_3:
   \   0000A5   12....       LCALL   ?PUSH_XSTACK_I_ONE
   \   0000A8   75....       MOV     ?V0 + 0,#SampleApp_TransID & 0xff
   \   0000AB   75....       MOV     ?V0 + 1,#(SampleApp_TransID >> 8) & 0xff
   \   0000AE   78..         MOV     R0,#?V0 + 0
   \   0000B0   12....       LCALL   ?PUSH_XSTACK_I_TWO
   \   0000B3   7403         MOV     A,#0x3
   \   0000B5   12....       LCALL   ?XSTACK_DISP0_8
   \   0000B8   8582..       MOV     ?V0 + 0,DPL
   \   0000BB   8583..       MOV     ?V0 + 1,DPH
   \   0000BE   78..         MOV     R0,#?V0 + 0
   \   0000C0   12....       LCALL   ?PUSH_XSTACK_I_TWO
   \   0000C3   75..05       MOV     ?V0 + 0,#0x5
   \   0000C6   75..00       MOV     ?V0 + 1,#0x0
   \   0000C9   78..         MOV     R0,#?V0 + 0
   \   0000CB   12....       LCALL   ?PUSH_XSTACK_I_TWO
   \   0000CE   75..04       MOV     ?V0 + 0,#0x4
   \   0000D1   78..         MOV     R0,#?V0 + 0
   \   0000D3   12....       LCALL   ?PUSH_XSTACK_I_TWO
   \   0000D6   12....       LCALL   ?Subroutine2 & 0xFFFF
   \                     ??CrossCallReturnLabel_8:
   \   0000D9   12....       LCALL   ?DEALLOC_XSTACK8
    528            { 
    529            }
    530            
    531          //#else
    532          //  byte  temp[3], humidity[3], strTemp[10];
    533          //  DHT11();             //获取温湿度
    534          //
    535          //  //将温湿度的转换成字符串,供LCD显示  
    536          //  temp[0] = wendu_shi+0x30;
    537          //  temp[1] = wendu_ge+0x30;
    538          //  temp[2] = '\0';
    539          //  humidity[0] = shidu_shi+0x30;
    540          //  humidity[1] = shidu_ge+0x30;
    541          //  humidity[2] = '\0';
    542          //  //将数据整合后方便发给协调器显示
    543          //  osal_memcpy(strTemp, temp, 2); 
    544          //  osal_memcpy(&strTemp[2], "  ", 2);
    545          //  osal_memcpy(&strTemp[4], humidity, 2);
    546          //  osal_memcpy(&strTemp[6], "  ", 2);
    547          //  #if defined end1
    548          //    osal_memcpy(&strTemp[8], "1", 1);
    549          //  #elif defined end2
    550          //    osal_memcpy(&strTemp[8], "2", 1);
    551          //  #elif defined end3
    552          //    osal_memcpy(&strTemp[8], "3", 1);
    553          //  #endif
    554          //
    555          //  if ( AF_DataRequest( &SampleApp_P2P_DstAddr, &SampleApp_epDesc, 
    556          //                        SAMPLEAPP_P2P_CLUSTERID, 
    557          //                        9, 
    558          //                        strTemp, 
    559          //                        &SampleApp_TransID, 
    560          //                        AF_DISCV_ROUTE, 
    561          //                        AF_DEFAULT_RADIUS ) == afStatus_SUCCESS ) 
    562          //  { 
    563          //  }
    564          //#endif
    565          //  
    566          
    567            else 
    568            { 
    569                // Error occurred in request to send. 
    570            } 
    571          } 
   \   0000DC   7406         MOV     A,#0x6
   \   0000DE                REQUIRE ?Subroutine0
   \   0000DE                ; // Fall through to label ?Subroutine0

   \                                 In  segment BANK_RELAYS, align 1
   \                     ??SampleApp_Init?relay:
   \   000000   12....       LCALL   ?BDISPATCH
   \   000003   ......       DC24    SampleApp_Init

   \                                 In  segment BANK_RELAYS, align 1
   \                     ??SampleApp_ProcessEvent?relay:
   \   000000   12....       LCALL   ?BDISPATCH
   \   000003   ......       DC24    SampleApp_ProcessEvent

   \                                 In  segment BANK_RELAYS, align 1
   \                     ??SampleApp_HandleKeys?relay:
   \   000000   12....       LCALL   ?BDISPATCH
   \   000003   ......       DC24    SampleApp_HandleKeys

   \                                 In  segment BANK_RELAYS, align 1
   \                     ??SampleApp_MessageMSGCB?relay:
   \   000000   12....       LCALL   ?BDISPATCH
   \   000003   ......       DC24    SampleApp_MessageMSGCB

   \                                 In  segment BANK_RELAYS, align 1
   \                     ??SampleApp_SendPeriodicMessage?relay:
   \   000000   12....       LCALL   ?BDISPATCH
   \   000003   ......       DC24    SampleApp_SendPeriodicMessage

   \                                 In  segment BANK_RELAYS, align 1
   \                     ??SampleApp_SendFlashMessage?relay:
   \   000000   12....       LCALL   ?BDISPATCH
   \   000003   ......       DC24    SampleApp_SendFlashMessage

   \                                 In  segment BANK_RELAYS, align 1
   \                     ??SampleApp_Send_P2P_Message?relay:
   \   000000   12....       LCALL   ?BDISPATCH
   \   000003   ......       DC24    SampleApp_Send_P2P_Message

   \                                 In  segment XDATA_ROM_C, align 1
   \                     `?<Constant "UartInit OK\\n">`:
   \   000000   55617274     DB "UartInit OK\012"
   \            496E6974
   \            204F4B0A
   \            00      

   \                                 In  segment XDATA_ROM_C, align 1
   \                     `?<Constant "Group 1">`:
   \   000000   47726F75     DB "Group 1"
   \            70203100

   \                                 In  segment XDATA_ROM_C, align 1
   \                     `?<Constant "\\n">`:
   \   000000   0A00         DB "\012"

   \                                 In  segment XDATA_ROM_C, align 1
   \                     `?<Constant "hello">`:
   \   000000   68656C6C     DB "hello"
   \            6F00    
    572          /*********************************************************************
    573          *********************************************************************/

   Maximum stack usage in bytes:

     Function                       ISTACK PSTACK XSTACK
     --------                       ------ ------ ------
     SampleApp_HandleKeys               0      0     22
       -> SampleApp_SendFlashMessage
                                        0      0     20
       -> aps_FindGroup                 0      0     20
       -> aps_RemoveGroup               0      0     20
       -> aps_AddGroup                  0      0     20
     SampleApp_Init                     0      0     14
       -> MT_UartInit                   0      0     22
       -> MT_UartRegisterTaskID         0      0     22
       -> HalUARTWrite                  0      0     22
       -> afRegister                    0      0     22
       -> RegisterForKeys               0      0     22
       -> osal_memcpy                   0      0     28
       -> aps_AddGroup                  0      0     22
     SampleApp_MessageMSGCB             0      0     22
       -> HalUARTWrite                  0      0     20
       -> HalUARTWrite                  0      0     20
       -> HalLedBlink                   0      0     20
     SampleApp_ProcessEvent             0      0     12
       -> osal_msg_receive              0      0     24
       -> osal_start_timerEx            0      0     24
       -> osal_msg_deallocate           0      0     24
       -> osal_msg_receive              0      0     24
       -> SampleApp_HandleKeys          0      0     24
       -> SampleApp_MessageMSGCB        0      0     24
       -> SampleApp_Send_P2P_Message
                                        0      0     24
       -> osal_rand                     0      0     24
       -> osal_start_timerEx            0      0     24
     SampleApp_SendFlashMessage         1      0     32
       -> AF_DataRequest                0      0     44
     SampleApp_SendPeriodicMessage      0      0     19
       -> AF_DataRequest                0      0     38
     SampleApp_Send_P2P_Message         2      0     37
       -> AF_DataRequest                0      0     50
       -> AF_DataRequest                0      0     50
       -> AF_DataRequest                0      0     50


   Segment part sizes:

     Function/Label                        Bytes
     --------------                        -----
     SampleApp_ClusterList                    4
     SampleApp_SimpleDesc                    12
     SampleApp_epDesc                         6
     SampleApp_TaskID                         1
     SampleApp_NwkState                       1
     SampleApp_TransID                        1
     SampleApp_Periodic_DstAddr              12
     SampleApp_Flash_DstAddr                 12
     SampleApp_P2P_DstAddr                   12
     SampleApp_Group                         18
     SampleAppPeriodicCounter                 1
     SampleAppFlashCounter                    1
     SampleApp_Init                         189
     SampleApp_ProcessEvent                 176
     SampleApp_HandleKeys                    62
     ??Subroutine5_0                          5
     SampleApp_MessageMSGCB                 132
     ?Subroutine3                            12
     SampleApp_SendPeriodicMessage           67
     ??Subroutine4_0                          6
     ?Subroutine0                             3
     SampleApp_SendFlashMessage             113
     ?Subroutine1                             7
     ?Subroutine2                            10
     SampleApp_Send_P2P_Message             222
     ??SampleApp_Init?relay                   6
     ??SampleApp_ProcessEvent?relay           6
     ??SampleApp_HandleKeys?relay             6
     ??SampleApp_MessageMSGCB?relay           6
     ??SampleApp_SendPeriodicMessage?relay    6
     ??SampleApp_SendFlashMessage?relay       6
     ??SampleApp_Send_P2P_Message?relay       6
     ?<Constant "UartInit OK\n">             13
     ?<Constant "Group 1">                    8
     ?<Constant "\n">                         2
     ?<Constant "hello">                      6

 
 1 004 bytes in segment BANKED_CODE
    42 bytes in segment BANK_RELAYS
    45 bytes in segment XDATA_ROM_C
    65 bytes in segment XDATA_Z
 
 1 046 bytes of CODE  memory
    45 bytes of CONST memory
    65 bytes of XDATA memory

Errors: none
Warnings: none
