###############################################################################
#                                                                             #
# IAR C/C++ Compiler V8.10.3.10338/W32 for 8051         18/Oct/2016  17:28:06 #
# Copyright 2004-2011 IAR Systems AB.                                         #
#                                                                             #
#    Core               =  plain                                              #
#    Code model         =  banked                                             #
#    Data model         =  large                                              #
#    Calling convention =  xdata reentrant                                    #
#    Constant location  =  data_rom                                           #
#    Dptr setup         =  1,16                                               #
#    Source file        =  C:\Users\icecreamco\Desktop\Distance\EndDvice\Proj #
#                          ects\zstack\Samples\SampleApp\Source\SampleApp.c   #
#    Command line       =  -f C:\Users\icecreamco\Desktop\Distance\EndDvice\P #
#                          rojects\zstack\Samples\SampleApp\CC2530DB\..\..\.. #
#                          \Tools\CC2530DB\f8wEndev.cfg (-DCPU32MHZ           #
#                          -DROOT=__near_func -DMAC_CFG_TX_DATA_MAX=3         #
#                          -DMAC_CFG_TX_MAX=6 -DMAC_CFG_RX_MAX=3) -f          #
#                          C:\Users\icecreamco\Desktop\Distance\EndDvice\Proj #
#                          ects\zstack\Samples\SampleApp\CC2530DB\..\..\..\To #
#                          ols\CC2530DB\f8wConfig.cfg (-DZIGBEEPRO            #
#                          -DSECURE=0 -DZG_SECURE_DYNAMIC=0 -DREFLECTOR       #
#                          -DDEFAULT_CHANLIST=0x00000800                      #
#                          -DZDAPP_CONFIG_PAN_ID=0x1234                       #
#                          -DNWK_START_DELAY=100 -DEXTENDED_JOINING_RANDOM_MA #
#                          SK=0x007F -DBEACON_REQUEST_DELAY=100               #
#                          -DBEACON_REQ_DELAY_MASK=0x00FF                     #
#                          -DLINK_STATUS_JITTER_MASK=0x007F                   #
#                          -DROUTE_EXPIRY_TIME=30 -DAPSC_ACK_WAIT_DURATION_PO #
#                          LLED=3000 -DNWK_INDIRECT_MSG_TIMEOUT=7             #
#                          -DMAX_RREQ_ENTRIES=8 -DAPSC_MAX_FRAME_RETRIES=3    #
#                          -DNWK_MAX_DATA_RETRIES=2                           #
#                          -DMAX_POLL_FAILURE_RETRIES=2 -DMAX_BCAST=9         #
#                          -DAPS_MAX_GROUPS=16 -DMAX_RTG_ENTRIES=40           #
#                          -DNWK_MAX_BINDING_ENTRIES=4                        #
#                          -DMAX_BINDING_CLUSTER_IDS=4 "-DDEFAULT_KEY={0x01,  #
#                          0x03, 0x05, 0x07, 0x09, 0x0B, 0x0D, 0x0F, 0x00,    #
#                          0x02, 0x04, 0x06, 0x08, 0x0A, 0x0C, 0x0D}"         #
#                          -DMAC_MAX_FRAME_SIZE=116                           #
#                          -DZDNWKMGR_MIN_TRANSMISSIONS=20 "-DCONST=const     #
#                          __code" -DGENERIC=__generic                        #
#                          -DRFD_RCVC_ALWAYS_ON=FALSE -DPOLL_RATE=1000        #
#                          -DQUEUED_POLL_RATE=100 -DRESPONSE_POLL_RATE=100)   #
#                          -DREJOIN_POLL_RATE=440 C:\Users\icecreamco\Desktop #
#                          \Distance\EndDvice\Projects\zstack\Samples\SampleA #
#                          pp\Source\SampleApp.c -D xNWK_AUTO_POLL -D         #
#                          ZTOOL_P1 -D AUTO_RESET -D end01 -D xMT_TASK -D     #
#                          xMT_SYS_FUNC -D xMT_ZDO_FUNC -D                    #
#                          xLCD_SUPPORTED=DEBUG -lC                           #
#                          C:\Users\icecreamco\Desktop\Distance\EndDvice\Proj #
#                          ects\zstack\Samples\SampleApp\CC2530DB\EndDeviceEB #
#                          \List\ -lA C:\Users\icecreamco\Desktop\Distance\En #
#                          dDvice\Projects\zstack\Samples\SampleApp\CC2530DB\ #
#                          EndDeviceEB\List\ --diag_suppress Pe001,Pa010 -o   #
#                          C:\Users\icecreamco\Desktop\Distance\EndDvice\Proj #
#                          ects\zstack\Samples\SampleApp\CC2530DB\EndDeviceEB #
#                          \Obj\ -e --no_code_motion --debug --core=plain     #
#                          --dptr=16,1 --data_model=large                     #
#                          --code_model=banked --calling_convention=xdata_ree #
#                          ntrant --place_constants=data_rom                  #
#                          --nr_virtual_regs 16 -I C:\Users\icecreamco\Deskto #
#                          p\Distance\EndDvice\Projects\zstack\Samples\Sample #
#                          App\CC2530DB\ -I C:\Users\icecreamco\Desktop\Dista #
#                          nce\EndDvice\Projects\zstack\Samples\SampleApp\CC2 #
#                          530DB\..\Source\ -I C:\Users\icecreamco\Desktop\Di #
#                          stance\EndDvice\Projects\zstack\Samples\SampleApp\ #
#                          CC2530DB\..\..\..\ZMain\TI2530DB\ -I               #
#                          C:\Users\icecreamco\Desktop\Distance\EndDvice\Proj #
#                          ects\zstack\Samples\SampleApp\CC2530DB\..\..\..\.. #
#                          \..\Components\hal\include\ -I                     #
#                          C:\Users\icecreamco\Desktop\Distance\EndDvice\Proj #
#                          ects\zstack\Samples\SampleApp\CC2530DB\..\..\..\.. #
#                          \..\Components\hal\target\CC2530EB\ -I             #
#                          C:\Users\icecreamco\Desktop\Distance\EndDvice\Proj #
#                          ects\zstack\Samples\SampleApp\CC2530DB\..\..\..\.. #
#                          \..\Components\mac\include\ -I                     #
#                          C:\Users\icecreamco\Desktop\Distance\EndDvice\Proj #
#                          ects\zstack\Samples\SampleApp\CC2530DB\..\..\..\.. #
#                          \..\Components\mac\high_level\ -I                  #
#                          C:\Users\icecreamco\Desktop\Distance\EndDvice\Proj #
#                          ects\zstack\Samples\SampleApp\CC2530DB\..\..\..\.. #
#                          \..\Components\mac\low_level\srf04\ -I             #
#                          C:\Users\icecreamco\Desktop\Distance\EndDvice\Proj #
#                          ects\zstack\Samples\SampleApp\CC2530DB\..\..\..\.. #
#                          \..\Components\mac\low_level\srf04\single_chip\    #
#                          -I C:\Users\icecreamco\Desktop\Distance\EndDvice\P #
#                          rojects\zstack\Samples\SampleApp\CC2530DB\..\..\.. #
#                          \..\..\Components\mt\ -I                           #
#                          C:\Users\icecreamco\Desktop\Distance\EndDvice\Proj #
#                          ects\zstack\Samples\SampleApp\CC2530DB\..\..\..\.. #
#                          \..\Components\osal\include\ -I                    #
#                          C:\Users\icecreamco\Desktop\Distance\EndDvice\Proj #
#                          ects\zstack\Samples\SampleApp\CC2530DB\..\..\..\.. #
#                          \..\Components\services\saddr\ -I                  #
#                          C:\Users\icecreamco\Desktop\Distance\EndDvice\Proj #
#                          ects\zstack\Samples\SampleApp\CC2530DB\..\..\..\.. #
#                          \..\Components\services\sdata\ -I                  #
#                          C:\Users\icecreamco\Desktop\Distance\EndDvice\Proj #
#                          ects\zstack\Samples\SampleApp\CC2530DB\..\..\..\.. #
#                          \..\Components\stack\af\ -I                        #
#                          C:\Users\icecreamco\Desktop\Distance\EndDvice\Proj #
#                          ects\zstack\Samples\SampleApp\CC2530DB\..\..\..\.. #
#                          \..\Components\stack\nwk\ -I                       #
#                          C:\Users\icecreamco\Desktop\Distance\EndDvice\Proj #
#                          ects\zstack\Samples\SampleApp\CC2530DB\..\..\..\.. #
#                          \..\Components\stack\sapi\ -I                      #
#                          C:\Users\icecreamco\Desktop\Distance\EndDvice\Proj #
#                          ects\zstack\Samples\SampleApp\CC2530DB\..\..\..\.. #
#                          \..\Components\stack\sec\ -I                       #
#                          C:\Users\icecreamco\Desktop\Distance\EndDvice\Proj #
#                          ects\zstack\Samples\SampleApp\CC2530DB\..\..\..\.. #
#                          \..\Components\stack\sys\ -I                       #
#                          C:\Users\icecreamco\Desktop\Distance\EndDvice\Proj #
#                          ects\zstack\Samples\SampleApp\CC2530DB\..\..\..\.. #
#                          \..\Components\stack\zdo\ -I                       #
#                          C:\Users\icecreamco\Desktop\Distance\EndDvice\Proj #
#                          ects\zstack\Samples\SampleApp\CC2530DB\..\..\..\.. #
#                          \..\Components\zmac\ -I C:\Users\icecreamco\Deskto #
#                          p\Distance\EndDvice\Projects\zstack\Samples\Sample #
#                          App\CC2530DB\..\..\..\..\..\Components\zmac\f8w\   #
#                          -Ohz --require_prototypes                          #
#    List file          =  C:\Users\icecreamco\Desktop\Distance\EndDvice\Proj #
#                          ects\zstack\Samples\SampleApp\CC2530DB\EndDeviceEB #
#                          \List\SampleApp.lst                                #
#    Object file        =  C:\Users\icecreamco\Desktop\Distance\EndDvice\Proj #
#                          ects\zstack\Samples\SampleApp\CC2530DB\EndDeviceEB #
#                          \Obj\SampleApp.r51                                 #
#                                                                             #
#                                                                             #
###############################################################################

C:\Users\icecreamco\Desktop\Distance\EndDvice\Projects\zstack\Samples\SampleApp\Source\SampleApp.c
      1          /**************************************************************************************************
      2            Filename:       SampleApp.c
      3            Revised:        $Date: 2009-03-18 15:56:27 -0700 (Wed, 18 Mar 2009) $
      4            Revision:       $Revision: 19453 $
      5          
      6            Description:    Sample Application (no Profile).
      7          
      8          
      9            Copyright 2007 Texas Instruments Incorporated. All rights reserved.
     10          
     11            IMPORTANT: Your use of this Software is limited to those specific rights
     12            granted under the terms of a software license agreement between the user
     13            who downloaded the software, his/her employer (which must be your employer)
     14            and Texas Instruments Incorporated (the "License").  You may not use this
     15            Software unless you agree to abide by the terms of the License. The License
     16            limits your use, and you acknowledge, that the Software may not be modified,
     17            copied or distributed unless embedded on a Texas Instruments microcontroller
     18            or used solely and exclusively in conjunction with a Texas Instruments radio
     19            frequency transceiver, which is integrated into your product.  Other than for
     20            the foregoing purpose, you may not use, reproduce, copy, prepare derivative
     21            works of, modify, distribute, perform, display or sell this Software and/or
     22            its documentation for any purpose.
     23          
     24            YOU FURTHER ACKNOWLEDGE AND AGREE THAT THE SOFTWARE AND DOCUMENTATION ARE
     25            PROVIDED AS IS?WITHOUT WARRANTY OF ANY KIND, EITHER EXPRESS OR IMPLIED,
     26            INCLUDING WITHOUT LIMITATION, ANY WARRANTY OF MERCHANTABILITY, TITLE,
     27            NON-INFRINGEMENT AND FITNESS FOR A PARTICULAR PURPOSE. IN NO EVENT SHALL
     28            TEXAS INSTRUMENTS OR ITS LICENSORS BE LIABLE OR OBLIGATED UNDER CONTRACT,
     29            NEGLIGENCE, STRICT LIABILITY, CONTRIBUTION, BREACH OF WARRANTY, OR OTHER
     30            LEGAL EQUITABLE THEORY ANY DIRECT OR INDIRECT DAMAGES OR EXPENSES
     31            INCLUDING BUT NOT LIMITED TO ANY INCIDENTAL, SPECIAL, INDIRECT, PUNITIVE
     32            OR CONSEQUENTIAL DAMAGES, LOST PROFITS OR LOST DATA, COST OF PROCUREMENT
     33            OF SUBSTITUTE GOODS, TECHNOLOGY, SERVICES, OR ANY CLAIMS BY THIRD PARTIES
     34            (INCLUDING BUT NOT LIMITED TO ANY DEFENSE THEREOF), OR OTHER SIMILAR COSTS.
     35          
     36            Should you have any questions regarding your right to use this Software,
     37            contact Texas Instruments Incorporated at www.TI.com.
     38          **************************************************************************************************/
     39          
     40          /*********************************************************************
     41            This application isn't intended to do anything useful, it is
     42            intended to be a simple example of an application's structure.
     43          
     44            This application sends it's messages either as broadcast or
     45            broadcast filtered group messages.  The other (more normal)
     46            message addressing is unicast.  Most of the other sample
     47            applications are written to support the unicast message model.
     48          
     49            Key control:
     50              SW1:  Sends a flash command to all devices in Group 1.
     51              SW2:  Adds/Removes (toggles) this device in and out
     52                    of Group 1.  This will enable and disable the
     53                    reception of the flash command.
     54          *********************************************************************/
     55          
     56          /*********************************************************************
     57           * INCLUDES
     58           */
     59          #include "OSAL.h"
     60          #include "ZGlobals.h"
     61          #include "AF.h"
     62          #include "aps_groups.h"
     63          #include "ZDApp.h"
     64          
     65          #include "SampleApp.h"
     66          #include "SampleAppHw.h"
     67          
     68          #include "OnBoard.h"

   \                                 In  segment SFR_AN, at 0x80
   \   union <unnamed> volatile __sfr _A_P0
   \                     _A_P0:
   \   000000                DS 1

   \                                 In  segment SFR_AN, at 0x90
   \   union <unnamed> volatile __sfr _A_P1
   \                     _A_P1:
   \   000000                DS 1

   \                                 In  segment SFR_AN, at 0xa0
   \   union <unnamed> volatile __sfr _A_P2
   \                     _A_P2:
   \   000000                DS 1

   \                                 In  segment SFR_AN, at 0xfd
   \   unsigned char volatile __sfr P0DIR
   \                     P0DIR:
   \   000000                DS 1

   \                                 In  segment SFR_AN, at 0xfe
   \   unsigned char volatile __sfr P1DIR
   \                     P1DIR:
   \   000000                DS 1

   \                                 In  segment SFR_AN, at 0xff
   \   unsigned char volatile __sfr P2DIR
   \                     P2DIR:
   \   000000                DS 1
     69          
     70          /* HAL */
     71          #include "hal_lcd.h"
     72          #include "hal_led.h"
     73          #include "hal_key.h"
     74          
     75          #include "MT_UART.h"
     76          #include "hal_uart.h"
     77          #include "DHT11.h"
     78          #include "lux.h"
     79          #include "string.h"
     80          #include "math.h"
     81          #include "Mac_low_level.h"
     82          #include "mac_radio.h"
     83          /*********************************************************************
     84           * MACROS
     85           */
     86          
     87          /*********************************************************************
     88           * CONSTANTS
     89           */
     90          
     91          /*********************************************************************
     92           * TYPEDEFS
     93           */
     94          
     95          /*********************************************************************
     96           * GLOBAL VARIABLES
     97           */
     98          
     99          // This list should be filled with Application specific Cluster IDs.

   \                                 In  segment XDATA_ROM_C, align 1
    100          const cId_t SampleApp_ClusterList[SAMPLEAPP_MAX_CLUSTERS] =
   \                     SampleApp_ClusterList:
   \   000000   0100         DW 1
   \   000002   0200         DW 2
    101          {
    102            SAMPLEAPP_PERIODIC_CLUSTERID,
    103            SAMPLEAPP_FLASH_CLUSTERID
    104          };
    105          

   \                                 In  segment XDATA_ROM_C, align 1
    106          const SimpleDescriptionFormat_t SampleApp_SimpleDesc =
   \                     SampleApp_SimpleDesc:
   \   000000   14           DB 20
   \   000001   080F         DW 3848
   \   000003   0100         DW 1
   \   000005   00           DB 0
   \   000006   02           DB 2
   \   000007   ....         DW SampleApp_ClusterList
   \   000009   02           DB 2
   \   00000A   ....         DW SampleApp_ClusterList
    107          {
    108            SAMPLEAPP_ENDPOINT,              //  int Endpoint;
    109            SAMPLEAPP_PROFID,                //  uint16 AppProfId[2];
    110            SAMPLEAPP_DEVICEID,              //  uint16 AppDeviceId[2];
    111            SAMPLEAPP_DEVICE_VERSION,        //  int   AppDevVer:4;
    112            SAMPLEAPP_FLAGS,                 //  int   AppFlags:4;
    113            SAMPLEAPP_MAX_CLUSTERS,          //  uint8  AppNumInClusters;
    114            (cId_t *)SampleApp_ClusterList,  //  uint8 *pAppInClusterList;
    115            SAMPLEAPP_MAX_CLUSTERS,          //  uint8  AppNumInClusters;
    116            (cId_t *)SampleApp_ClusterList   //  uint8 *pAppInClusterList;
    117          };
    118          
    119          // This is the Endpoint/Interface description.  It is defined here, but
    120          // filled-in in SampleApp_Init().  Another way to go would be to fill
    121          // in the structure here and make it a "const" (in code space).  The
    122          // way it's defined in this sample app it is define in RAM.

   \                                 In  segment XDATA_Z, align 1, keep-with-next
    123          endPointDesc_t SampleApp_epDesc;
   \                     SampleApp_epDesc:
   \   000000                DS 6
   \   000006                REQUIRE __INIT_XDATA_Z
    124          
    125          /*********************************************************************
    126           * EXTERNAL VARIABLES
    127           */
    128          
    129          /*********************************************************************
    130           * EXTERNAL FUNCTIONS
    131           */
    132          
    133          /*********************************************************************
    134           * LOCAL VARIABLES
    135           */

   \                                 In  segment XDATA_Z, align 1, keep-with-next
    136          uint8 SampleApp_TaskID;   // Task ID for internal task/event processing
   \                     SampleApp_TaskID:
   \   000000                DS 1
   \   000001                REQUIRE __INIT_XDATA_Z
    137                                    // This variable will be received when
    138                                    // SampleApp_Init() is called.

   \                                 In  segment XDATA_Z, align 1, keep-with-next
    139          devStates_t SampleApp_NwkState;
   \                     SampleApp_NwkState:
   \   000000                DS 1
   \   000001                REQUIRE __INIT_XDATA_Z
    140          

   \                                 In  segment XDATA_Z, align 1, keep-with-next
    141          uint8 SampleApp_TransID;  // This is the unique message ID (counter)
   \                     SampleApp_TransID:
   \   000000                DS 1
   \   000001                REQUIRE __INIT_XDATA_Z
    142          

   \                                 In  segment XDATA_Z, align 1, keep-with-next
    143          afAddrType_t SampleApp_Periodic_DstAddr;
   \                     SampleApp_Periodic_DstAddr:
   \   000000                DS 12
   \   00000C                REQUIRE __INIT_XDATA_Z

   \                                 In  segment XDATA_Z, align 1, keep-with-next
    144          afAddrType_t SampleApp_Flash_DstAddr;
   \                     SampleApp_Flash_DstAddr:
   \   000000                DS 12
   \   00000C                REQUIRE __INIT_XDATA_Z

   \                                 In  segment XDATA_Z, align 1, keep-with-next
    145          afAddrType_t SampleApp_P2P_DstAddr;
   \                     SampleApp_P2P_DstAddr:
   \   000000                DS 12
   \   00000C                REQUIRE __INIT_XDATA_Z
    146          

   \                                 In  segment XDATA_Z, align 1, keep-with-next
    147          aps_Group_t SampleApp_Group;
   \                     SampleApp_Group:
   \   000000                DS 18
   \   000012                REQUIRE __INIT_XDATA_Z
    148          

   \                                 In  segment XDATA_Z, align 1, keep-with-next
    149          uint8 SampleAppPeriodicCounter = 0;
   \                     SampleAppPeriodicCounter:
   \   000000                DS 1
   \   000001                REQUIRE __INIT_XDATA_Z

   \                                 In  segment XDATA_Z, align 1, keep-with-next
    150          uint8 SampleAppFlashCounter = 0;
   \                     SampleAppFlashCounter:
   \   000000                DS 1
   \   000001                REQUIRE __INIT_XDATA_Z

   \                                 In  segment XDATA_I, align 1, keep-with-next
    151          uint8 ADDR=1;                         //广播发送地址
   \                     ADDR:
   \   000000                DS 1
   \   000001                REQUIRE `?<Initializer for ADDR>`
   \   000001                REQUIRE __INIT_XDATA_I

   \                                 In  segment XDATA_Z, align 1, keep-with-next
    152          uint8 LanFlagT=0,LanFlagR=0;          //心跳包比对数据
   \                     LanFlagT:
   \   000000                DS 1
   \   000001                REQUIRE __INIT_XDATA_Z

   \                                 In  segment XDATA_Z, align 1, keep-with-next
   \                     LanFlagR:
   \   000000                DS 1
   \   000001                REQUIRE __INIT_XDATA_Z
    153          #define HEARTPKT 0x00
    154          #define MESGPKT 0x01

   \                                 In  segment XDATA_Z, align 1, keep-with-next
    155          uint8 RXDATA=0;
   \                     RXDATA:
   \   000000                DS 1
   \   000001                REQUIRE __INIT_XDATA_Z

   \                                 In  segment XDATA_Z, align 1, keep-with-next
    156          uint8 RX_F = 0;
   \                     RX_F:
   \   000000                DS 1
   \   000001                REQUIRE __INIT_XDATA_Z
    157          /*********************************************************************
    158           * LOCAL FUNCTIONS
    159           */
    160          void SampleApp_HandleKeys( uint8 shift, uint8 keys );
    161          void SampleApp_MessageMSGCB( afIncomingMSGPacket_t *pckt );
    162          void SampleApp_SendPeriodicMessage(uint8 ADR);
    163          void SampleApp_SendFlashMessage( uint16 flashTime );
    164          void SampleApp_Send_P2P_Message(uint8 level);
    165          char abs(char x);
    166          
    167          /*********************************************************************
    168           * NETWORK LAYER CALLBACKS
    169           */
    170          
    171          /*********************************************************************
    172           * PUBLIC FUNCTIONS
    173           */
    174          
    175          /*********************************************************************
    176           * @fn      SampleApp_Init
    177           *
    178           * @brief   Initialization function for the Generic App Task.
    179           *          This is called during initialization and should contain
    180           *          any application specific initialization (ie. hardware
    181           *          initialization/setup, table initialization, power up
    182           *          notificaiton ... ).
    183           *
    184           * @param   task_id - the ID assigned by OSAL.  This ID should be
    185           *                    used to send messages and set timers.
    186           *
    187           * @return  none
    188           */

   \                                 In  segment BANKED_CODE, align 1, keep-with-next
    189          void SampleApp_Init( uint8 task_id )
   \                     SampleApp_Init:
    190          {
   \   000000   74F5         MOV     A,#-0xb
   \   000002   12....       LCALL   ?BANKED_ENTER_XDATA
   \   000005                ; Saved register size: 11
   \   000005                ; Auto size: 1
   \   000005   74FF         MOV     A,#-0x1
   \   000007   12....       LCALL   ?ALLOC_XSTACK8
   \   00000A   E9           MOV     A,R1
   \   00000B   FE           MOV     R6,A
    191            SampleApp_TaskID = task_id;
   \   00000C   90....       MOV     DPTR,#SampleApp_TaskID
   \   00000F   F0           MOVX    @DPTR,A
    192            SampleApp_NwkState = DEV_INIT;
   \   000010   90....       MOV     DPTR,#SampleApp_NwkState
   \   000013   7401         MOV     A,#0x1
   \   000015   F0           MOVX    @DPTR,A
    193            SampleApp_TransID = 0;
   \   000016   90....       MOV     DPTR,#SampleApp_TransID
   \   000019   E4           CLR     A
   \   00001A   F0           MOVX    @DPTR,A
    194          
    195            MT_UartInit ();
   \   00001B                ; Setup parameters for call to function MT_UartInit
   \   00001B   12....       LCALL   ??MT_UartInit?relay
    196            MT_UartRegisterTaskID( task_id);
   \   00001E                ; Setup parameters for call to function MT_UartRegisterTaskID
   \   00001E   EE           MOV     A,R6
   \   00001F   F9           MOV     R1,A
   \   000020   12....       LCALL   ??MT_UartRegisterTaskID?relay
    197            uint8 power = TXPOWER;
   \   000023   12....       LCALL   ?Subroutine2 & 0xFFFF
    198            HalUARTWrite(0, &power, 1);
   \                     ??CrossCallReturnLabel_4:
   \   000026                ; Setup parameters for call to function HalUARTWrite
   \   000026   7C01         MOV     R4,#0x1
   \   000028   7D00         MOV     R5,#0x0
   \   00002A   AA82         MOV     R2,DPL
   \   00002C   AB83         MOV     R3,DPH
   \   00002E   7900         MOV     R1,#0x0
   \   000030   12....       LCALL   ??HalUARTWrite?relay
    199            
    200            // Device hardware initialization can be added here or in main() (Zmain.c).
    201            // If the hardware is application specific - add it here.
    202            // If the hardware is other parts of the device add it in main().
    203          
    204           #if defined ( BUILD_ALL_DEVICES )
    205            // The "Demo" target is setup to have BUILD_ALL_DEVICES and HOLD_AUTO_START
    206            // We are looking at a jumper (defined in SampleAppHw.c) to be jumpered
    207            // together - if they are - we will start up a coordinator. Otherwise,
    208            // the device will start as a router.
    209            if ( readCoordinatorJumper() )
    210              zgDeviceLogicalType = ZG_DEVICETYPE_COORDINATOR;
    211            else
    212              zgDeviceLogicalType = ZG_DEVICETYPE_ROUTER;
    213          #endif // BUILD_ALL_DEVICES
    214          
    215          #if defined ( HOLD_AUTO_START )
    216            // HOLD_AUTO_START is a compile option that will surpress ZDApp
    217            //  from starting the device and wait for the application to
    218            //  start the device.
    219            ZDOInitDevice(0);
    220          #endif
    221          
    222            // Setup for the periodic message's destination address
    223            // Broadcast to everyone
    224            SampleApp_Periodic_DstAddr.addrMode = (afAddrMode_t)AddrBroadcast;
   \   000033   90....       MOV     DPTR,#SampleApp_Periodic_DstAddr + 8
   \   000036   740F         MOV     A,#0xf
   \   000038   F0           MOVX    @DPTR,A
    225            SampleApp_Periodic_DstAddr.endPoint = SAMPLEAPP_ENDPOINT;
   \   000039   A3           INC     DPTR
   \   00003A   7414         MOV     A,#0x14
   \   00003C   F0           MOVX    @DPTR,A
    226            SampleApp_Periodic_DstAddr.addr.shortAddr = 0xFFFF;
   \   00003D   90....       MOV     DPTR,#SampleApp_Periodic_DstAddr
   \   000040   74FF         MOV     A,#-0x1
   \   000042   F0           MOVX    @DPTR,A
   \   000043   A3           INC     DPTR
   \   000044   F0           MOVX    @DPTR,A
    227          
    228            // Setup for the flash command's destination address - Group 1
    229            SampleApp_Flash_DstAddr.addrMode = (afAddrMode_t)afAddrGroup;
   \   000045   90....       MOV     DPTR,#SampleApp_Flash_DstAddr + 8
   \   000048   7401         MOV     A,#0x1
   \   00004A   F0           MOVX    @DPTR,A
    230            SampleApp_Flash_DstAddr.endPoint = SAMPLEAPP_ENDPOINT;
   \   00004B   A3           INC     DPTR
   \   00004C   7414         MOV     A,#0x14
   \   00004E   F0           MOVX    @DPTR,A
    231            SampleApp_Flash_DstAddr.addr.shortAddr = SAMPLEAPP_FLASH_GROUP;
   \   00004F   90....       MOV     DPTR,#SampleApp_Flash_DstAddr
   \   000052   7401         MOV     A,#0x1
   \   000054   F0           MOVX    @DPTR,A
   \   000055   A3           INC     DPTR
   \   000056   E4           CLR     A
   \   000057   F0           MOVX    @DPTR,A
    232          
    233            SampleApp_P2P_DstAddr.addrMode = (afAddrMode_t)Addr16Bit;
   \   000058   90....       MOV     DPTR,#SampleApp_P2P_DstAddr + 8
   \   00005B   7402         MOV     A,#0x2
   \   00005D   F0           MOVX    @DPTR,A
    234            SampleApp_P2P_DstAddr.endPoint = SAMPLEAPP_ENDPOINT;
   \   00005E   A3           INC     DPTR
   \   00005F   7414         MOV     A,#0x14
   \   000061   F0           MOVX    @DPTR,A
    235            SampleApp_P2P_DstAddr.addr.shortAddr = 0x0000;
   \   000062   90....       MOV     DPTR,#SampleApp_P2P_DstAddr
   \   000065   E4           CLR     A
   \   000066   F0           MOVX    @DPTR,A
   \   000067   A3           INC     DPTR
   \   000068   F0           MOVX    @DPTR,A
    236            
    237            // Fill out the endpoint description.
    238            SampleApp_epDesc.endPoint = SAMPLEAPP_ENDPOINT;
   \   000069   90....       MOV     DPTR,#SampleApp_epDesc
   \   00006C   7414         MOV     A,#0x14
   \   00006E   F0           MOVX    @DPTR,A
    239            SampleApp_epDesc.task_id = &SampleApp_TaskID;
   \   00006F   A3           INC     DPTR
   \   000070   74..         MOV     A,#SampleApp_TaskID & 0xff
   \   000072   F0           MOVX    @DPTR,A
   \   000073   A3           INC     DPTR
   \   000074   74..         MOV     A,#(SampleApp_TaskID >> 8) & 0xff
   \   000076   F0           MOVX    @DPTR,A
    240            SampleApp_epDesc.simpleDesc
    241                      = (SimpleDescriptionFormat_t *)&SampleApp_SimpleDesc;
   \   000077   A3           INC     DPTR
   \   000078   74..         MOV     A,#SampleApp_SimpleDesc & 0xff
   \   00007A   F0           MOVX    @DPTR,A
   \   00007B   A3           INC     DPTR
   \   00007C   74..         MOV     A,#(SampleApp_SimpleDesc >> 8) & 0xff
   \   00007E   F0           MOVX    @DPTR,A
    242            SampleApp_epDesc.latencyReq = noLatencyReqs;
   \   00007F   A3           INC     DPTR
   \   000080   E4           CLR     A
   \   000081   F0           MOVX    @DPTR,A
    243          
    244            // Register the endpoint description with the AF
    245            afRegister( &SampleApp_epDesc );
   \   000082                ; Setup parameters for call to function afRegister
   \   000082   7A..         MOV     R2,#SampleApp_epDesc & 0xff
   \   000084   7B..         MOV     R3,#(SampleApp_epDesc >> 8) & 0xff
   \   000086   12....       LCALL   ??afRegister?relay
    246          
    247            // Register for all key events - This app will handle all key events
    248            RegisterForKeys( SampleApp_TaskID );
   \   000089                ; Setup parameters for call to function RegisterForKeys
   \   000089   90....       MOV     DPTR,#SampleApp_TaskID
   \   00008C   E0           MOVX    A,@DPTR
   \   00008D   F9           MOV     R1,A
   \   00008E   12....       LCALL   ??RegisterForKeys?relay
    249          
    250            // By default, all devices start out in Group 1
    251            SampleApp_Group.ID = 0x0001;
   \   000091   90....       MOV     DPTR,#SampleApp_Group
   \   000094   7401         MOV     A,#0x1
   \   000096   F0           MOVX    @DPTR,A
   \   000097   A3           INC     DPTR
   \   000098   E4           CLR     A
   \   000099   F0           MOVX    @DPTR,A
    252            osal_memcpy( SampleApp_Group.name, "Group 1", 7  );
   \   00009A                ; Setup parameters for call to function osal_memcpy
   \   00009A   75....       MOV     ?V0 + 0,#`?<Constant "Group 1">` & 0xff
   \   00009D   75....       MOV     ?V0 + 1,#(`?<Constant "Group 1">` >> 8) & 0xff
   \   0000A0   F5..         MOV     ?V0 + 2,A
   \   0000A2   78..         MOV     R0,#?V0 + 0
   \   0000A4   12....       LCALL   ?PUSH_XSTACK_I_THREE
   \   0000A7   7C07         MOV     R4,#0x7
   \   0000A9   7D00         MOV     R5,#0x0
   \   0000AB   7A..         MOV     R2,#(SampleApp_Group + 2) & 0xff
   \   0000AD   7B..         MOV     R3,#((SampleApp_Group + 2) >> 8) & 0xff
   \   0000AF   12....       LCALL   ??osal_memcpy?relay
   \   0000B2   7403         MOV     A,#0x3
   \   0000B4   12....       LCALL   ?DEALLOC_XSTACK8
    253            aps_AddGroup( SAMPLEAPP_ENDPOINT, &SampleApp_Group );
   \   0000B7                ; Setup parameters for call to function aps_AddGroup
   \   0000B7   7A..         MOV     R2,#SampleApp_Group & 0xff
   \   0000B9   7B..         MOV     R3,#(SampleApp_Group >> 8) & 0xff
   \   0000BB   7914         MOV     R1,#0x14
   \   0000BD   12....       LCALL   ??aps_AddGroup?relay
    254          
    255          #if defined ( LCD_SUPPORTED )
    256            HalLcdWriteString( "SampleApp", HAL_LCD_LINE_1 );
    257          #endif
    258          }
   \   0000C0   7401         MOV     A,#0x1
   \   0000C2                REQUIRE ?Subroutine0
   \   0000C2                ; // Fall through to label ?Subroutine0

   \                                 In  segment BANKED_CODE, align 1, keep-with-next
   \                     ?Subroutine0:
   \   000000   12....       LCALL   ?DEALLOC_XSTACK8
   \   000003   7F03         MOV     R7,#0x3
   \   000005   02....       LJMP    ?BANKED_LEAVE_XDATA

   \                                 In  segment BANKED_CODE, align 1, keep-with-next
   \                     ?Subroutine2:
   \   000000   906190       MOV     DPTR,#0x6190
   \   000003                REQUIRE ??Subroutine5_0
   \   000003                ; // Fall through to label ??Subroutine5_0

   \                                 In  segment BANKED_CODE, align 1, keep-with-next
   \                     ??Subroutine5_0:
   \   000000   E0           MOVX    A,@DPTR
   \   000001   85..82       MOV     DPL,?XSP + 0
   \   000004   85..83       MOV     DPH,?XSP + 1
   \   000007   F0           MOVX    @DPTR,A
   \   000008   22           RET
    259          
    260          /*********************************************************************
    261           * @fn      SampleApp_ProcessEvent
    262           *
    263           * @brief   Generic Application Task event processor.  This function
    264           *          is called to process all events for the task.  Events
    265           *          include timers, messages and any other user defined events.
    266           *
    267           * @param   task_id  - The OSAL assigned task ID.
    268           * @param   events - events to process.  This is a bit map and can
    269           *                   contain more than one event.
    270           *
    271           * @return  none
    272           */

   \                                 In  segment BANKED_CODE, align 1, keep-with-next
    273          uint16 SampleApp_ProcessEvent( uint8 task_id, uint16 events )
   \                     SampleApp_ProcessEvent:
    274          {
   \   000000   74F4         MOV     A,#-0xc
   \   000002   12....       LCALL   ?BANKED_ENTER_XDATA
   \   000005                ; Saved register size: 12
   \   000005                ; Auto size: 0
   \   000005   EA           MOV     A,R2
   \   000006   FE           MOV     R6,A
   \   000007   EB           MOV     A,R3
   \   000008   FF           MOV     R7,A
    275            afIncomingMSGPacket_t *MSGpkt;
    276            (void)task_id;  // Intentionally unreferenced parameter
    277          
    278            if ( events & SYS_EVENT_MSG )
   \   000009   5480         ANL     A,#0x80
   \   00000B   6074         JZ      ??SampleApp_ProcessEvent_0
    279            {
    280              MSGpkt = (afIncomingMSGPacket_t *)osal_msg_receive( SampleApp_TaskID );
   \   00000D                ; Setup parameters for call to function osal_msg_receive
   \   00000D   8026         SJMP    ??SampleApp_ProcessEvent_1
    281              while ( MSGpkt )
    282              {
    283                switch ( MSGpkt->hdr.event )
    284                {
    285                  // Received when a key is pressed
    286                  case KEY_CHANGE:
    287                    SampleApp_HandleKeys( ((keyChange_t *)MSGpkt)->state, ((keyChange_t *)MSGpkt)->keys );
    288                    break;
    289          
    290                  // Received when a messages is received (OTA) for this endpoint
    291                  case AF_INCOMING_MSG_CMD:
    292                    SampleApp_MessageMSGCB( MSGpkt );
    293          
    294                   break;
    295          
    296                  // Received whenever the device changes state in the network
    297                  case ZDO_STATE_CHANGE:
    298                    SampleApp_NwkState = (devStates_t)(MSGpkt->hdr.status);
   \                     ??SampleApp_ProcessEvent_2:
   \   00000F   A3           INC     DPTR
   \   000010   E0           MOVX    A,@DPTR
   \   000011   90....       MOV     DPTR,#SampleApp_NwkState
   \   000014   F0           MOVX    @DPTR,A
    299                    if (SampleApp_NwkState == DEV_END_DEVICE)
   \   000015   6406         XRL     A,#0x6
   \   000017   7015         JNZ     ??SampleApp_ProcessEvent_3
    300                    {
    301                      // Start sending the periodic message in a regular interval.
    302                      osal_start_timerEx( SampleApp_TaskID,
    303                                        SAMPLEAPP_SEND_PERIODIC_MSG_EVT,
    304                                        SAMPLEAPP_SEND_PERIODIC_MSG_TIMEOUT );
   \   000019                ; Setup parameters for call to function osal_start_timerEx
   \   000019   7CB8         MOV     R4,#-0x48
   \   00001B   7D0B         MOV     R5,#0xb
   \   00001D   7A01         MOV     R2,#0x1
   \   00001F   7B00         MOV     R3,#0x0
   \   000021   90....       MOV     DPTR,#SampleApp_TaskID
   \   000024   E0           MOVX    A,@DPTR
   \   000025   F9           MOV     R1,A
   \   000026   12....       LCALL   ??osal_start_timerEx?relay
    305                      SampleApp_Send_P2P_Message(0);
   \   000029                ; Setup parameters for call to function SampleApp_Send_P2P_Message
   \   000029   7900         MOV     R1,#0x0
   \   00002B   12....       LCALL   ??SampleApp_Send_P2P_Message?relay
    306                    }
    307                    else
    308                    {
    309                      // Device is no longer in the network
    310                    }
    311                    break;
    312          
    313                  default:
    314                    break;
    315                }
    316          
    317                // Release the memory
    318                osal_msg_deallocate( (uint8 *)MSGpkt );
   \                     ??SampleApp_ProcessEvent_3:
   \   00002E                ; Setup parameters for call to function osal_msg_deallocate
   \   00002E   AA..         MOV     R2,?V0 + 0
   \   000030   AB..         MOV     R3,?V0 + 1
   \   000032   12....       LCALL   ??osal_msg_deallocate?relay
    319          
    320                // Next - if one is available
    321                MSGpkt = (afIncomingMSGPacket_t *)osal_msg_receive( SampleApp_TaskID );
   \   000035                ; Setup parameters for call to function osal_msg_receive
   \                     ??SampleApp_ProcessEvent_1:
   \   000035   90....       MOV     DPTR,#SampleApp_TaskID
   \   000038   E0           MOVX    A,@DPTR
   \   000039   F9           MOV     R1,A
   \   00003A   12....       LCALL   ??osal_msg_receive?relay
   \   00003D   8A..         MOV     ?V0 + 0,R2
   \   00003F   8B..         MOV     ?V0 + 1,R3
   \   000041   E5..         MOV     A,?V0 + 0
   \   000043   45..         ORL     A,?V0 + 1
   \   000045   6032         JZ      ??SampleApp_ProcessEvent_4
   \   000047   85..82       MOV     DPL,?V0 + 0
   \   00004A   85..83       MOV     DPH,?V0 + 1
   \   00004D   E0           MOVX    A,@DPTR
   \   00004E   24E6         ADD     A,#-0x1a
   \   000050   601E         JZ      ??SampleApp_ProcessEvent_5
   \   000052   245A         ADD     A,#0x5a
   \   000054   6006         JZ      ??SampleApp_ProcessEvent_6
   \   000056   24EF         ADD     A,#-0x11
   \   000058   60B5         JZ      ??SampleApp_ProcessEvent_2
   \   00005A   80D2         SJMP    ??SampleApp_ProcessEvent_3
   \                     ??SampleApp_ProcessEvent_6:
   \   00005C                ; Setup parameters for call to function SampleApp_HandleKeys
   \   00005C   A3           INC     DPTR
   \   00005D   A3           INC     DPTR
   \   00005E   A3           INC     DPTR
   \   00005F   E0           MOVX    A,@DPTR
   \   000060   FA           MOV     R2,A
   \   000061   85..82       MOV     DPL,?V0 + 0
   \   000064   85..83       MOV     DPH,?V0 + 1
   \   000067   A3           INC     DPTR
   \   000068   A3           INC     DPTR
   \   000069   E0           MOVX    A,@DPTR
   \   00006A   F9           MOV     R1,A
   \   00006B   12....       LCALL   ??SampleApp_HandleKeys?relay
   \   00006E   80BE         SJMP    ??SampleApp_ProcessEvent_3
   \                     ??SampleApp_ProcessEvent_5:
   \   000070                ; Setup parameters for call to function SampleApp_MessageMSGCB
   \   000070   AA..         MOV     R2,?V0 + 0
   \   000072   AB..         MOV     R3,?V0 + 1
   \   000074   12....       LCALL   ??SampleApp_MessageMSGCB?relay
   \   000077   80B5         SJMP    ??SampleApp_ProcessEvent_3
    322              }
    323          
    324              // return unprocessed events
    325              return (events ^ SYS_EVENT_MSG);
   \                     ??SampleApp_ProcessEvent_4:
   \   000079   EE           MOV     A,R6
   \   00007A   FA           MOV     R2,A
   \   00007B   EF           MOV     A,R7
   \   00007C   6480         XRL     A,#0x80
   \                     ??SampleApp_ProcessEvent_7:
   \   00007E   FB           MOV     R3,A
   \   00007F   8027         SJMP    ??SampleApp_ProcessEvent_8
    326            }
    327          
    328            // Send a message out - This event is generated by a timer
    329            //  (setup in SampleApp_Init()).
    330            if ( events & SAMPLEAPP_SEND_PERIODIC_MSG_EVT )
   \                     ??SampleApp_ProcessEvent_0:
   \   000081   EE           MOV     A,R6
   \   000082   A2E0         MOV     C,0xE0 /* A   */.0
   \   000084   501E         JNC     ??SampleApp_ProcessEvent_9
    331            {
    332              // Send the periodic message
    333               
    334              osal_start_timerEx( SampleApp_TaskID, SAMPLEAPP_SEND_PERIODIC_MSG_EVT,
    335                  (SAMPLEAPP_SEND_PERIODIC_MSG_TIMEOUT + (osal_rand() & 0x00FF)) );
   \   000086                ; Setup parameters for call to function osal_rand
   \   000086   12....       LCALL   ??osal_rand?relay
   \   000089                ; Setup parameters for call to function osal_start_timerEx
   \   000089   EA           MOV     A,R2
   \   00008A   24B8         ADD     A,#-0x48
   \   00008C   FC           MOV     R4,A
   \   00008D   E4           CLR     A
   \   00008E   340B         ADDC    A,#0xb
   \   000090   FD           MOV     R5,A
   \   000091   7A01         MOV     R2,#0x1
   \   000093   7B00         MOV     R3,#0x0
   \   000095   90....       MOV     DPTR,#SampleApp_TaskID
   \   000098   E0           MOVX    A,@DPTR
   \   000099   F9           MOV     R1,A
   \   00009A   12....       LCALL   ??osal_start_timerEx?relay
    336          
    337              // return unprocessed events
    338              return (events ^ SAMPLEAPP_SEND_PERIODIC_MSG_EVT);
   \   00009D   EE           MOV     A,R6
   \   00009E   6401         XRL     A,#0x1
   \   0000A0   FA           MOV     R2,A
   \   0000A1   EF           MOV     A,R7
   \   0000A2   80DA         SJMP    ??SampleApp_ProcessEvent_7
    339            }
    340          
    341            // Discard unknown events
    342            return 0;
   \                     ??SampleApp_ProcessEvent_9:
   \   0000A4   7A00         MOV     R2,#0x0
   \   0000A6   7B00         MOV     R3,#0x0
   \                     ??SampleApp_ProcessEvent_8:
   \   0000A8   7F04         MOV     R7,#0x4
   \   0000AA   02....       LJMP    ?BANKED_LEAVE_XDATA
    343          }
    344          
    345          /*********************************************************************
    346           * Event Generation Functions
    347           */
    348          /*********************************************************************
    349           * @fn      SampleApp_HandleKeys
    350           *
    351           * @brief   Handles all key events for this device.
    352           *
    353           * @param   shift - true if in shift/alt.
    354           * @param   keys - bit field for key events. Valid entries:
    355           *                 HAL_KEY_SW_2
    356           *                 HAL_KEY_SW_1
    357           *
    358           * @return  none
    359           */

   \                                 In  segment BANKED_CODE, align 1, keep-with-next
    360          void SampleApp_HandleKeys( uint8 shift, uint8 keys )
   \                     SampleApp_HandleKeys:
    361          {
   \   000000   74F6         MOV     A,#-0xa
   \   000002   12....       LCALL   ?BANKED_ENTER_XDATA
   \   000005                ; Saved register size: 10
   \   000005                ; Auto size: 0
   \   000005   EA           MOV     A,R2
   \   000006   FE           MOV     R6,A
    362            (void)shift;  // Intentionally unreferenced parameter
    363            
    364            if ( keys & HAL_KEY_SW_1 )
   \   000007   A2E0         MOV     C,0xE0 /* A   */.0
   \   000009   5007         JNC     ??SampleApp_HandleKeys_0
    365            {
    366              /* This key sends the Flash Command is sent to Group 1.
    367               * This device will not receive the Flash Command from this
    368               * device (even if it belongs to group 1).
    369               */
    370              SampleApp_SendFlashMessage( SAMPLEAPP_FLASH_DURATION );
   \   00000B                ; Setup parameters for call to function SampleApp_SendFlashMessage
   \   00000B   7AE8         MOV     R2,#-0x18
   \   00000D   7B03         MOV     R3,#0x3
   \   00000F   12....       LCALL   ??SampleApp_SendFlashMessage?relay
    371            }
    372          
    373            if ( keys & HAL_KEY_SW_2 )
   \                     ??SampleApp_HandleKeys_0:
   \   000012   EE           MOV     A,R6
   \   000013   A2E1         MOV     C,0xE0 /* A   */.1
   \   000015   5024         JNC     ??SampleApp_HandleKeys_1
    374            {
    375              /* The Flashr Command is sent to Group 1.
    376               * This key toggles this device in and out of group 1.
    377               * If this device doesn't belong to group 1, this application
    378               * will not receive the Flash command sent to group 1.
    379               */
    380              aps_Group_t *grp;
    381              grp = aps_FindGroup( SAMPLEAPP_ENDPOINT, SAMPLEAPP_FLASH_GROUP );
    382              if ( grp )
   \   000017                ; Setup parameters for call to function aps_FindGroup
   \   000017   7A01         MOV     R2,#0x1
   \   000019   7B00         MOV     R3,#0x0
   \   00001B   7914         MOV     R1,#0x14
   \   00001D   12....       LCALL   ??aps_FindGroup?relay
   \   000020   8B..         MOV     ?V0 + 1,R3
   \   000022   EA           MOV     A,R2
   \   000023   45..         ORL     A,?V0 + 1
   \   000025   600B         JZ      ??SampleApp_HandleKeys_2
    383              {
    384                // Remove from the group
    385                aps_RemoveGroup( SAMPLEAPP_ENDPOINT, SAMPLEAPP_FLASH_GROUP );
   \   000027                ; Setup parameters for call to function aps_RemoveGroup
   \   000027   7A01         MOV     R2,#0x1
   \   000029   7B00         MOV     R3,#0x0
   \   00002B   7914         MOV     R1,#0x14
   \   00002D   12....       LCALL   ??aps_RemoveGroup?relay
   \   000030   8009         SJMP    ??SampleApp_HandleKeys_1
    386              }
    387              else
    388              {
    389                // Add to the flash group
    390                aps_AddGroup( SAMPLEAPP_ENDPOINT, &SampleApp_Group );
   \                     ??SampleApp_HandleKeys_2:
   \   000032                ; Setup parameters for call to function aps_AddGroup
   \   000032   7A..         MOV     R2,#SampleApp_Group & 0xff
   \   000034   7B..         MOV     R3,#(SampleApp_Group >> 8) & 0xff
   \   000036   7914         MOV     R1,#0x14
   \   000038   12....       LCALL   ??aps_AddGroup?relay
    391              }
    392            }
    393          }
   \                     ??SampleApp_HandleKeys_1:
   \   00003B   02....       LJMP    ??Subroutine7_0 & 0xFFFF

   \                                 In  segment BANKED_CODE, align 1, keep-with-next
   \                     ??Subroutine7_0:
   \   000000   7F02         MOV     R7,#0x2
   \   000002   02....       LJMP    ?BANKED_LEAVE_XDATA
    394          
    395          /*********************************************************************
    396           * LOCAL FUNCTIONS
    397           */
    398          
    399          /*********************************************************************
    400           * @fn      SampleApp_MessageMSGCB
    401           *
    402           * @brief   Data message processor callback.  This function processes
    403           *          any incoming data - probably from other devices.  So, based
    404           *          on cluster ID, perform the intended action.
    405           *
    406           * @param   none
    407           *
    408           * @return  none
    409           */

   \                                 In  segment BANKED_CODE, align 1, keep-with-next
    410          void SampleApp_MessageMSGCB( afIncomingMSGPacket_t *pkt )
   \                     SampleApp_MessageMSGCB:
    411          {
   \   000000   74F5         MOV     A,#-0xb
   \   000002   12....       LCALL   ?BANKED_ENTER_XDATA
   \   000005                ; Saved register size: 11
   \   000005                ; Auto size: 6
   \   000005   74FA         MOV     A,#-0x6
   \   000007   12....       LCALL   ?ALLOC_XSTACK8
   \   00000A   EA           MOV     A,R2
   \   00000B   FE           MOV     R6,A
   \   00000C   EB           MOV     A,R3
   \   00000D   FF           MOV     R7,A
    412            uint16 flashTime;
    413            uint8 quality;
    414            char data[4]={0}; 
   \   00000E   90....       MOV     DPTR,#`?<Constant {0}>`
   \   000011   C082         PUSH    DPL
   \   000013   7402         MOV     A,#0x2
   \   000015   12....       LCALL   ?XSTACK_DISP0_8
   \   000018   AC82         MOV     R4,DPL
   \   00001A   AD83         MOV     R5,DPH
   \   00001C   7583..       MOV     DPH,#(`?<Constant {0}>` >> 8) & 0xff
   \   00001F   D082         POP     DPL
   \   000021   7404         MOV     A,#0x4
   \   000023   12....       LCALL   ?MOVE_LONG8_XDATA_XDATA
    415            switch ( pkt->clusterId )
   \   000026   8E82         MOV     DPL,R6
   \   000028   8F83         MOV     DPH,R7
   \   00002A   A3           INC     DPTR
   \   00002B   A3           INC     DPTR
   \   00002C   A3           INC     DPTR
   \   00002D   A3           INC     DPTR
   \   00002E   E0           MOVX    A,@DPTR
   \   00002F   F5..         MOV     ?V0 + 0,A
   \   000031   A3           INC     DPTR
   \   000032   E0           MOVX    A,@DPTR
   \   000033   F5..         MOV     ?V0 + 1,A
   \   000035   78..         MOV     R0,#?V0 + 0
   \   000037   12....       LCALL   ?US_SWITCH_DENSE
   \                     `?<Jumptable for SampleApp_MessageMSGCB>_0`:
   \   00003A   0200         DW        2
   \   00003C   02           DB        2
   \   00003D   ....         DW        ??SampleApp_MessageMSGCB_0
   \   00003F   ....         DW        ??SampleApp_MessageMSGCB_1
   \   000041   ....         DW        ??SampleApp_MessageMSGCB_0
   \   000043   ....         DW        ??SampleApp_MessageMSGCB_2
    416            {
    417              case SAMPLEAPP_PERIODIC_CLUSTERID:
    418          
    419                break;
    420                
    421              case SAMPLEAPP_P2P_CLUSTERID:
    422                osal_memcpy(data,pkt->cmd.Data,pkt->cmd.DataLength);
   \                     ??SampleApp_MessageMSGCB_2:
   \   000045                ; Setup parameters for call to function osal_memcpy
   \   000045   12....       LCALL   ?Subroutine3 & 0xFFFF
   \                     ??CrossCallReturnLabel_9:
   \   000048   F5..         MOV     ?V0 + 0,A
   \   00004A   A3           INC     DPTR
   \   00004B   E0           MOVX    A,@DPTR
   \   00004C   F5..         MOV     ?V0 + 1,A
   \   00004E   75..00       MOV     ?V0 + 2,#0x0
   \   000051   78..         MOV     R0,#?V0 + 0
   \   000053   12....       LCALL   ?PUSH_XSTACK_I_THREE
   \   000056   EE           MOV     A,R6
   \   000057   2420         ADD     A,#0x20
   \   000059   12....       LCALL   ??Subroutine6_0 & 0xFFFF
   \                     ??CrossCallReturnLabel_6:
   \   00005C   FC           MOV     R4,A
   \   00005D   A3           INC     DPTR
   \   00005E   E0           MOVX    A,@DPTR
   \   00005F   FD           MOV     R5,A
   \   000060   7405         MOV     A,#0x5
   \   000062   12....       LCALL   ?XSTACK_DISP0_8
   \   000065   AA82         MOV     R2,DPL
   \   000067   AB83         MOV     R3,DPH
   \   000069   12....       LCALL   ??osal_memcpy?relay
   \   00006C   7403         MOV     A,#0x3
   \   00006E   12....       LCALL   ?DEALLOC_XSTACK8
    423                
    424                if ( data[0]=='A' && data[1]=='B' && data[2]=='C' && data[3]=='D' )
   \   000071   7402         MOV     A,#0x2
   \   000073   12....       LCALL   ?XSTACK_DISP0_8
   \   000076   E0           MOVX    A,@DPTR
   \   000077   6441         XRL     A,#0x41
   \   000079   6003         JZ      $+5
   \   00007B   02....       LJMP    ??SampleApp_MessageMSGCB_0 & 0xFFFF
   \   00007E   7403         MOV     A,#0x3
   \   000080   12....       LCALL   ?XSTACK_DISP0_8
   \   000083   E0           MOVX    A,@DPTR
   \   000084   6442         XRL     A,#0x42
   \   000086   6003         JZ      $+5
   \   000088   02....       LJMP    ??SampleApp_MessageMSGCB_0 & 0xFFFF
   \   00008B   7404         MOV     A,#0x4
   \   00008D   12....       LCALL   ?XSTACK_DISP0_8
   \   000090   E0           MOVX    A,@DPTR
   \   000091   6443         XRL     A,#0x43
   \   000093   6003         JZ      $+5
   \   000095   02....       LJMP    ??SampleApp_MessageMSGCB_0 & 0xFFFF
   \   000098   7405         MOV     A,#0x5
   \   00009A   12....       LCALL   ?XSTACK_DISP0_8
   \   00009D   E0           MOVX    A,@DPTR
   \   00009E   6444         XRL     A,#0x44
   \   0000A0   6003         JZ      $+5
   \   0000A2   02....       LJMP    ??SampleApp_MessageMSGCB_0 & 0xFFFF
    425                {
    426                  /* 
    427                  p0_0 -> 1
    428                  p0_1 -> 2
    429                  p1_2 -> 3
    430                  p1_3 -> 4
    431                  p0_4 -> 5
    432                  p0_5 -> 6
    433                  p0_6 -> 7
    434                  p2_0 -> 8
    435                  */
    436                  P0DIR |= 0X73;
   \   0000A5   43FD73       ORL     0xfd,#0x73
    437                  P1DIR |= 0X0c;
   \   0000A8   43FE0C       ORL     0xfe,#0xc
    438                  P2DIR |= 0x01;
   \   0000AB   43FF01       ORL     0xff,#0x1
    439                  quality = pkt->LinkQuality;
   \   0000AE   EE           MOV     A,R6
   \   0000AF   2416         ADD     A,#0x16
   \   0000B1   12....       LCALL   ??Subroutine6_0 & 0xFFFF
   \                     ??CrossCallReturnLabel_7:
   \   0000B4   F5..         MOV     ?V0 + 0,A
    440                  uint8 message[2];
    441                  message[0] = TXPOWER;
   \   0000B6   12....       LCALL   ?Subroutine2 & 0xFFFF
    442                  message[1] = quality;
   \                     ??CrossCallReturnLabel_5:
   \   0000B9   7401         MOV     A,#0x1
   \   0000BB   12....       LCALL   ?XSTACK_DISP0_8
   \   0000BE   E5..         MOV     A,?V0 + 0
   \   0000C0   F0           MOVX    @DPTR,A
    443                  HalUARTWrite(0, message, 2);
   \   0000C1                ; Setup parameters for call to function HalUARTWrite
   \   0000C1   7C02         MOV     R4,#0x2
   \   0000C3   7D00         MOV     R5,#0x0
   \   0000C5   85..82       MOV     DPL,?XSP + 0
   \   0000C8   85..83       MOV     DPH,?XSP + 1
   \   0000CB   AA82         MOV     R2,DPL
   \   0000CD   AB83         MOV     R3,DPH
   \   0000CF   7900         MOV     R1,#0x0
   \   0000D1   12....       LCALL   ??HalUARTWrite?relay
    444                  quality = quality/32 + 1;
    445                    P0 &= 0x8c;
   \   0000D4   53808C       ANL     0x80,#0x8c
    446                    P1 &= 0xf2;
   \   0000D7   5390F2       ANL     0x90,#0xf2
    447                    P2 &= 0xfe;
   \   0000DA   C2A0         CLR     0xa0.0
    448                    switch(quality)
   \   0000DC   E5..         MOV     A,?V0 + 0
   \   0000DE   C4           SWAP    A
   \   0000DF   13           RRC     A
   \   0000E0   5407         ANL     A,#0x7
   \   0000E2   04           INC     A
   \   0000E3   14           DEC     A
   \   0000E4   6017         JZ      ??SampleApp_MessageMSGCB_3
   \   0000E6   14           DEC     A
   \   0000E7   601B         JZ      ??SampleApp_MessageMSGCB_4
   \   0000E9   14           DEC     A
   \   0000EA   601D         JZ      ??SampleApp_MessageMSGCB_5
   \   0000EC   14           DEC     A
   \   0000ED   6021         JZ      ??SampleApp_MessageMSGCB_6
   \   0000EF   14           DEC     A
   \   0000F0   6026         JZ      ??SampleApp_MessageMSGCB_7
   \   0000F2   14           DEC     A
   \   0000F3   6028         JZ      ??SampleApp_MessageMSGCB_8
   \   0000F5   14           DEC     A
   \   0000F6   602A         JZ      ??SampleApp_MessageMSGCB_9
   \   0000F8   14           DEC     A
   \   0000F9   602C         JZ      ??SampleApp_MessageMSGCB_10
   \   0000FB   8032         SJMP    ??SampleApp_MessageMSGCB_11
    449                    {
    450                      case 1:            
    451                        P0 |= 0x01;            
   \                     ??SampleApp_MessageMSGCB_3:
   \   0000FD   D280         SETB    0x80.0
    452                        P1 |= 0x00;
   \                     ??SampleApp_MessageMSGCB_12:
   \   0000FF   859090       MOV     0x90,0x90
    453                        break;
   \   000102   802B         SJMP    ??SampleApp_MessageMSGCB_11
    454                      case 2:
    455                        P0 |= 0x03;
   \                     ??SampleApp_MessageMSGCB_4:
   \   000104   438003       ORL     0x80,#0x3
    456                        P1 |= 0x00;
   \   000107   80F6         SJMP    ??SampleApp_MessageMSGCB_12
    457                        break;
    458                      case 3:
    459                        P0 |= 0x03;
   \                     ??SampleApp_MessageMSGCB_5:
   \   000109   438003       ORL     0x80,#0x3
    460                        P1 |= 0x04;
   \   00010C   D292         SETB    0x90.2
    461                        break;
   \   00010E   801F         SJMP    ??SampleApp_MessageMSGCB_11
    462                      case 4:
    463                        P0 |= 0x03;
   \                     ??SampleApp_MessageMSGCB_6:
   \   000110   438003       ORL     0x80,#0x3
    464                        P1 |= 0x0c;
   \                     ??SampleApp_MessageMSGCB_13:
   \   000113   43900C       ORL     0x90,#0xc
    465                        break;
   \   000116   8017         SJMP    ??SampleApp_MessageMSGCB_11
    466                      case 5:
    467                        P0 |= 0x13;
   \                     ??SampleApp_MessageMSGCB_7:
   \   000118   438013       ORL     0x80,#0x13
    468                        P1 |= 0x0c;
   \   00011B   80F6         SJMP    ??SampleApp_MessageMSGCB_13
    469                        break;
    470                      case 6:
    471                        P0 |= 0x33;
   \                     ??SampleApp_MessageMSGCB_8:
   \   00011D   438033       ORL     0x80,#0x33
    472                        P1 |= 0x0c;
   \   000120   80F1         SJMP    ??SampleApp_MessageMSGCB_13
    473                        break;
    474                      case 7:
    475                        P0 |= 0x73;
   \                     ??SampleApp_MessageMSGCB_9:
   \   000122   438073       ORL     0x80,#0x73
    476                        P1 |= 0x0c;
   \   000125   80EC         SJMP    ??SampleApp_MessageMSGCB_13
    477                        break;
    478                      case 8:
    479                        P0 |= 0x73;
   \                     ??SampleApp_MessageMSGCB_10:
   \   000127   438073       ORL     0x80,#0x73
    480                        P1 |= 0x0c;
   \   00012A   43900C       ORL     0x90,#0xc
    481                        P2 |= 0x01;
   \   00012D   D2A0         SETB    0xa0.0
    482                        break;
    483                      default:
    484                        break;
    485                    }
    486                    SampleApp_Send_P2P_Message(pkt->LinkQuality);
   \                     ??SampleApp_MessageMSGCB_11:
   \   00012F                ; Setup parameters for call to function SampleApp_Send_P2P_Message
   \   00012F   EE           MOV     A,R6
   \   000130   2416         ADD     A,#0x16
   \   000132   12....       LCALL   ??Subroutine6_0 & 0xFFFF
    487                }
   \                     ??CrossCallReturnLabel_8:
   \   000135   F9           MOV     R1,A
   \   000136   12....       LCALL   ??SampleApp_Send_P2P_Message?relay
   \   000139   8033         SJMP    ??SampleApp_MessageMSGCB_0
    488                break;  
    489                
    490              case SAMPLEAPP_FLASH_CLUSTERID:
    491                flashTime = BUILD_UINT16(pkt->cmd.Data[1], pkt->cmd.Data[2] );
    492                HalLedBlink( HAL_LED_4, 4, 50, (flashTime / 4) );
   \                     ??SampleApp_MessageMSGCB_1:
   \   00013B   12....       LCALL   ?Subroutine3 & 0xFFFF
   \                     ??CrossCallReturnLabel_10:
   \   00013E   F8           MOV     R0,A
   \   00013F   A3           INC     DPTR
   \   000140   E0           MOVX    A,@DPTR
   \   000141   F9           MOV     R1,A
   \   000142                ; Setup parameters for call to function HalLedBlink
   \   000142   8882         MOV     DPL,R0
   \   000144   8983         MOV     DPH,R1
   \   000146   A3           INC     DPTR
   \   000147   E0           MOVX    A,@DPTR
   \   000148   FA           MOV     R2,A
   \   000149   8882         MOV     DPL,R0
   \   00014B   8983         MOV     DPH,R1
   \   00014D   A3           INC     DPTR
   \   00014E   A3           INC     DPTR
   \   00014F   E0           MOVX    A,@DPTR
   \   000150   F9           MOV     R1,A
   \   000151   EA           MOV     A,R2
   \   000152   2400         ADD     A,#0x0
   \   000154   F5..         MOV     ?V0 + 0,A
   \   000156   E4           CLR     A
   \   000157   39           ADDC    A,R1
   \   000158   F5..         MOV     ?V0 + 1,A
   \   00015A   7402         MOV     A,#0x2
   \   00015C   78..         MOV     R0,#?V0 + 0
   \   00015E   12....       LCALL   ?US_SHR
   \   000161   AC..         MOV     R4,?V0 + 0
   \   000163   AD..         MOV     R5,?V0 + 1
   \   000165   7B32         MOV     R3,#0x32
   \   000167   7A04         MOV     R2,#0x4
   \   000169   7908         MOV     R1,#0x8
   \   00016B   12....       LCALL   ??HalLedBlink?relay
    493                break;
    494            }
    495          }
   \                     ??SampleApp_MessageMSGCB_0:
   \   00016E   7406         MOV     A,#0x6
   \   000170   02....       LJMP    ?Subroutine0 & 0xFFFF
   \   000173                REQUIRE P0DIR
   \   000173                REQUIRE P1DIR
   \   000173                REQUIRE P2DIR
   \   000173                REQUIRE _A_P0
   \   000173                REQUIRE _A_P1
   \   000173                REQUIRE _A_P2

   \                                 In  segment BANKED_CODE, align 1, keep-with-next
   \                     ?Subroutine3:
   \   000000   EE           MOV     A,R6
   \   000001   2422         ADD     A,#0x22
   \   000003                REQUIRE ??Subroutine6_0
   \   000003                ; // Fall through to label ??Subroutine6_0

   \                                 In  segment BANKED_CODE, align 1, keep-with-next
   \                     ??Subroutine6_0:
   \   000000   F582         MOV     DPL,A
   \   000002   EF           MOV     A,R7
   \   000003   3400         ADDC    A,#0x0
   \   000005   F583         MOV     DPH,A
   \   000007   E0           MOVX    A,@DPTR
   \   000008   22           RET
    496          
    497          /*********************************************************************
    498           * @fn      SampleApp_SendPeriodicMessage
    499           *
    500           * @brief   Send the periodic message.
    501           *
    502           * @param   none
    503           *
    504           * @return  none
    505           */

   \                                 In  segment BANKED_CODE, align 1, keep-with-next
    506          void SampleApp_SendPeriodicMessage(uint8 ADR)
   \                     SampleApp_SendPeriodicMessage:
    507          {
   \   000000   74F6         MOV     A,#-0xa
   \   000002   12....       LCALL   ?BANKED_ENTER_XDATA
   \   000005                ; Saved register size: 10
   \   000005                ; Auto size: 3
   \   000005   74FD         MOV     A,#-0x3
   \   000007   12....       LCALL   ?ALLOC_XSTACK8
   \   00000A   E9           MOV     A,R1
   \   00000B   FE           MOV     R6,A
    508            uint8 data[]="D1";
   \   00000C   85..82       MOV     DPL,?XSP + 0
   \   00000F   85..83       MOV     DPH,?XSP + 1
   \   000012   AC82         MOV     R4,DPL
   \   000014   AD83         MOV     R5,DPH
   \   000016   7583..       MOV     DPH,#(`?<Constant "D1">` >> 8) & 0xff
   \   000019   7582..       MOV     DPL,#`?<Constant "D1">` & 0xff
   \   00001C   7403         MOV     A,#0x3
   \   00001E   12....       LCALL   ?MOVE_LONG8_XDATA_XDATA
    509            data[1]=ADR+0X30;
   \   000021   7430         MOV     A,#0x30
   \   000023   2E           ADD     A,R6
   \   000024   C0E0         PUSH    A
   \   000026   7401         MOV     A,#0x1
   \   000028   12....       LCALL   ?XSTACK_DISP0_8
   \   00002B   D0E0         POP     A
   \   00002D   12....       LCALL   ?Subroutine4 & 0xFFFF
    510            if ( AF_DataRequest( &SampleApp_Periodic_DstAddr, &SampleApp_epDesc,
    511                                 SAMPLEAPP_PERIODIC_CLUSTERID,
    512                                 2,
    513                                 data,
    514                                 &SampleApp_TransID,
    515                                 AF_DISCV_ROUTE,
    516                                 AF_DEFAULT_RADIUS ) == afStatus_SUCCESS )
   \                     ??CrossCallReturnLabel_0:
   \   000030   12....       LCALL   ?PUSH_XSTACK_I_ONE
   \   000033   75....       MOV     ?V0 + 0,#SampleApp_TransID & 0xff
   \   000036   75....       MOV     ?V0 + 1,#(SampleApp_TransID >> 8) & 0xff
   \   000039   78..         MOV     R0,#?V0 + 0
   \   00003B   12....       LCALL   ?PUSH_XSTACK_I_TWO
   \   00003E   7403         MOV     A,#0x3
   \   000040   12....       LCALL   ?XSTACK_DISP0_8
   \   000043   8582..       MOV     ?V0 + 0,DPL
   \   000046   8583..       MOV     ?V0 + 1,DPH
   \   000049   78..         MOV     R0,#?V0 + 0
   \   00004B   12....       LCALL   ?PUSH_XSTACK_I_TWO
   \   00004E   75..02       MOV     ?V0 + 0,#0x2
   \   000051   75..00       MOV     ?V0 + 1,#0x0
   \   000054   78..         MOV     R0,#?V0 + 0
   \   000056   12....       LCALL   ?PUSH_XSTACK_I_TWO
   \   000059   75..01       MOV     ?V0 + 0,#0x1
   \   00005C   78..         MOV     R0,#?V0 + 0
   \   00005E   12....       LCALL   ?PUSH_XSTACK_I_TWO
   \   000061   7920         MOV     R1,#0x20
   \   000063   7C..         MOV     R4,#SampleApp_epDesc & 0xff
   \   000065   7D..         MOV     R5,#(SampleApp_epDesc >> 8) & 0xff
   \   000067   7A..         MOV     R2,#SampleApp_Periodic_DstAddr & 0xff
   \   000069   7B..         MOV     R3,#(SampleApp_Periodic_DstAddr >> 8) & 0xff
   \   00006B   02....       LJMP    ?Subroutine1 & 0xFFFF
    517            {
    518            }
    519            else
    520            {
    521              // Error occurred in request to send.
    522            }
    523          }

   \                                 In  segment BANKED_CODE, align 1, keep-with-next
   \                     ?Subroutine4:
   \   000000   F0           MOVX    @DPTR,A
   \   000001                ; Setup parameters for call to function AF_DataRequest
   \   000001                ; Setup parameters for call to function AF_DataRequest
   \   000001                ; Setup parameters for call to function AF_DataRequest
   \   000001   75..1E       MOV     ?V0 + 0,#0x1e
   \   000004   78..         MOV     R0,#?V0 + 0
   \   000006   22           RET

   \                                 In  segment BANKED_CODE, align 1, keep-with-next
   \                     ?Subroutine1:
   \   000000   12....       LCALL   ??AF_DataRequest?relay
   \   000003   7409         MOV     A,#0x9
   \   000005   12....       LCALL   ?DEALLOC_XSTACK8
   \   000008   7403         MOV     A,#0x3
   \   00000A   12....       LCALL   ?DEALLOC_XSTACK8
   \   00000D                REQUIRE ??Subroutine7_0
   \   00000D                ; // Fall through to label ??Subroutine7_0
    524          
    525          /*********************************************************************
    526           * @fn      SampleApp_SendFlashMessage
    527           *
    528           * @brief   Send the flash message to group 1.
    529           *
    530           * @param   flashTime - in milliseconds
    531           *
    532           * @return  none
    533           */

   \                                 In  segment BANKED_CODE, align 1, keep-with-next
    534          void SampleApp_SendFlashMessage( uint16 flashTime )
   \                     SampleApp_SendFlashMessage:
    535          {
   \   000000   74F6         MOV     A,#-0xa
   \   000002   12....       LCALL   ?BANKED_ENTER_XDATA
   \   000005                ; Saved register size: 10
   \   000005                ; Auto size: 3
   \   000005   74FD         MOV     A,#-0x3
   \   000007   12....       LCALL   ?ALLOC_XSTACK8
    536            uint8 buffer[3];
    537            buffer[0] = (uint8)(SampleAppFlashCounter++);
   \   00000A   90....       MOV     DPTR,#SampleAppFlashCounter
   \   00000D   12....       LCALL   ??Subroutine5_0 & 0xFFFF
   \                     ??CrossCallReturnLabel_3:
   \   000010   90....       MOV     DPTR,#SampleAppFlashCounter
   \   000013   E0           MOVX    A,@DPTR
   \   000014   04           INC     A
   \   000015   F0           MOVX    @DPTR,A
    538            buffer[1] = LO_UINT16( flashTime );
   \   000016   7401         MOV     A,#0x1
   \   000018   12....       LCALL   ?XSTACK_DISP0_8
   \   00001B   EA           MOV     A,R2
   \   00001C   F0           MOVX    @DPTR,A
    539            buffer[2] = HI_UINT16( flashTime );
   \   00001D   7402         MOV     A,#0x2
   \   00001F   12....       LCALL   ?XSTACK_DISP0_8
   \   000022   EB           MOV     A,R3
   \   000023   12....       LCALL   ?Subroutine4 & 0xFFFF
    540          
    541            if ( AF_DataRequest( &SampleApp_Flash_DstAddr, &SampleApp_epDesc,
    542                                 SAMPLEAPP_FLASH_CLUSTERID,
    543                                 3,
    544                                 buffer,
    545                                 &SampleApp_TransID,
    546                                 AF_DISCV_ROUTE,
    547                                 AF_DEFAULT_RADIUS ) == afStatus_SUCCESS )
   \                     ??CrossCallReturnLabel_1:
   \   000026   12....       LCALL   ?PUSH_XSTACK_I_ONE
   \   000029   75....       MOV     ?V0 + 0,#SampleApp_TransID & 0xff
   \   00002C   75....       MOV     ?V0 + 1,#(SampleApp_TransID >> 8) & 0xff
   \   00002F   78..         MOV     R0,#?V0 + 0
   \   000031   12....       LCALL   ?PUSH_XSTACK_I_TWO
   \   000034   7403         MOV     A,#0x3
   \   000036   12....       LCALL   ?XSTACK_DISP0_8
   \   000039   8582..       MOV     ?V0 + 0,DPL
   \   00003C   8583..       MOV     ?V0 + 1,DPH
   \   00003F   78..         MOV     R0,#?V0 + 0
   \   000041   12....       LCALL   ?PUSH_XSTACK_I_TWO
   \   000044   75..03       MOV     ?V0 + 0,#0x3
   \   000047   75..00       MOV     ?V0 + 1,#0x0
   \   00004A   78..         MOV     R0,#?V0 + 0
   \   00004C   12....       LCALL   ?PUSH_XSTACK_I_TWO
   \   00004F   75..02       MOV     ?V0 + 0,#0x2
   \   000052   78..         MOV     R0,#?V0 + 0
   \   000054   12....       LCALL   ?PUSH_XSTACK_I_TWO
   \   000057   7920         MOV     R1,#0x20
   \   000059   7C..         MOV     R4,#SampleApp_epDesc & 0xff
   \   00005B   7D..         MOV     R5,#(SampleApp_epDesc >> 8) & 0xff
   \   00005D   7A..         MOV     R2,#SampleApp_Flash_DstAddr & 0xff
   \   00005F   7B..         MOV     R3,#(SampleApp_Flash_DstAddr >> 8) & 0xff
   \   000061   80..         SJMP    ?Subroutine1
    548            {
    549            }
    550            else
    551            {
    552              // Error occurred in request to send.
    553            }
    554          }
    555          

   \                                 In  segment BANKED_CODE, align 1, keep-with-next
    556          void SampleApp_Send_P2P_Message(uint8 quality) 
   \                     SampleApp_Send_P2P_Message:
    557          { 
   \   000000   74F6         MOV     A,#-0xa
   \   000002   12....       LCALL   ?BANKED_ENTER_XDATA
   \   000005                ; Saved register size: 10
   \   000005                ; Auto size: 3
   \   000005   74FD         MOV     A,#-0x3
   \   000007   12....       LCALL   ?ALLOC_XSTACK8
    558            
    559            uint8  strTemp[3];
    560            strTemp[0] = 111;
   \   00000A   85..82       MOV     DPL,?XSP + 0
   \   00000D   85..83       MOV     DPH,?XSP + 1
   \   000010   746F         MOV     A,#0x6f
   \   000012   F0           MOVX    @DPTR,A
    561            strTemp[1] = TXPOWER;
   \   000013   906190       MOV     DPTR,#0x6190
   \   000016   E0           MOVX    A,@DPTR
   \   000017   C0E0         PUSH    A
   \   000019   7401         MOV     A,#0x1
   \   00001B   12....       LCALL   ?XSTACK_DISP0_8
   \   00001E   D0E0         POP     A
   \   000020   F0           MOVX    @DPTR,A
    562            strTemp[2] = quality;
   \   000021   7402         MOV     A,#0x2
   \   000023   12....       LCALL   ?XSTACK_DISP0_8
   \   000026   E9           MOV     A,R1
   \   000027   12....       LCALL   ?Subroutine4 & 0xFFFF
    563            
    564              if ( AF_DataRequest( &SampleApp_P2P_DstAddr, &SampleApp_epDesc, 
    565                                    SAMPLEAPP_P2P_CLUSTERID, 
    566                                    3, 
    567                                    strTemp, 
    568                                    &SampleApp_TransID, 
    569                                    AF_DISCV_ROUTE, 
    570                                    AF_DEFAULT_RADIUS ) == afStatus_SUCCESS ) 
   \                     ??CrossCallReturnLabel_2:
   \   00002A   12....       LCALL   ?PUSH_XSTACK_I_ONE
   \   00002D   75....       MOV     ?V0 + 0,#SampleApp_TransID & 0xff
   \   000030   75....       MOV     ?V0 + 1,#(SampleApp_TransID >> 8) & 0xff
   \   000033   78..         MOV     R0,#?V0 + 0
   \   000035   12....       LCALL   ?PUSH_XSTACK_I_TWO
   \   000038   7403         MOV     A,#0x3
   \   00003A   12....       LCALL   ?XSTACK_DISP0_8
   \   00003D   8582..       MOV     ?V0 + 0,DPL
   \   000040   8583..       MOV     ?V0 + 1,DPH
   \   000043   78..         MOV     R0,#?V0 + 0
   \   000045   12....       LCALL   ?PUSH_XSTACK_I_TWO
   \   000048   75..03       MOV     ?V0 + 0,#0x3
   \   00004B   75..00       MOV     ?V0 + 1,#0x0
   \   00004E   78..         MOV     R0,#?V0 + 0
   \   000050   12....       LCALL   ?PUSH_XSTACK_I_TWO
   \   000053   75..04       MOV     ?V0 + 0,#0x4
   \   000056   78..         MOV     R0,#?V0 + 0
   \   000058   12....       LCALL   ?PUSH_XSTACK_I_TWO
   \   00005B   7920         MOV     R1,#0x20
   \   00005D   7C..         MOV     R4,#SampleApp_epDesc & 0xff
   \   00005F   7D..         MOV     R5,#(SampleApp_epDesc >> 8) & 0xff
   \   000061   7A..         MOV     R2,#SampleApp_P2P_DstAddr & 0xff
   \   000063   7B..         MOV     R3,#(SampleApp_P2P_DstAddr >> 8) & 0xff
   \   000065                REQUIRE ?Subroutine1
   \   000065                ; // Fall through to label ?Subroutine1
    571              { 
    572                
    573              }
    574              else 
    575              { 
    576                  // Error occurred in request to send. 
    577              } 
    578          } 
    579          /*********************************************************************
    580          *********************************************************************/

   \                                 In  segment BANKED_CODE, align 1, keep-with-next
    581          char abs(char x)
   \                     abs:
    582          {
   \   000000                ; Saved register size: 0
   \   000000                ; Auto size: 0
    583            if(x>=0)
                       ^
Warning[Pe186]: pointless comparison of unsigned integer with zero
    584              return x;
   \   000000   02....       LJMP    ?BRET
    585            else
    586              return -x;
    587          }

   \                                 In  segment XDATA_ID, align 1, keep-with-next
   \                     `?<Initializer for ADDR>`:
   \   000000   01           DB 1

   \                                 In  segment BANK_RELAYS, align 1
   \                     ??SampleApp_Init?relay:
   \   000000   12....       LCALL   ?BDISPATCH
   \   000003   ......       DC24    SampleApp_Init

   \                                 In  segment BANK_RELAYS, align 1
   \                     ??SampleApp_ProcessEvent?relay:
   \   000000   12....       LCALL   ?BDISPATCH
   \   000003   ......       DC24    SampleApp_ProcessEvent

   \                                 In  segment BANK_RELAYS, align 1
   \                     ??SampleApp_HandleKeys?relay:
   \   000000   12....       LCALL   ?BDISPATCH
   \   000003   ......       DC24    SampleApp_HandleKeys

   \                                 In  segment BANK_RELAYS, align 1
   \                     ??SampleApp_MessageMSGCB?relay:
   \   000000   12....       LCALL   ?BDISPATCH
   \   000003   ......       DC24    SampleApp_MessageMSGCB

   \                                 In  segment BANK_RELAYS, align 1
   \                     ??SampleApp_SendPeriodicMessage?relay:
   \   000000   12....       LCALL   ?BDISPATCH
   \   000003   ......       DC24    SampleApp_SendPeriodicMessage

   \                                 In  segment BANK_RELAYS, align 1
   \                     ??SampleApp_SendFlashMessage?relay:
   \   000000   12....       LCALL   ?BDISPATCH
   \   000003   ......       DC24    SampleApp_SendFlashMessage

   \                                 In  segment BANK_RELAYS, align 1
   \                     ??SampleApp_Send_P2P_Message?relay:
   \   000000   12....       LCALL   ?BDISPATCH
   \   000003   ......       DC24    SampleApp_Send_P2P_Message

   \                                 In  segment BANK_RELAYS, align 1
   \                     ??abs?relay:
   \   000000   12....       LCALL   ?BDISPATCH
   \   000003   ......       DC24    abs

   \                                 In  segment XDATA_ROM_C, align 1
   \                     `?<Constant "Group 1">`:
   \   000000   47726F75     DB "Group 1"
   \            70203100

   \                                 In  segment XDATA_ROM_C, align 1
   \                     `?<Constant {0}>`:
   \   000000   00           DB 0
   \   000001   000000       DB 0, 0, 0

   \                                 In  segment XDATA_ROM_C, align 1
   \                     `?<Constant "D1">`:
   \   000000   443100       DB "D1"

   Maximum stack usage in bytes:

     Function                       ISTACK PSTACK XSTACK
     --------                       ------ ------ ------
     SampleApp_HandleKeys               0      0     22
       -> SampleApp_SendFlashMessage
                                        0      0     20
       -> aps_FindGroup                 0      0     20
       -> aps_RemoveGroup               0      0     20
       -> aps_AddGroup                  0      0     20
     SampleApp_Init                     1      0     15
       -> MT_UartInit                   0      0     24
       -> MT_UartRegisterTaskID         0      0     24
       -> HalUARTWrite                  0      0     24
       -> afRegister                    0      0     24
       -> RegisterForKeys               0      0     24
       -> osal_memcpy                   0      0     30
       -> aps_AddGroup                  0      0     24
     SampleApp_MessageMSGCB             2      0     32
       -> osal_memcpy                   0      0     40
       -> HalUARTWrite                  0      0     34
       -> SampleApp_Send_P2P_Message
                                        0      0     34
       -> HalLedBlink                   0      0     34
     SampleApp_ProcessEvent             0      0     12
       -> osal_msg_receive              0      0     24
       -> osal_start_timerEx            0      0     24
       -> SampleApp_Send_P2P_Message
                                        0      0     24
       -> osal_msg_deallocate           0      0     24
       -> osal_msg_receive              0      0     24
       -> SampleApp_HandleKeys          0      0     24
       -> SampleApp_MessageMSGCB        0      0     24
       -> osal_rand                     0      0     24
       -> osal_start_timerEx            0      0     24
     SampleApp_SendFlashMessage         1      0     32
       -> AF_DataRequest                0      0     44
     SampleApp_SendPeriodicMessage      2      0     22
       -> AF_DataRequest                0      0     44
     SampleApp_Send_P2P_Message         1      0     39
       -> AF_DataRequest                0      0     44
     abs                                0      0      0


   Segment part sizes:

     Function/Label                        Bytes
     --------------                        -----
     _A_P0                                    1
     _A_P1                                    1
     _A_P2                                    1
     P0DIR                                    1
     P1DIR                                    1
     P2DIR                                    1
     SampleApp_ClusterList                    4
     SampleApp_SimpleDesc                    12
     SampleApp_epDesc                         6
     SampleApp_TaskID                         1
     SampleApp_NwkState                       1
     SampleApp_TransID                        1
     SampleApp_Periodic_DstAddr              12
     SampleApp_Flash_DstAddr                 12
     SampleApp_P2P_DstAddr                   12
     SampleApp_Group                         18
     SampleAppPeriodicCounter                 1
     SampleAppFlashCounter                    1
     ADDR                                     1
     LanFlagT                                 1
     LanFlagR                                 1
     RXDATA                                   1
     RX_F                                     1
     SampleApp_Init                         194
     ?Subroutine0                             8
     ?Subroutine2                             3
     ??Subroutine5_0                          9
     SampleApp_ProcessEvent                 173
     SampleApp_HandleKeys                    62
     ??Subroutine7_0                          5
     SampleApp_MessageMSGCB                 371
     ?Subroutine3                             3
     ??Subroutine6_0                          9
     SampleApp_SendPeriodicMessage          110
     ?Subroutine4                             7
     ?Subroutine1                            13
     SampleApp_SendFlashMessage              99
     SampleApp_Send_P2P_Message             101
     abs                                      3
     ?<Initializer for ADDR>                  1
     ??SampleApp_Init?relay                   6
     ??SampleApp_ProcessEvent?relay           6
     ??SampleApp_HandleKeys?relay             6
     ??SampleApp_MessageMSGCB?relay           6
     ??SampleApp_SendPeriodicMessage?relay    6
     ??SampleApp_SendFlashMessage?relay       6
     ??SampleApp_Send_P2P_Message?relay       6
     ??abs?relay                              6
     ?<Constant "Group 1">                    8
     ?<Constant {0}>                          4
     ?<Constant "D1">                         3

 
 1 170 bytes in segment BANKED_CODE
    48 bytes in segment BANK_RELAYS
     6 bytes in segment SFR_AN
     1 byte  in segment XDATA_I
     1 byte  in segment XDATA_ID
    31 bytes in segment XDATA_ROM_C
    69 bytes in segment XDATA_Z
 
 1 219 bytes of CODE  memory
    31 bytes of CONST memory
     0 bytes of DATA  memory (+ 6 bytes shared)
    70 bytes of XDATA memory

Errors: none
Warnings: 1
