###############################################################################
#                                                                             #
# IAR C/C++ Compiler V8.10.3.10338/W32 for 8051         04/Aug/2014  10:10:13 #
# Copyright 2004-2011 IAR Systems AB.                                         #
#                                                                             #
#    Core               =  plain                                              #
#    Code model         =  banked                                             #
#    Data model         =  large                                              #
#    Calling convention =  xdata reentrant                                    #
#    Constant location  =  data_rom                                           #
#    Dptr setup         =  1,16                                               #
#    Source file        =  C:\Texas Instruments\ZStack-CC2530-2.5.1a\Projects #
#                          \zstack\Samples\SampleApp\Source\SampleApp.c       #
#    Command line       =  -f "C:\Texas Instruments\ZStack-CC2530-2.5.1a\Proj #
#                          ects\zstack\Samples\SampleApp\CC2530DB\..\..\..\To #
#                          ols\CC2530DB\f8wCoord.cfg" (-DCPU32MHZ             #
#                          -DROOT=__near_func -DMAC_CFG_APP_PENDING_QUEUE=TRU #
#                          E -DMAC_CFG_TX_DATA_MAX=5 -DMAC_CFG_TX_MAX=8       #
#                          -DMAC_CFG_RX_MAX=5 -DZDO_COORDINATOR -DRTR_NWK)    #
#                          -f "C:\Texas Instruments\ZStack-CC2530-2.5.1a\Proj #
#                          ects\zstack\Samples\SampleApp\CC2530DB\..\..\..\To #
#                          ols\CC2530DB\f8wConfig.cfg" (-DZIGBEEPRO           #
#                          -DSECURE=0 -DZG_SECURE_DYNAMIC=0 -DREFLECTOR       #
#                          -DDEFAULT_CHANLIST=0x00000800                      #
#                          -DZDAPP_CONFIG_PAN_ID=0xFFFF                       #
#                          -DNWK_START_DELAY=100 -DEXTENDED_JOINING_RANDOM_MA #
#                          SK=0x007F -DBEACON_REQUEST_DELAY=100               #
#                          -DBEACON_REQ_DELAY_MASK=0x00FF                     #
#                          -DLINK_STATUS_JITTER_MASK=0x007F                   #
#                          -DROUTE_EXPIRY_TIME=30 -DAPSC_ACK_WAIT_DURATION_PO #
#                          LLED=3000 -DNWK_INDIRECT_MSG_TIMEOUT=7             #
#                          -DMAX_RREQ_ENTRIES=8 -DAPSC_MAX_FRAME_RETRIES=3    #
#                          -DNWK_MAX_DATA_RETRIES=2                           #
#                          -DMAX_POLL_FAILURE_RETRIES=2 -DMAX_BCAST=9         #
#                          -DAPS_MAX_GROUPS=16 -DMAX_RTG_ENTRIES=40           #
#                          -DNWK_MAX_BINDING_ENTRIES=4                        #
#                          -DMAX_BINDING_CLUSTER_IDS=4 "-DDEFAULT_KEY={0x01,  #
#                          0x03, 0x05, 0x07, 0x09, 0x0B, 0x0D, 0x0F, 0x00,    #
#                          0x02, 0x04, 0x06, 0x08, 0x0A, 0x0C, 0x0D}"         #
#                          -DMAC_MAX_FRAME_SIZE=116                           #
#                          -DZDNWKMGR_MIN_TRANSMISSIONS=20 "-DCONST=const     #
#                          __code" -DGENERIC=__generic                        #
#                          -DRFD_RCVC_ALWAYS_ON=FALSE -DPOLL_RATE=1000        #
#                          -DQUEUED_POLL_RATE=100 -DRESPONSE_POLL_RATE=100)   #
#                          -DREJOIN_POLL_RATE=440 "C:\Texas                   #
#                          Instruments\ZStack-CC2530-2.5.1a\Projects\zstack\S #
#                          amples\SampleApp\Source\SampleApp.c" -D            #
#                          xBUILD_ALL_DEVICES -D xHOLD_AUTO_START -D          #
#                          xLCD_SUPPORTED -D xHAL_UART=FALSE -D ZIGBEEPRO -D  #
#                          ZTOOL_P1 -lC "C:\Texas Instruments\ZStack-CC2530-2 #
#                          .5.1a\Projects\zstack\Samples\SampleApp\CC2530DB\D #
#                          emoEB\List\" -lA "C:\Texas                         #
#                          Instruments\ZStack-CC2530-2.5.1a\Projects\zstack\S #
#                          amples\SampleApp\CC2530DB\DemoEB\List\"            #
#                          --diag_suppress Pe001,Pa010 -o "C:\Texas           #
#                          Instruments\ZStack-CC2530-2.5.1a\Projects\zstack\S #
#                          amples\SampleApp\CC2530DB\DemoEB\Obj\" -e          #
#                          --no_code_motion --debug --core=plain --dptr=16,1  #
#                          --data_model=large --code_model=banked             #
#                          --calling_convention=xdata_reentrant               #
#                          --place_constants=data_rom --nr_virtual_regs 16    #
#                          -I "C:\Texas Instruments\ZStack-CC2530-2.5.1a\Proj #
#                          ects\zstack\Samples\SampleApp\CC2530DB\" -I        #
#                          "C:\Texas Instruments\ZStack-CC2530-2.5.1a\Project #
#                          s\zstack\Samples\SampleApp\CC2530DB\..\Source\"    #
#                          -I "C:\Texas Instruments\ZStack-CC2530-2.5.1a\Proj #
#                          ects\zstack\Samples\SampleApp\CC2530DB\..\..\..\ZM #
#                          ain\TI2530DB\" -I "C:\Texas                        #
#                          Instruments\ZStack-CC2530-2.5.1a\Projects\zstack\S #
#                          amples\SampleApp\CC2530DB\..\..\..\..\..\Component #
#                          s\hal\include\" -I "C:\Texas                       #
#                          Instruments\ZStack-CC2530-2.5.1a\Projects\zstack\S #
#                          amples\SampleApp\CC2530DB\..\..\..\..\..\Component #
#                          s\hal\target\CC2530EB\" -I "C:\Texas               #
#                          Instruments\ZStack-CC2530-2.5.1a\Projects\zstack\S #
#                          amples\SampleApp\CC2530DB\..\..\..\..\..\Component #
#                          s\mac\include\" -I "C:\Texas                       #
#                          Instruments\ZStack-CC2530-2.5.1a\Projects\zstack\S #
#                          amples\SampleApp\CC2530DB\..\..\..\..\..\Component #
#                          s\mac\high_level\" -I "C:\Texas                    #
#                          Instruments\ZStack-CC2530-2.5.1a\Projects\zstack\S #
#                          amples\SampleApp\CC2530DB\..\..\..\..\..\Component #
#                          s\mac\low_level\srf04\" -I "C:\Texas               #
#                          Instruments\ZStack-CC2530-2.5.1a\Projects\zstack\S #
#                          amples\SampleApp\CC2530DB\..\..\..\..\..\Component #
#                          s\mac\low_level\srf04\single_chip\" -I "C:\Texas   #
#                          Instruments\ZStack-CC2530-2.5.1a\Projects\zstack\S #
#                          amples\SampleApp\CC2530DB\..\..\..\..\..\Component #
#                          s\mt\" -I "C:\Texas Instruments\ZStack-CC2530-2.5. #
#                          1a\Projects\zstack\Samples\SampleApp\CC2530DB\..\. #
#                          .\..\..\..\Components\osal\include\" -I "C:\Texas  #
#                          Instruments\ZStack-CC2530-2.5.1a\Projects\zstack\S #
#                          amples\SampleApp\CC2530DB\..\..\..\..\..\Component #
#                          s\services\saddr\" -I "C:\Texas                    #
#                          Instruments\ZStack-CC2530-2.5.1a\Projects\zstack\S #
#                          amples\SampleApp\CC2530DB\..\..\..\..\..\Component #
#                          s\services\sdata\" -I "C:\Texas                    #
#                          Instruments\ZStack-CC2530-2.5.1a\Projects\zstack\S #
#                          amples\SampleApp\CC2530DB\..\..\..\..\..\Component #
#                          s\stack\af\" -I "C:\Texas                          #
#                          Instruments\ZStack-CC2530-2.5.1a\Projects\zstack\S #
#                          amples\SampleApp\CC2530DB\..\..\..\..\..\Component #
#                          s\stack\nwk\" -I "C:\Texas                         #
#                          Instruments\ZStack-CC2530-2.5.1a\Projects\zstack\S #
#                          amples\SampleApp\CC2530DB\..\..\..\..\..\Component #
#                          s\stack\sapi\" -I "C:\Texas                        #
#                          Instruments\ZStack-CC2530-2.5.1a\Projects\zstack\S #
#                          amples\SampleApp\CC2530DB\..\..\..\..\..\Component #
#                          s\stack\sec\" -I "C:\Texas                         #
#                          Instruments\ZStack-CC2530-2.5.1a\Projects\zstack\S #
#                          amples\SampleApp\CC2530DB\..\..\..\..\..\Component #
#                          s\stack\sys\" -I "C:\Texas                         #
#                          Instruments\ZStack-CC2530-2.5.1a\Projects\zstack\S #
#                          amples\SampleApp\CC2530DB\..\..\..\..\..\Component #
#                          s\stack\zdo\" -I "C:\Texas                         #
#                          Instruments\ZStack-CC2530-2.5.1a\Projects\zstack\S #
#                          amples\SampleApp\CC2530DB\..\..\..\..\..\Component #
#                          s\zmac\" -I "C:\Texas Instruments\ZStack-CC2530-2. #
#                          5.1a\Projects\zstack\Samples\SampleApp\CC2530DB\.. #
#                          \..\..\..\..\Components\zmac\f8w\" -Ohz            #
#                          --require_prototypes                               #
#    List file          =  C:\Texas Instruments\ZStack-CC2530-2.5.1a\Projects #
#                          \zstack\Samples\SampleApp\CC2530DB\DemoEB\List\Sam #
#                          pleApp.lst                                         #
#    Object file        =  C:\Texas Instruments\ZStack-CC2530-2.5.1a\Projects #
#                          \zstack\Samples\SampleApp\CC2530DB\DemoEB\Obj\Samp #
#                          leApp.r51                                          #
#                                                                             #
#                                                                             #
###############################################################################

C:\Texas Instruments\ZStack-CC2530-2.5.1a\Projects\zstack\Samples\SampleApp\Source\SampleApp.c
      1          /**************************************************************************************************
      2            Filename:       SampleApp.c
      3            Revised:        $Date: 2009-03-18 15:56:27 -0700 (Wed, 18 Mar 2009) $
      4            Revision:       $Revision: 19453 $
      5          
      6            Description:    Sample Application (no Profile).
      7          
      8          
      9            Copyright 2007 Texas Instruments Incorporated. All rights reserved.
     10          
     11            IMPORTANT: Your use of this Software is limited to those specific rights
     12            granted under the terms of a software license agreement between the user
     13            who downloaded the software, his/her employer (which must be your employer)
     14            and Texas Instruments Incorporated (the "License").  You may not use this
     15            Software unless you agree to abide by the terms of the License. The License
     16            limits your use, and you acknowledge, that the Software may not be modified,
     17            copied or distributed unless embedded on a Texas Instruments microcontroller
     18            or used solely and exclusively in conjunction with a Texas Instruments radio
     19            frequency transceiver, which is integrated into your product.  Other than for
     20            the foregoing purpose, you may not use, reproduce, copy, prepare derivative
     21            works of, modify, distribute, perform, display or sell this Software and/or
     22            its documentation for any purpose.
     23          
     24            YOU FURTHER ACKNOWLEDGE AND AGREE THAT THE SOFTWARE AND DOCUMENTATION ARE
     25            PROVIDED AS IS?WITHOUT WARRANTY OF ANY KIND, EITHER EXPRESS OR IMPLIED,
     26            INCLUDING WITHOUT LIMITATION, ANY WARRANTY OF MERCHANTABILITY, TITLE,
     27            NON-INFRINGEMENT AND FITNESS FOR A PARTICULAR PURPOSE. IN NO EVENT SHALL
     28            TEXAS INSTRUMENTS OR ITS LICENSORS BE LIABLE OR OBLIGATED UNDER CONTRACT,
     29            NEGLIGENCE, STRICT LIABILITY, CONTRIBUTION, BREACH OF WARRANTY, OR OTHER
     30            LEGAL EQUITABLE THEORY ANY DIRECT OR INDIRECT DAMAGES OR EXPENSES
     31            INCLUDING BUT NOT LIMITED TO ANY INCIDENTAL, SPECIAL, INDIRECT, PUNITIVE
     32            OR CONSEQUENTIAL DAMAGES, LOST PROFITS OR LOST DATA, COST OF PROCUREMENT
     33            OF SUBSTITUTE GOODS, TECHNOLOGY, SERVICES, OR ANY CLAIMS BY THIRD PARTIES
     34            (INCLUDING BUT NOT LIMITED TO ANY DEFENSE THEREOF), OR OTHER SIMILAR COSTS.
     35          
     36            Should you have any questions regarding your right to use this Software,
     37            contact Texas Instruments Incorporated at www.TI.com.
     38          **************************************************************************************************/
     39          
     40          /*********************************************************************
     41            This application isn't intended to do anything useful, it is
     42            intended to be a simple example of an application's structure.
     43          
     44            This application sends it's messages either as broadcast or
     45            broadcast filtered group messages.  The other (more normal)
     46            message addressing is unicast.  Most of the other sample
     47            applications are written to support the unicast message model.
     48          
     49            Key control:
     50              SW1:  Sends a flash command to all devices in Group 1.
     51              SW2:  Adds/Removes (toggles) this device in and out
     52                    of Group 1.  This will enable and disable the
     53                    reception of the flash command.
     54          *********************************************************************/
     55          
     56          /*********************************************************************
     57           * INCLUDES
     58           */
     59          #include "OSAL.h"
     60          #include "ZGlobals.h"
     61          #include "AF.h"
     62          #include "aps_groups.h"
     63          #include "ZDApp.h"
     64          
     65          #include "SampleApp.h"
     66          #include "SampleAppHw.h"
     67          
     68          #include "OnBoard.h"
     69          
     70          /* HAL */
     71          #include "hal_lcd.h"
     72          #include "hal_led.h"
     73          #include "hal_key.h"
     74          
     75          #include "MT_UART.h"
     76          #include "DHT11.h"
     77          
     78          /*********************************************************************
     79           * MACROS
     80           */
     81          
     82          /*********************************************************************
     83           * CONSTANTS
     84           */
     85          
     86          /*********************************************************************
     87           * TYPEDEFS
     88           */
     89          
     90          /*********************************************************************
     91           * GLOBAL VARIABLES
     92           */
     93          
     94          // This list should be filled with Application specific Cluster IDs.

   \                                 In  segment XDATA_ROM_C, align 1
     95          const cId_t SampleApp_ClusterList[SAMPLEAPP_MAX_CLUSTERS] =
   \                     SampleApp_ClusterList:
   \   000000   0100         DW 1
   \   000002   0200         DW 2
     96          {
     97            SAMPLEAPP_PERIODIC_CLUSTERID,
     98            SAMPLEAPP_FLASH_CLUSTERID
     99          };
    100          

   \                                 In  segment XDATA_ROM_C, align 1
    101          const SimpleDescriptionFormat_t SampleApp_SimpleDesc =
   \                     SampleApp_SimpleDesc:
   \   000000   15           DB 21
   \   000001   080F         DW 3848
   \   000003   0100         DW 1
   \   000005   00           DB 0
   \   000006   02           DB 2
   \   000007   ....         DW SampleApp_ClusterList
   \   000009   02           DB 2
   \   00000A   ....         DW SampleApp_ClusterList
    102          {
    103            SAMPLEAPP_ENDPOINT,              //  int Endpoint;
    104            SAMPLEAPP_PROFID,                //  uint16 AppProfId[2];
    105            SAMPLEAPP_DEVICEID,              //  uint16 AppDeviceId[2];
    106            SAMPLEAPP_DEVICE_VERSION,        //  int   AppDevVer:4;
    107            SAMPLEAPP_FLAGS,                 //  int   AppFlags:4;
    108            SAMPLEAPP_MAX_CLUSTERS,          //  uint8  AppNumInClusters;
    109            (cId_t *)SampleApp_ClusterList,  //  uint8 *pAppInClusterList;
    110            SAMPLEAPP_MAX_CLUSTERS,          //  uint8  AppNumInClusters;
    111            (cId_t *)SampleApp_ClusterList   //  uint8 *pAppInClusterList;
    112          };
    113          
    114          // This is the Endpoint/Interface description.  It is defined here, but
    115          // filled-in in SampleApp_Init().  Another way to go would be to fill
    116          // in the structure here and make it a "const" (in code space).  The
    117          // way it's defined in this sample app it is define in RAM.

   \                                 In  segment XDATA_Z, align 1, keep-with-next
    118          endPointDesc_t SampleApp_epDesc;
   \                     SampleApp_epDesc:
   \   000000                DS 6
   \   000006                REQUIRE __INIT_XDATA_Z
    119          
    120          /*********************************************************************
    121           * EXTERNAL VARIABLES
    122           */
    123          
    124          /*********************************************************************
    125           * EXTERNAL FUNCTIONS
    126           */
    127          
    128          /*********************************************************************
    129           * LOCAL VARIABLES
    130           */

   \                                 In  segment XDATA_Z, align 1, keep-with-next
    131          uint8 SampleApp_TaskID;   // Task ID for internal task/event processing
   \                     SampleApp_TaskID:
   \   000000                DS 1
   \   000001                REQUIRE __INIT_XDATA_Z
    132                                    // This variable will be received when
    133                                    // SampleApp_Init() is called.

   \                                 In  segment XDATA_Z, align 1, keep-with-next
    134          devStates_t SampleApp_NwkState;
   \                     SampleApp_NwkState:
   \   000000                DS 1
   \   000001                REQUIRE __INIT_XDATA_Z
    135          

   \                                 In  segment XDATA_Z, align 1, keep-with-next
    136          uint8 SampleApp_TransID;  // This is the unique message ID (counter)
   \                     SampleApp_TransID:
   \   000000                DS 1
   \   000001                REQUIRE __INIT_XDATA_Z
    137          

   \                                 In  segment XDATA_Z, align 1, keep-with-next
    138          afAddrType_t SampleApp_Periodic_DstAddr;
   \                     SampleApp_Periodic_DstAddr:
   \   000000                DS 12
   \   00000C                REQUIRE __INIT_XDATA_Z

   \                                 In  segment XDATA_Z, align 1, keep-with-next
    139          afAddrType_t SampleApp_Flash_DstAddr;
   \                     SampleApp_Flash_DstAddr:
   \   000000                DS 12
   \   00000C                REQUIRE __INIT_XDATA_Z

   \                                 In  segment XDATA_Z, align 1, keep-with-next
    140          afAddrType_t SampleApp_P2P_DstAddr;
   \                     SampleApp_P2P_DstAddr:
   \   000000                DS 12
   \   00000C                REQUIRE __INIT_XDATA_Z
    141          

   \                                 In  segment XDATA_Z, align 1, keep-with-next
    142          aps_Group_t SampleApp_Group;
   \                     SampleApp_Group:
   \   000000                DS 18
   \   000012                REQUIRE __INIT_XDATA_Z
    143          

   \                                 In  segment XDATA_Z, align 1, keep-with-next
    144          uint8 SampleAppPeriodicCounter = 0;
   \                     SampleAppPeriodicCounter:
   \   000000                DS 1
   \   000001                REQUIRE __INIT_XDATA_Z

   \                                 In  segment XDATA_Z, align 1, keep-with-next
    145          uint8 SampleAppFlashCounter = 0;
   \                     SampleAppFlashCounter:
   \   000000                DS 1
   \   000001                REQUIRE __INIT_XDATA_Z
    146          
    147          /*********************************************************************
    148           * LOCAL FUNCTIONS
    149           */
    150          void SampleApp_HandleKeys( uint8 shift, uint8 keys );
    151          void SampleApp_MessageMSGCB( afIncomingMSGPacket_t *pckt );
    152          void SampleApp_SendPeriodicMessage( void );
    153          void SampleApp_SendFlashMessage( uint16 flashTime );
    154          void SampleApp_Send_P2P_Message(void);
    155          
    156          /*********************************************************************
    157           * NETWORK LAYER CALLBACKS
    158           */
    159          
    160          /*********************************************************************
    161           * PUBLIC FUNCTIONS
    162           */
    163          
    164          /*********************************************************************
    165           * @fn      SampleApp_Init
    166           *
    167           * @brief   Initialization function for the Generic App Task.
    168           *          This is called during initialization and should contain
    169           *          any application specific initialization (ie. hardware
    170           *          initialization/setup, table initialization, power up
    171           *          notificaiton ... ).
    172           *
    173           * @param   task_id - the ID assigned by OSAL.  This ID should be
    174           *                    used to send messages and set timers.
    175           *
    176           * @return  none
    177           */

   \                                 In  segment BANKED_CODE, align 1, keep-with-next
    178          void SampleApp_Init( uint8 task_id )
   \                     SampleApp_Init:
    179          {
   \   000000   74F5         MOV     A,#-0xb
   \   000002   12....       LCALL   ?BANKED_ENTER_XDATA
   \   000005                ; Saved register size: 11
   \   000005                ; Auto size: 0
   \   000005   E9           MOV     A,R1
   \   000006   FE           MOV     R6,A
    180            SampleApp_TaskID = task_id;
   \   000007   90....       MOV     DPTR,#SampleApp_TaskID
   \   00000A   F0           MOVX    @DPTR,A
    181            SampleApp_NwkState = DEV_INIT;
   \   00000B   90....       MOV     DPTR,#SampleApp_NwkState
   \   00000E   7401         MOV     A,#0x1
   \   000010   F0           MOVX    @DPTR,A
    182            SampleApp_TransID = 0;
   \   000011   90....       MOV     DPTR,#SampleApp_TransID
   \   000014   E4           CLR     A
   \   000015   F0           MOVX    @DPTR,A
    183            
    184            MT_UartInit();                    //串口初始化
   \   000016                ; Setup parameters for call to function MT_UartInit
   \   000016   12....       LCALL   ??MT_UartInit?relay
    185            MT_UartRegisterTaskID(task_id);   //注册串口任务
   \   000019                ; Setup parameters for call to function MT_UartRegisterTaskID
   \   000019   EE           MOV     A,R6
   \   00001A   F9           MOV     R1,A
   \   00001B   12....       LCALL   ??MT_UartRegisterTaskID?relay
    186            HalUARTWrite(0,"UartInit OK\n", sizeof("UartInit OK\n"));//串口发送
   \   00001E                ; Setup parameters for call to function HalUARTWrite
   \   00001E   7C0D         MOV     R4,#0xd
   \   000020   7D00         MOV     R5,#0x0
   \   000022   7A..         MOV     R2,#`?<Constant "UartInit OK\\n">` & 0xff
   \   000024   7B..         MOV     R3,#(`?<Constant "UartInit OK\\n">` >> 8) & 0xff
   \   000026   7900         MOV     R1,#0x0
   \   000028   12....       LCALL   ??HalUARTWrite?relay
    187            
    188            // Device hardware initialization can be added here or in main() (Zmain.c).
    189            // If the hardware is application specific - add it here.
    190            // If the hardware is other parts of the device add it in main().
    191          
    192           #if defined ( BUILD_ALL_DEVICES )
    193            // The "Demo" target is setup to have BUILD_ALL_DEVICES and HOLD_AUTO_START
    194            // We are looking at a jumper (defined in SampleAppHw.c) to be jumpered
    195            // together - if they are - we will start up a coordinator. Otherwise,
    196            // the device will start as a router.
    197            if ( readCoordinatorJumper() )
    198              zgDeviceLogicalType = ZG_DEVICETYPE_COORDINATOR;
    199            else
    200              zgDeviceLogicalType = ZG_DEVICETYPE_ROUTER;
    201          #endif // BUILD_ALL_DEVICES
    202          
    203          #if defined ( HOLD_AUTO_START )
    204            // HOLD_AUTO_START is a compile option that will surpress ZDApp
    205            //  from starting the device and wait for the application to
    206            //  start the device.
    207            ZDOInitDevice(0);
    208          #endif
    209          
    210            // Setup for the periodic message's destination address
    211            // Broadcast to everyone
    212            SampleApp_Periodic_DstAddr.addrMode = (afAddrMode_t)AddrBroadcast;
   \   00002B   90....       MOV     DPTR,#SampleApp_Periodic_DstAddr + 8
   \   00002E   740F         MOV     A,#0xf
   \   000030   F0           MOVX    @DPTR,A
    213            SampleApp_Periodic_DstAddr.endPoint = SAMPLEAPP_ENDPOINT;
   \   000031   A3           INC     DPTR
   \   000032   7415         MOV     A,#0x15
   \   000034   F0           MOVX    @DPTR,A
    214            SampleApp_Periodic_DstAddr.addr.shortAddr = 0xFFFF;
   \   000035   90....       MOV     DPTR,#SampleApp_Periodic_DstAddr
   \   000038   74FF         MOV     A,#-0x1
   \   00003A   F0           MOVX    @DPTR,A
   \   00003B   A3           INC     DPTR
   \   00003C   F0           MOVX    @DPTR,A
    215          
    216            // Setup for the flash command's destination address - Group 1
    217            SampleApp_Flash_DstAddr.addrMode = (afAddrMode_t)afAddrGroup;
   \   00003D   90....       MOV     DPTR,#SampleApp_Flash_DstAddr + 8
   \   000040   7401         MOV     A,#0x1
   \   000042   F0           MOVX    @DPTR,A
    218            SampleApp_Flash_DstAddr.endPoint = SAMPLEAPP_ENDPOINT;
   \   000043   A3           INC     DPTR
   \   000044   7415         MOV     A,#0x15
   \   000046   F0           MOVX    @DPTR,A
    219            SampleApp_Flash_DstAddr.addr.shortAddr = SAMPLEAPP_FLASH_GROUP;
   \   000047   90....       MOV     DPTR,#SampleApp_Flash_DstAddr
   \   00004A   7401         MOV     A,#0x1
   \   00004C   F0           MOVX    @DPTR,A
   \   00004D   A3           INC     DPTR
   \   00004E   E4           CLR     A
   \   00004F   F0           MOVX    @DPTR,A
    220          
    221            SampleApp_P2P_DstAddr.addrMode = (afAddrMode_t)Addr16Bit;
   \   000050   90....       MOV     DPTR,#SampleApp_P2P_DstAddr + 8
   \   000053   7402         MOV     A,#0x2
   \   000055   F0           MOVX    @DPTR,A
    222            SampleApp_P2P_DstAddr.endPoint = SAMPLEAPP_ENDPOINT;
   \   000056   A3           INC     DPTR
   \   000057   7415         MOV     A,#0x15
   \   000059   F0           MOVX    @DPTR,A
    223            SampleApp_P2P_DstAddr.addr.shortAddr = 0x0000;
   \   00005A   90....       MOV     DPTR,#SampleApp_P2P_DstAddr
   \   00005D   E4           CLR     A
   \   00005E   F0           MOVX    @DPTR,A
   \   00005F   A3           INC     DPTR
   \   000060   F0           MOVX    @DPTR,A
    224            
    225            // Fill out the endpoint description.
    226            SampleApp_epDesc.endPoint = SAMPLEAPP_ENDPOINT;
   \   000061   90....       MOV     DPTR,#SampleApp_epDesc
   \   000064   7415         MOV     A,#0x15
   \   000066   F0           MOVX    @DPTR,A
    227            SampleApp_epDesc.task_id = &SampleApp_TaskID;
   \   000067   A3           INC     DPTR
   \   000068   74..         MOV     A,#SampleApp_TaskID & 0xff
   \   00006A   F0           MOVX    @DPTR,A
   \   00006B   A3           INC     DPTR
   \   00006C   74..         MOV     A,#(SampleApp_TaskID >> 8) & 0xff
   \   00006E   F0           MOVX    @DPTR,A
    228            SampleApp_epDesc.simpleDesc
    229                      = (SimpleDescriptionFormat_t *)&SampleApp_SimpleDesc;
   \   00006F   A3           INC     DPTR
   \   000070   74..         MOV     A,#SampleApp_SimpleDesc & 0xff
   \   000072   F0           MOVX    @DPTR,A
   \   000073   A3           INC     DPTR
   \   000074   74..         MOV     A,#(SampleApp_SimpleDesc >> 8) & 0xff
   \   000076   F0           MOVX    @DPTR,A
    230            SampleApp_epDesc.latencyReq = noLatencyReqs;
   \   000077   A3           INC     DPTR
   \   000078   E4           CLR     A
   \   000079   F0           MOVX    @DPTR,A
    231          
    232            // Register the endpoint description with the AF
    233            afRegister( &SampleApp_epDesc );
   \   00007A                ; Setup parameters for call to function afRegister
   \   00007A   7A..         MOV     R2,#SampleApp_epDesc & 0xff
   \   00007C   7B..         MOV     R3,#(SampleApp_epDesc >> 8) & 0xff
   \   00007E   12....       LCALL   ??afRegister?relay
    234          
    235            // Register for all key events - This app will handle all key events
    236            RegisterForKeys( SampleApp_TaskID );
   \   000081                ; Setup parameters for call to function RegisterForKeys
   \   000081   90....       MOV     DPTR,#SampleApp_TaskID
   \   000084   E0           MOVX    A,@DPTR
   \   000085   F9           MOV     R1,A
   \   000086   12....       LCALL   ??RegisterForKeys?relay
    237          
    238            // By default, all devices start out in Group 1
    239            SampleApp_Group.ID = 0x0001;
   \   000089   90....       MOV     DPTR,#SampleApp_Group
   \   00008C   7401         MOV     A,#0x1
   \   00008E   F0           MOVX    @DPTR,A
   \   00008F   A3           INC     DPTR
   \   000090   E4           CLR     A
   \   000091   F0           MOVX    @DPTR,A
    240            osal_memcpy( SampleApp_Group.name, "Group 1", 7  );
   \   000092                ; Setup parameters for call to function osal_memcpy
   \   000092   75....       MOV     ?V0 + 0,#`?<Constant "Group 1">` & 0xff
   \   000095   75....       MOV     ?V0 + 1,#(`?<Constant "Group 1">` >> 8) & 0xff
   \   000098   F5..         MOV     ?V0 + 2,A
   \   00009A   78..         MOV     R0,#?V0 + 0
   \   00009C   12....       LCALL   ?PUSH_XSTACK_I_THREE
   \   00009F   7C07         MOV     R4,#0x7
   \   0000A1   7D00         MOV     R5,#0x0
   \   0000A3   7A..         MOV     R2,#(SampleApp_Group + 2) & 0xff
   \   0000A5   7B..         MOV     R3,#((SampleApp_Group + 2) >> 8) & 0xff
   \   0000A7   12....       LCALL   ??Subroutine5_0 & 0xFFFF
   \                     ??CrossCallReturnLabel_6:
   \   0000AA   12....       LCALL   ?DEALLOC_XSTACK8
    241            aps_AddGroup( SAMPLEAPP_ENDPOINT, &SampleApp_Group );
   \   0000AD                ; Setup parameters for call to function aps_AddGroup
   \   0000AD   7A..         MOV     R2,#SampleApp_Group & 0xff
   \   0000AF   7B..         MOV     R3,#(SampleApp_Group >> 8) & 0xff
   \   0000B1   7915         MOV     R1,#0x15
   \   0000B3   12....       LCALL   ??aps_AddGroup?relay
    242          
    243          #if defined ( LCD_SUPPORTED )
    244            HalLcdWriteString( "SampleApp", HAL_LCD_LINE_1 );
    245          #endif
    246          }
   \   0000B6                REQUIRE ?Subroutine0
   \   0000B6                ; // Fall through to label ?Subroutine0

   \                                 In  segment BANKED_CODE, align 1, keep-with-next
   \                     ?Subroutine0:
   \   000000   7F03         MOV     R7,#0x3
   \   000002   02....       LJMP    ?BANKED_LEAVE_XDATA

   \                                 In  segment BANKED_CODE, align 1, keep-with-next
   \                     ??Subroutine5_0:
   \   000000   12....       LCALL   ??osal_memcpy?relay
   \   000003   7403         MOV     A,#0x3
   \   000005   22           RET
    247          
    248          /*********************************************************************
    249           * @fn      SampleApp_ProcessEvent
    250           *
    251           * @brief   Generic Application Task event processor.  This function
    252           *          is called to process all events for the task.  Events
    253           *          include timers, messages and any other user defined events.
    254           *
    255           * @param   task_id  - The OSAL assigned task ID.
    256           * @param   events - events to process.  This is a bit map and can
    257           *                   contain more than one event.
    258           *
    259           * @return  none
    260           */

   \                                 In  segment BANKED_CODE, align 1, keep-with-next
    261          uint16 SampleApp_ProcessEvent( uint8 task_id, uint16 events )
   \                     SampleApp_ProcessEvent:
    262          {
   \   000000   74F4         MOV     A,#-0xc
   \   000002   12....       LCALL   ?BANKED_ENTER_XDATA
   \   000005                ; Saved register size: 12
   \   000005                ; Auto size: 0
   \   000005   EA           MOV     A,R2
   \   000006   FE           MOV     R6,A
   \   000007   EB           MOV     A,R3
   \   000008   FF           MOV     R7,A
    263            afIncomingMSGPacket_t *MSGpkt;
    264            (void)task_id;  // Intentionally unreferenced parameter
    265          
    266            if ( events & SYS_EVENT_MSG )
   \   000009   5480         ANL     A,#0x80
   \   00000B   6079         JZ      ??SampleApp_ProcessEvent_0
    267            {
    268              MSGpkt = (afIncomingMSGPacket_t *)osal_msg_receive( SampleApp_TaskID );
   \   00000D                ; Setup parameters for call to function osal_msg_receive
   \   00000D   802B         SJMP    ??SampleApp_ProcessEvent_1
    269              while ( MSGpkt )
    270              {
    271                switch ( MSGpkt->hdr.event )
    272                {
    273                  // Received when a key is pressed
    274                  case KEY_CHANGE:
    275                    SampleApp_HandleKeys( ((keyChange_t *)MSGpkt)->state, ((keyChange_t *)MSGpkt)->keys );
    276                    break;
    277          
    278                  // Received when a messages is received (OTA) for this endpoint
    279                  case AF_INCOMING_MSG_CMD:
    280                    SampleApp_MessageMSGCB( MSGpkt );
    281                    break;
    282          
    283                  // Received whenever the device changes state in the network
    284                  case ZDO_STATE_CHANGE:
    285                    SampleApp_NwkState = (devStates_t)(MSGpkt->hdr.status);
   \                     ??SampleApp_ProcessEvent_2:
   \   00000F   A3           INC     DPTR
   \   000010   E0           MOVX    A,@DPTR
   \   000011   90....       MOV     DPTR,#SampleApp_NwkState
   \   000014   F0           MOVX    @DPTR,A
    286                    if ( (SampleApp_NwkState == DEV_ZB_COORD)
    287                        || (SampleApp_NwkState == DEV_ROUTER)
    288                        || (SampleApp_NwkState == DEV_END_DEVICE) )
   \   000015   6409         XRL     A,#0x9
   \   000017   600A         JZ      ??SampleApp_ProcessEvent_3
   \   000019   E0           MOVX    A,@DPTR
   \   00001A   6407         XRL     A,#0x7
   \   00001C   6005         JZ      ??SampleApp_ProcessEvent_3
   \   00001E   E0           MOVX    A,@DPTR
   \   00001F   6406         XRL     A,#0x6
   \   000021   7010         JNZ     ??SampleApp_ProcessEvent_4
    289                    {
    290                      // Start sending the periodic message in a regular interval.
    291                      osal_start_timerEx( SampleApp_TaskID,
    292                                        SAMPLEAPP_SEND_PERIODIC_MSG_EVT,
    293                                        SAMPLEAPP_SEND_PERIODIC_MSG_TIMEOUT );
   \                     ??SampleApp_ProcessEvent_3:
   \   000023                ; Setup parameters for call to function osal_start_timerEx
   \   000023   7CB8         MOV     R4,#-0x48
   \   000025   7D0B         MOV     R5,#0xb
   \   000027   7A01         MOV     R2,#0x1
   \   000029   7B00         MOV     R3,#0x0
   \   00002B   90....       MOV     DPTR,#SampleApp_TaskID
   \   00002E   E0           MOVX    A,@DPTR
   \   00002F   F9           MOV     R1,A
   \   000030   12....       LCALL   ??osal_start_timerEx?relay
    294                    }
    295                    else
    296                    {
    297                      // Device is no longer in the network
    298                    }
    299                    break;
    300          
    301                  default:
    302                    break;
    303                }
    304          
    305                // Release the memory
    306                osal_msg_deallocate( (uint8 *)MSGpkt );
   \                     ??SampleApp_ProcessEvent_4:
   \   000033                ; Setup parameters for call to function osal_msg_deallocate
   \   000033   AA..         MOV     R2,?V0 + 0
   \   000035   AB..         MOV     R3,?V0 + 1
   \   000037   12....       LCALL   ??osal_msg_deallocate?relay
    307          
    308                // Next - if one is available
    309                MSGpkt = (afIncomingMSGPacket_t *)osal_msg_receive( SampleApp_TaskID );
   \   00003A                ; Setup parameters for call to function osal_msg_receive
   \                     ??SampleApp_ProcessEvent_1:
   \   00003A   90....       MOV     DPTR,#SampleApp_TaskID
   \   00003D   E0           MOVX    A,@DPTR
   \   00003E   F9           MOV     R1,A
   \   00003F   12....       LCALL   ??osal_msg_receive?relay
   \   000042   8A..         MOV     ?V0 + 0,R2
   \   000044   8B..         MOV     ?V0 + 1,R3
   \   000046   E5..         MOV     A,?V0 + 0
   \   000048   45..         ORL     A,?V0 + 1
   \   00004A   6032         JZ      ??SampleApp_ProcessEvent_5
   \   00004C   85..82       MOV     DPL,?V0 + 0
   \   00004F   85..83       MOV     DPH,?V0 + 1
   \   000052   E0           MOVX    A,@DPTR
   \   000053   24E6         ADD     A,#-0x1a
   \   000055   601E         JZ      ??SampleApp_ProcessEvent_6
   \   000057   245A         ADD     A,#0x5a
   \   000059   6006         JZ      ??SampleApp_ProcessEvent_7
   \   00005B   24EF         ADD     A,#-0x11
   \   00005D   60B0         JZ      ??SampleApp_ProcessEvent_2
   \   00005F   80D2         SJMP    ??SampleApp_ProcessEvent_4
   \                     ??SampleApp_ProcessEvent_7:
   \   000061                ; Setup parameters for call to function SampleApp_HandleKeys
   \   000061   A3           INC     DPTR
   \   000062   A3           INC     DPTR
   \   000063   A3           INC     DPTR
   \   000064   E0           MOVX    A,@DPTR
   \   000065   FA           MOV     R2,A
   \   000066   85..82       MOV     DPL,?V0 + 0
   \   000069   85..83       MOV     DPH,?V0 + 1
   \   00006C   A3           INC     DPTR
   \   00006D   A3           INC     DPTR
   \   00006E   E0           MOVX    A,@DPTR
   \   00006F   F9           MOV     R1,A
   \   000070   12....       LCALL   ??SampleApp_HandleKeys?relay
   \   000073   80BE         SJMP    ??SampleApp_ProcessEvent_4
   \                     ??SampleApp_ProcessEvent_6:
   \   000075                ; Setup parameters for call to function SampleApp_MessageMSGCB
   \   000075   AA..         MOV     R2,?V0 + 0
   \   000077   AB..         MOV     R3,?V0 + 1
   \   000079   12....       LCALL   ??SampleApp_MessageMSGCB?relay
   \   00007C   80B5         SJMP    ??SampleApp_ProcessEvent_4
    310              }
    311          
    312              // return unprocessed events
    313              return (events ^ SYS_EVENT_MSG);
   \                     ??SampleApp_ProcessEvent_5:
   \   00007E   EE           MOV     A,R6
   \   00007F   FA           MOV     R2,A
   \   000080   EF           MOV     A,R7
   \   000081   6480         XRL     A,#0x80
   \                     ??SampleApp_ProcessEvent_8:
   \   000083   FB           MOV     R3,A
   \   000084   802A         SJMP    ??SampleApp_ProcessEvent_9
    314            }
    315          
    316            // Send a message out - This event is generated by a timer
    317            //  (setup in SampleApp_Init()).
    318            if ( events & SAMPLEAPP_SEND_PERIODIC_MSG_EVT )
   \                     ??SampleApp_ProcessEvent_0:
   \   000086   EE           MOV     A,R6
   \   000087   A2E0         MOV     C,0xE0 /* A   */.0
   \   000089   5021         JNC     ??SampleApp_ProcessEvent_10
    319            {
    320              // Send the periodic message
    321              //SampleApp_SendPeriodicMessage();
    322              SampleApp_Send_P2P_Message();
   \   00008B                ; Setup parameters for call to function SampleApp_Send_P2P_Message
   \   00008B   12....       LCALL   ??SampleApp_Send_P2P_Message?relay
    323              // Setup to send message again in normal period (+ a little jitter)
    324              osal_start_timerEx( SampleApp_TaskID, SAMPLEAPP_SEND_PERIODIC_MSG_EVT,
    325                  (SAMPLEAPP_SEND_PERIODIC_MSG_TIMEOUT + (osal_rand() & 0x00FF)) );
   \   00008E                ; Setup parameters for call to function osal_rand
   \   00008E   12....       LCALL   ??osal_rand?relay
   \   000091                ; Setup parameters for call to function osal_start_timerEx
   \   000091   EA           MOV     A,R2
   \   000092   24B8         ADD     A,#-0x48
   \   000094   FC           MOV     R4,A
   \   000095   E4           CLR     A
   \   000096   340B         ADDC    A,#0xb
   \   000098   FD           MOV     R5,A
   \   000099   7A01         MOV     R2,#0x1
   \   00009B   7B00         MOV     R3,#0x0
   \   00009D   90....       MOV     DPTR,#SampleApp_TaskID
   \   0000A0   E0           MOVX    A,@DPTR
   \   0000A1   F9           MOV     R1,A
   \   0000A2   12....       LCALL   ??osal_start_timerEx?relay
    326          
    327              // return unprocessed events
    328              return (events ^ SAMPLEAPP_SEND_PERIODIC_MSG_EVT);
   \   0000A5   EE           MOV     A,R6
   \   0000A6   6401         XRL     A,#0x1
   \   0000A8   FA           MOV     R2,A
   \   0000A9   EF           MOV     A,R7
   \   0000AA   80D7         SJMP    ??SampleApp_ProcessEvent_8
    329            }
    330          
    331            // Discard unknown events
    332            return 0;
   \                     ??SampleApp_ProcessEvent_10:
   \   0000AC   7A00         MOV     R2,#0x0
   \   0000AE   7B00         MOV     R3,#0x0
   \                     ??SampleApp_ProcessEvent_9:
   \   0000B0   7F04         MOV     R7,#0x4
   \   0000B2   02....       LJMP    ?BANKED_LEAVE_XDATA
    333          }
    334          
    335          /*********************************************************************
    336           * Event Generation Functions
    337           */
    338          /*********************************************************************
    339           * @fn      SampleApp_HandleKeys
    340           *
    341           * @brief   Handles all key events for this device.
    342           *
    343           * @param   shift - true if in shift/alt.
    344           * @param   keys - bit field for key events. Valid entries:
    345           *                 HAL_KEY_SW_2
    346           *                 HAL_KEY_SW_1
    347           *
    348           * @return  none
    349           */

   \                                 In  segment BANKED_CODE, align 1, keep-with-next
    350          void SampleApp_HandleKeys( uint8 shift, uint8 keys )
   \                     SampleApp_HandleKeys:
    351          {
   \   000000   74F6         MOV     A,#-0xa
   \   000002   12....       LCALL   ?BANKED_ENTER_XDATA
   \   000005                ; Saved register size: 10
   \   000005                ; Auto size: 0
   \   000005   EA           MOV     A,R2
   \   000006   FE           MOV     R6,A
    352            (void)shift;  // Intentionally unreferenced parameter
    353            
    354            if ( keys & HAL_KEY_SW_1 )
   \   000007   A2E0         MOV     C,0xE0 /* A   */.0
   \   000009   5007         JNC     ??SampleApp_HandleKeys_0
    355            {
    356              /* This key sends the Flash Command is sent to Group 1.
    357               * This device will not receive the Flash Command from this
    358               * device (even if it belongs to group 1).
    359               */
    360              SampleApp_SendFlashMessage( SAMPLEAPP_FLASH_DURATION );
   \   00000B                ; Setup parameters for call to function SampleApp_SendFlashMessage
   \   00000B   7AE8         MOV     R2,#-0x18
   \   00000D   7B03         MOV     R3,#0x3
   \   00000F   12....       LCALL   ??SampleApp_SendFlashMessage?relay
    361            }
    362          
    363            if ( keys & HAL_KEY_SW_2 )
   \                     ??SampleApp_HandleKeys_0:
   \   000012   EE           MOV     A,R6
   \   000013   A2E1         MOV     C,0xE0 /* A   */.1
   \   000015   5024         JNC     ??SampleApp_HandleKeys_1
    364            {
    365              /* The Flashr Command is sent to Group 1.
    366               * This key toggles this device in and out of group 1.
    367               * If this device doesn't belong to group 1, this application
    368               * will not receive the Flash command sent to group 1.
    369               */
    370              aps_Group_t *grp;
    371              grp = aps_FindGroup( SAMPLEAPP_ENDPOINT, SAMPLEAPP_FLASH_GROUP );
    372              if ( grp )
   \   000017                ; Setup parameters for call to function aps_FindGroup
   \   000017   7A01         MOV     R2,#0x1
   \   000019   7B00         MOV     R3,#0x0
   \   00001B   7915         MOV     R1,#0x15
   \   00001D   12....       LCALL   ??aps_FindGroup?relay
   \   000020   8B..         MOV     ?V0 + 1,R3
   \   000022   EA           MOV     A,R2
   \   000023   45..         ORL     A,?V0 + 1
   \   000025   600B         JZ      ??SampleApp_HandleKeys_2
    373              {
    374                // Remove from the group
    375                aps_RemoveGroup( SAMPLEAPP_ENDPOINT, SAMPLEAPP_FLASH_GROUP );
   \   000027                ; Setup parameters for call to function aps_RemoveGroup
   \   000027   7A01         MOV     R2,#0x1
   \   000029   7B00         MOV     R3,#0x0
   \   00002B   7915         MOV     R1,#0x15
   \   00002D   12....       LCALL   ??aps_RemoveGroup?relay
   \   000030   8009         SJMP    ??SampleApp_HandleKeys_1
    376              }
    377              else
    378              {
    379                // Add to the flash group
    380                aps_AddGroup( SAMPLEAPP_ENDPOINT, &SampleApp_Group );
   \                     ??SampleApp_HandleKeys_2:
   \   000032                ; Setup parameters for call to function aps_AddGroup
   \   000032   7A..         MOV     R2,#SampleApp_Group & 0xff
   \   000034   7B..         MOV     R3,#(SampleApp_Group >> 8) & 0xff
   \   000036   7915         MOV     R1,#0x15
   \   000038   12....       LCALL   ??aps_AddGroup?relay
    381              }
    382            }
    383          }
   \                     ??SampleApp_HandleKeys_1:
   \   00003B   80..         SJMP    ??Subroutine4_0

   \                                 In  segment BANKED_CODE, align 1, keep-with-next
   \                     ??Subroutine4_0:
   \   000000   7F02         MOV     R7,#0x2
   \   000002   02....       LJMP    ?BANKED_LEAVE_XDATA
    384          
    385          /*********************************************************************
    386           * LOCAL FUNCTIONS
    387           */
    388          
    389          /*********************************************************************
    390           * @fn      SampleApp_MessageMSGCB
    391           *
    392           * @brief   Data message processor callback.  This function processes
    393           *          any incoming data - probably from other devices.  So, based
    394           *          on cluster ID, perform the intended action.
    395           *
    396           * @param   none
    397           *
    398           * @return  none
    399           */

   \                                 In  segment BANKED_CODE, align 1, keep-with-next
    400          void SampleApp_MessageMSGCB( afIncomingMSGPacket_t *pkt )
   \                     SampleApp_MessageMSGCB:
    401          {
   \   000000   74F6         MOV     A,#-0xa
   \   000002   12....       LCALL   ?BANKED_ENTER_XDATA
   \   000005                ; Saved register size: 10
   \   000005                ; Auto size: 0
   \   000005   EA           MOV     A,R2
   \   000006   FE           MOV     R6,A
   \   000007   EB           MOV     A,R3
   \   000008   FF           MOV     R7,A
    402            uint16 flashTime;
    403          
    404            switch ( pkt->clusterId )
   \   000009   8E82         MOV     DPL,R6
   \   00000B   8F83         MOV     DPH,R7
   \   00000D   A3           INC     DPTR
   \   00000E   A3           INC     DPTR
   \   00000F   A3           INC     DPTR
   \   000010   A3           INC     DPTR
   \   000011   E0           MOVX    A,@DPTR
   \   000012   F5..         MOV     ?V0 + 0,A
   \   000014   A3           INC     DPTR
   \   000015   E0           MOVX    A,@DPTR
   \   000016   F5..         MOV     ?V0 + 1,A
   \   000018   78..         MOV     R0,#?V0 + 0
   \   00001A   12....       LCALL   ?US_SWITCH_DENSE
   \                     `?<Jumptable for SampleApp_MessageMSGCB>_0`:
   \   00001D   0200         DW        2
   \   00001F   02           DB        2
   \   000020   ....         DW        ??SampleApp_MessageMSGCB_0
   \   000022   ....         DW        ??SampleApp_MessageMSGCB_1
   \   000024   ....         DW        ??SampleApp_MessageMSGCB_0
   \   000026   ....         DW        ??SampleApp_MessageMSGCB_2
    405            {
    406              case SAMPLEAPP_P2P_CLUSTERID:
    407                if(pkt->cmd.Data == "hello")
   \                     ??SampleApp_MessageMSGCB_2:
   \   000028   12....       LCALL   ?Subroutine2 & 0xFFFF
   \                     ??CrossCallReturnLabel_0:
   \   00002B   64..         XRL     A,#`?<Constant "hello">` & 0xff
   \   00002D   7004         JNZ     ??SampleApp_MessageMSGCB_3
   \   00002F   A3           INC     DPTR
   \   000030   E0           MOVX    A,@DPTR
   \   000031   64..         XRL     A,#(`?<Constant "hello">` >> 8) & 0xff
   \                     ??SampleApp_MessageMSGCB_3:
   \   000033   7003         JNZ     ??SampleApp_MessageMSGCB_4
    408                  SampleApp_Send_P2P_Message();
   \   000035                ; Setup parameters for call to function SampleApp_Send_P2P_Message
   \   000035   12....       LCALL   ??SampleApp_Send_P2P_Message?relay
    409                HalUARTWrite(0, "Rx:", 3);       //提示接收到数据
   \                     ??SampleApp_MessageMSGCB_4:
   \   000038                ; Setup parameters for call to function HalUARTWrite
   \   000038   7C03         MOV     R4,#0x3
   \   00003A   7D00         MOV     R5,#0x0
   \   00003C   7A..         MOV     R2,#`?<Constant "Rx:">` & 0xff
   \   00003E   7B..         MOV     R3,#(`?<Constant "Rx:">` >> 8) & 0xff
   \   000040   7900         MOV     R1,#0x0
   \   000042   12....       LCALL   ??HalUARTWrite?relay
    410                HalUARTWrite(0, pkt->cmd.Data, pkt->cmd.DataLength); //串口输出接收到的数据
   \   000045                ; Setup parameters for call to function HalUARTWrite
   \   000045   EE           MOV     A,R6
   \   000046   2420         ADD     A,#0x20
   \   000048   F582         MOV     DPL,A
   \   00004A   EF           MOV     A,R7
   \   00004B   3400         ADDC    A,#0x0
   \   00004D   F583         MOV     DPH,A
   \   00004F   E0           MOVX    A,@DPTR
   \   000050   FC           MOV     R4,A
   \   000051   A3           INC     DPTR
   \   000052   E0           MOVX    A,@DPTR
   \   000053   FD           MOV     R5,A
   \   000054   12....       LCALL   ?Subroutine2 & 0xFFFF
   \                     ??CrossCallReturnLabel_1:
   \   000057   FA           MOV     R2,A
   \   000058   A3           INC     DPTR
   \   000059   E0           MOVX    A,@DPTR
   \   00005A   FB           MOV     R3,A
   \   00005B   7900         MOV     R1,#0x0
   \   00005D   12....       LCALL   ??HalUARTWrite?relay
    411                HalUARTWrite(0, "\n", 1);         // 回车换行
   \   000060                ; Setup parameters for call to function HalUARTWrite
   \   000060   7C01         MOV     R4,#0x1
   \   000062   7D00         MOV     R5,#0x0
   \   000064   7A..         MOV     R2,#`?<Constant "\\n">` & 0xff
   \   000066   7B..         MOV     R3,#(`?<Constant "\\n">` >> 8) & 0xff
   \   000068   7900         MOV     R1,#0x0
   \   00006A   12....       LCALL   ??HalUARTWrite?relay
    412                break;  
   \   00006D   8033         SJMP    ??SampleApp_MessageMSGCB_0
   \                     ??SampleApp_MessageMSGCB_1:
   \   00006F   12....       LCALL   ?Subroutine2 & 0xFFFF
   \                     ??CrossCallReturnLabel_2:
   \   000072   F8           MOV     R0,A
   \   000073   A3           INC     DPTR
   \   000074   E0           MOVX    A,@DPTR
   \   000075   F9           MOV     R1,A
   \   000076                ; Setup parameters for call to function HalLedBlink
   \   000076   8882         MOV     DPL,R0
   \   000078   8983         MOV     DPH,R1
   \   00007A   A3           INC     DPTR
   \   00007B   E0           MOVX    A,@DPTR
   \   00007C   FA           MOV     R2,A
   \   00007D   8882         MOV     DPL,R0
   \   00007F   8983         MOV     DPH,R1
   \   000081   A3           INC     DPTR
   \   000082   A3           INC     DPTR
   \   000083   E0           MOVX    A,@DPTR
   \   000084   F9           MOV     R1,A
   \   000085   EA           MOV     A,R2
   \   000086   2400         ADD     A,#0x0
   \   000088   F5..         MOV     ?V0 + 0,A
   \   00008A   E4           CLR     A
   \   00008B   39           ADDC    A,R1
   \   00008C   F5..         MOV     ?V0 + 1,A
   \   00008E   7402         MOV     A,#0x2
   \   000090   78..         MOV     R0,#?V0 + 0
   \   000092   12....       LCALL   ?US_SHR
   \   000095   AC..         MOV     R4,?V0 + 0
   \   000097   AD..         MOV     R5,?V0 + 1
   \   000099   7B32         MOV     R3,#0x32
   \   00009B   7A04         MOV     R2,#0x4
   \   00009D   7908         MOV     R1,#0x8
    413                
    414              case SAMPLEAPP_PERIODIC_CLUSTERID:
    415                break;
    416          
    417              case SAMPLEAPP_FLASH_CLUSTERID:
    418                flashTime = BUILD_UINT16(pkt->cmd.Data[1], pkt->cmd.Data[2] );
    419                HalLedBlink( HAL_LED_4, 4, 50, (flashTime / 4) );
   \   00009F   12....       LCALL   ??HalLedBlink?relay
    420                break;
    421            }
    422          }
   \                     ??SampleApp_MessageMSGCB_0:
   \   0000A2   02....       LJMP    ??Subroutine4_0 & 0xFFFF

   \                                 In  segment BANKED_CODE, align 1, keep-with-next
   \                     ?Subroutine2:
   \   000000   EE           MOV     A,R6
   \   000001   2422         ADD     A,#0x22
   \   000003   F582         MOV     DPL,A
   \   000005   EF           MOV     A,R7
   \   000006   3400         ADDC    A,#0x0
   \   000008   F583         MOV     DPH,A
   \   00000A   E0           MOVX    A,@DPTR
   \   00000B   22           RET
    423          
    424          /*********************************************************************
    425           * @fn      SampleApp_SendPeriodicMessage
    426           *
    427           * @brief   Send the periodic message.
    428           *
    429           * @param   none
    430           *
    431           * @return  none
    432           */

   \                                 In  segment BANKED_CODE, align 1, keep-with-next
   \                     ?Subroutine1:
   \   000000   12....       LCALL   ?DEALLOC_XSTACK8
   \   000003                REQUIRE ??Subroutine4_0
   \   000003                ; // Fall through to label ??Subroutine4_0

   \                                 In  segment BANKED_CODE, align 1, keep-with-next
    433          void SampleApp_SendPeriodicMessage( void )
   \                     SampleApp_SendPeriodicMessage:
    434          {
   \   000000   74F6         MOV     A,#-0xa
   \   000002   12....       LCALL   ?BANKED_ENTER_XDATA
   \   000005                ; Saved register size: 10
   \   000005                ; Auto size: 0
    435            if ( AF_DataRequest( &SampleApp_Periodic_DstAddr, &SampleApp_epDesc,
    436                                 SAMPLEAPP_PERIODIC_CLUSTERID,
    437                                 1,
    438                                 (uint8*)&SampleAppPeriodicCounter,
    439                                 &SampleApp_TransID,
    440                                 AF_DISCV_ROUTE,
    441                                 AF_DEFAULT_RADIUS ) == afStatus_SUCCESS )
   \   000005                ; Setup parameters for call to function AF_DataRequest
   \   000005   75..1E       MOV     ?V0 + 0,#0x1e
   \   000008   78..         MOV     R0,#?V0 + 0
   \   00000A   12....       LCALL   ?PUSH_XSTACK_I_ONE
   \   00000D   75....       MOV     ?V0 + 0,#SampleApp_TransID & 0xff
   \   000010   75....       MOV     ?V0 + 1,#(SampleApp_TransID >> 8) & 0xff
   \   000013   78..         MOV     R0,#?V0 + 0
   \   000015   12....       LCALL   ?PUSH_XSTACK_I_TWO
   \   000018   75....       MOV     ?V0 + 0,#SampleAppPeriodicCounter & 0xff
   \   00001B   75....       MOV     ?V0 + 1,#(SampleAppPeriodicCounter >> 8) & 0xff
   \   00001E   78..         MOV     R0,#?V0 + 0
   \   000020   12....       LCALL   ?PUSH_XSTACK_I_TWO
   \   000023   75..01       MOV     ?V0 + 0,#0x1
   \   000026   75..00       MOV     ?V0 + 1,#0x0
   \   000029   78..         MOV     R0,#?V0 + 0
   \   00002B   12....       LCALL   ?PUSH_XSTACK_I_TWO
   \   00002E   78..         MOV     R0,#?V0 + 0
   \   000030   12....       LCALL   ?PUSH_XSTACK_I_TWO
   \   000033   7920         MOV     R1,#0x20
   \   000035   7C..         MOV     R4,#SampleApp_epDesc & 0xff
   \   000037   7D..         MOV     R5,#(SampleApp_epDesc >> 8) & 0xff
   \   000039   7A..         MOV     R2,#SampleApp_Periodic_DstAddr & 0xff
   \   00003B   7B..         MOV     R3,#(SampleApp_Periodic_DstAddr >> 8) & 0xff
   \   00003D   12....       LCALL   ??AF_DataRequest?relay
   \   000040   7409         MOV     A,#0x9
   \   000042   02....       LJMP    ?Subroutine1 & 0xFFFF
    442            {
    443            }
    444            else
    445            {
    446              // Error occurred in request to send.
    447            }
    448          }
    449          
    450          /*********************************************************************
    451           * @fn      SampleApp_SendFlashMessage
    452           *
    453           * @brief   Send the flash message to group 1.
    454           *
    455           * @param   flashTime - in milliseconds
    456           *
    457           * @return  none
    458           */

   \                                 In  segment BANKED_CODE, align 1, keep-with-next
    459          void SampleApp_SendFlashMessage( uint16 flashTime )
   \                     SampleApp_SendFlashMessage:
    460          {
   \   000000   74F6         MOV     A,#-0xa
   \   000002   12....       LCALL   ?BANKED_ENTER_XDATA
   \   000005                ; Saved register size: 10
   \   000005                ; Auto size: 3
   \   000005   74FD         MOV     A,#-0x3
   \   000007   12....       LCALL   ?ALLOC_XSTACK8
    461            uint8 buffer[3];
    462            buffer[0] = (uint8)(SampleAppFlashCounter++);
   \   00000A   90....       MOV     DPTR,#SampleAppFlashCounter
   \   00000D   E0           MOVX    A,@DPTR
   \   00000E   85..82       MOV     DPL,?XSP + 0
   \   000011   85..83       MOV     DPH,?XSP + 1
   \   000014   F0           MOVX    @DPTR,A
   \   000015   90....       MOV     DPTR,#SampleAppFlashCounter
   \   000018   E0           MOVX    A,@DPTR
   \   000019   04           INC     A
   \   00001A   F0           MOVX    @DPTR,A
    463            buffer[1] = LO_UINT16( flashTime );
   \   00001B   7401         MOV     A,#0x1
   \   00001D   12....       LCALL   ?XSTACK_DISP0_8
   \   000020   EA           MOV     A,R2
   \   000021   F0           MOVX    @DPTR,A
    464            buffer[2] = HI_UINT16( flashTime );
   \   000022   7402         MOV     A,#0x2
   \   000024   12....       LCALL   ?XSTACK_DISP0_8
   \   000027   EB           MOV     A,R3
   \   000028   F0           MOVX    @DPTR,A
    465          
    466            if ( AF_DataRequest( &SampleApp_Flash_DstAddr, &SampleApp_epDesc,
    467                                 SAMPLEAPP_FLASH_CLUSTERID,
    468                                 3,
    469                                 buffer,
    470                                 &SampleApp_TransID,
    471                                 AF_DISCV_ROUTE,
    472                                 AF_DEFAULT_RADIUS ) == afStatus_SUCCESS )
   \   000029                ; Setup parameters for call to function AF_DataRequest
   \   000029   75..1E       MOV     ?V0 + 0,#0x1e
   \   00002C   78..         MOV     R0,#?V0 + 0
   \   00002E   12....       LCALL   ?PUSH_XSTACK_I_ONE
   \   000031   75....       MOV     ?V0 + 0,#SampleApp_TransID & 0xff
   \   000034   75....       MOV     ?V0 + 1,#(SampleApp_TransID >> 8) & 0xff
   \   000037   78..         MOV     R0,#?V0 + 0
   \   000039   12....       LCALL   ?PUSH_XSTACK_I_TWO
   \   00003C   7403         MOV     A,#0x3
   \   00003E   12....       LCALL   ?XSTACK_DISP0_8
   \   000041   8582..       MOV     ?V0 + 0,DPL
   \   000044   8583..       MOV     ?V0 + 1,DPH
   \   000047   78..         MOV     R0,#?V0 + 0
   \   000049   12....       LCALL   ?PUSH_XSTACK_I_TWO
   \   00004C   75..03       MOV     ?V0 + 0,#0x3
   \   00004F   75..00       MOV     ?V0 + 1,#0x0
   \   000052   78..         MOV     R0,#?V0 + 0
   \   000054   12....       LCALL   ?PUSH_XSTACK_I_TWO
   \   000057   75..02       MOV     ?V0 + 0,#0x2
   \   00005A   78..         MOV     R0,#?V0 + 0
   \   00005C   12....       LCALL   ?PUSH_XSTACK_I_TWO
   \   00005F   7920         MOV     R1,#0x20
   \   000061   7C..         MOV     R4,#SampleApp_epDesc & 0xff
   \   000063   7D..         MOV     R5,#(SampleApp_epDesc >> 8) & 0xff
   \   000065   7A..         MOV     R2,#SampleApp_Flash_DstAddr & 0xff
   \   000067   7B..         MOV     R3,#(SampleApp_Flash_DstAddr >> 8) & 0xff
   \   000069   12....       LCALL   ??AF_DataRequest?relay
   \   00006C   7409         MOV     A,#0x9
   \   00006E   12....       LCALL   ?DEALLOC_XSTACK8
    473            {
    474            }
    475            else
    476            {
    477              // Error occurred in request to send.
    478            }
    479          }
   \   000071   7403         MOV     A,#0x3
   \   000073   02....       LJMP    ?Subroutine1 & 0xFFFF
    480          

   \                                 In  segment BANKED_CODE, align 1, keep-with-next
    481          void SampleApp_Send_P2P_Message( void ) 
   \                     SampleApp_Send_P2P_Message:
    482          { 
   \   000000   74F5         MOV     A,#-0xb
   \   000002   12....       LCALL   ?BANKED_ENTER_XDATA
   \   000005                ; Saved register size: 11
   \   000005                ; Auto size: 13
   \   000005   74F3         MOV     A,#-0xd
   \   000007   12....       LCALL   ?ALLOC_XSTACK8
    483            byte  temp[3], humidity[3], strTemp[7];
    484          
    485            DHT11();             //获取温湿度
   \   00000A                ; Setup parameters for call to function DHT11
   \   00000A   12....       LCALL   ??DHT11?relay
    486          
    487            //将温湿度的转换成字符串,供LCD显示  
    488            temp[0] = wendu_shi+0x30;
   \   00000D   90....       MOV     DPTR,#wendu_shi
   \   000010   E0           MOVX    A,@DPTR
   \   000011   2430         ADD     A,#0x30
   \   000013   C0E0         PUSH    A
   \   000015   7403         MOV     A,#0x3
   \   000017   12....       LCALL   ?XSTACK_DISP0_8
   \   00001A   D0E0         POP     A
   \   00001C   F0           MOVX    @DPTR,A
    489            temp[1] = wendu_ge+0x30;
   \   00001D   90....       MOV     DPTR,#wendu_ge
   \   000020   E0           MOVX    A,@DPTR
   \   000021   2430         ADD     A,#0x30
   \   000023   C0E0         PUSH    A
   \   000025   7404         MOV     A,#0x4
   \   000027   12....       LCALL   ?XSTACK_DISP0_8
   \   00002A   D0E0         POP     A
   \   00002C   F0           MOVX    @DPTR,A
    490            temp[2] = '\0';
   \   00002D   7405         MOV     A,#0x5
   \   00002F   12....       LCALL   ?XSTACK_DISP0_8
   \   000032   E4           CLR     A
   \   000033   F0           MOVX    @DPTR,A
    491            humidity[0] = shidu_shi+0x30;
   \   000034   90....       MOV     DPTR,#shidu_shi
   \   000037   E0           MOVX    A,@DPTR
   \   000038   2430         ADD     A,#0x30
   \   00003A   85..82       MOV     DPL,?XSP + 0
   \   00003D   85..83       MOV     DPH,?XSP + 1
   \   000040   F0           MOVX    @DPTR,A
    492            humidity[1] = shidu_ge+0x30;
   \   000041   90....       MOV     DPTR,#shidu_ge
   \   000044   E0           MOVX    A,@DPTR
   \   000045   2430         ADD     A,#0x30
   \   000047   C0E0         PUSH    A
   \   000049   7401         MOV     A,#0x1
   \   00004B   12....       LCALL   ?XSTACK_DISP0_8
   \   00004E   D0E0         POP     A
   \   000050   F0           MOVX    @DPTR,A
    493            humidity[2] = '\0';
   \   000051   7402         MOV     A,#0x2
   \   000053   12....       LCALL   ?XSTACK_DISP0_8
   \   000056   E4           CLR     A
   \   000057   F0           MOVX    @DPTR,A
    494            //将数据整合后方便发给协调器显示
    495            osal_memcpy(strTemp, temp, 2); 
   \   000058                ; Setup parameters for call to function osal_memcpy
   \   000058   7403         MOV     A,#0x3
   \   00005A   12....       LCALL   ?XSTACK_DISP0_8
   \   00005D   A982         MOV     R1,DPL
   \   00005F   AA83         MOV     R2,DPH
   \   000061   89..         MOV     ?V0 + 0,R1
   \   000063   8A..         MOV     ?V0 + 1,R2
   \   000065   75..00       MOV     ?V0 + 2,#0x0
   \   000068   78..         MOV     R0,#?V0 + 0
   \   00006A   12....       LCALL   ?PUSH_XSTACK_I_THREE
   \   00006D   7C02         MOV     R4,#0x2
   \   00006F   7D00         MOV     R5,#0x0
   \   000071   7409         MOV     A,#0x9
   \   000073   12....       LCALL   ?XSTACK_DISP0_8
   \   000076   12....       LCALL   ?Subroutine3 & 0xFFFF
   \                     ??CrossCallReturnLabel_3:
   \   000079   12....       LCALL   ?DEALLOC_XSTACK8
    496            osal_memcpy(&strTemp[2], "  ", 2);
   \   00007C                ; Setup parameters for call to function osal_memcpy
   \   00007C   75....       MOV     ?V0 + 0,#`?<Constant "  ">` & 0xff
   \   00007F   75....       MOV     ?V0 + 1,#(`?<Constant "  ">` >> 8) & 0xff
   \   000082   78..         MOV     R0,#?V0 + 0
   \   000084   12....       LCALL   ?PUSH_XSTACK_I_THREE
   \   000087   7C02         MOV     R4,#0x2
   \   000089   7D00         MOV     R5,#0x0
   \   00008B   740B         MOV     A,#0xb
   \   00008D   12....       LCALL   ?XSTACK_DISP0_8
   \   000090   12....       LCALL   ?Subroutine3 & 0xFFFF
   \                     ??CrossCallReturnLabel_4:
   \   000093   12....       LCALL   ?DEALLOC_XSTACK8
    497            osal_memcpy(&strTemp[4], humidity, 3);
   \   000096                ; Setup parameters for call to function osal_memcpy
   \   000096   85..82       MOV     DPL,?XSP + 0
   \   000099   85..83       MOV     DPH,?XSP + 1
   \   00009C   A982         MOV     R1,DPL
   \   00009E   AA83         MOV     R2,DPH
   \   0000A0   89..         MOV     ?V0 + 0,R1
   \   0000A2   8A..         MOV     ?V0 + 1,R2
   \   0000A4   78..         MOV     R0,#?V0 + 0
   \   0000A6   12....       LCALL   ?PUSH_XSTACK_I_THREE
   \   0000A9   7C03         MOV     R4,#0x3
   \   0000AB   7D00         MOV     R5,#0x0
   \   0000AD   740D         MOV     A,#0xd
   \   0000AF   12....       LCALL   ?XSTACK_DISP0_8
   \   0000B2   12....       LCALL   ?Subroutine3 & 0xFFFF
   \                     ??CrossCallReturnLabel_5:
   \   0000B5   12....       LCALL   ?DEALLOC_XSTACK8
    498          //  byte temp[] = "hello";
    499          //  
    500          //  SampleApp_P2P_DstAddr.endPoint = SAMPLEAPP_ENDPOINT1;
    501            if ( AF_DataRequest( &SampleApp_P2P_DstAddr, &SampleApp_epDesc, 
    502                                  SAMPLEAPP_P2P_CLUSTERID, 
    503                                  6, 
    504                                  strTemp, 
    505                                  &SampleApp_TransID, 
    506                                  AF_DISCV_ROUTE, 
    507                                  AF_DEFAULT_RADIUS ) == afStatus_SUCCESS ) 
   \   0000B8                ; Setup parameters for call to function AF_DataRequest
   \   0000B8   75..1E       MOV     ?V0 + 0,#0x1e
   \   0000BB   78..         MOV     R0,#?V0 + 0
   \   0000BD   12....       LCALL   ?PUSH_XSTACK_I_ONE
   \   0000C0   75....       MOV     ?V0 + 0,#SampleApp_TransID & 0xff
   \   0000C3   75....       MOV     ?V0 + 1,#(SampleApp_TransID >> 8) & 0xff
   \   0000C6   78..         MOV     R0,#?V0 + 0
   \   0000C8   12....       LCALL   ?PUSH_XSTACK_I_TWO
   \   0000CB   7409         MOV     A,#0x9
   \   0000CD   12....       LCALL   ?XSTACK_DISP0_8
   \   0000D0   8582..       MOV     ?V0 + 0,DPL
   \   0000D3   8583..       MOV     ?V0 + 1,DPH
   \   0000D6   78..         MOV     R0,#?V0 + 0
   \   0000D8   12....       LCALL   ?PUSH_XSTACK_I_TWO
   \   0000DB   75..06       MOV     ?V0 + 0,#0x6
   \   0000DE   75..00       MOV     ?V0 + 1,#0x0
   \   0000E1   78..         MOV     R0,#?V0 + 0
   \   0000E3   12....       LCALL   ?PUSH_XSTACK_I_TWO
   \   0000E6   75..04       MOV     ?V0 + 0,#0x4
   \   0000E9   78..         MOV     R0,#?V0 + 0
   \   0000EB   12....       LCALL   ?PUSH_XSTACK_I_TWO
   \   0000EE   7920         MOV     R1,#0x20
   \   0000F0   7C..         MOV     R4,#SampleApp_epDesc & 0xff
   \   0000F2   7D..         MOV     R5,#(SampleApp_epDesc >> 8) & 0xff
   \   0000F4   7A..         MOV     R2,#SampleApp_P2P_DstAddr & 0xff
   \   0000F6   7B..         MOV     R3,#(SampleApp_P2P_DstAddr >> 8) & 0xff
   \   0000F8   12....       LCALL   ??AF_DataRequest?relay
   \   0000FB   7409         MOV     A,#0x9
   \   0000FD   12....       LCALL   ?DEALLOC_XSTACK8
    508            { 
    509            }
    510          //  
    511          //  SampleApp_P2P_DstAddr.endPoint = SAMPLEAPP_ENDPOINT2;
    512          //  if ( AF_DataRequest( &SampleApp_P2P_DstAddr, &SampleApp_epDesc, 
    513          //                        SAMPLEAPP_P2P_CLUSTERID, 
    514          //                        5, 
    515          //                        temp, 
    516          //                        &SampleApp_TransID, 
    517          //                        AF_DISCV_ROUTE, 
    518          //                        AF_DEFAULT_RADIUS ) == afStatus_SUCCESS ) 
    519          //  { 
    520          //  }
    521          //  
    522          //  SampleApp_P2P_DstAddr.endPoint = SAMPLEAPP_ENDPOINT3;
    523          //  if ( AF_DataRequest( &SampleApp_P2P_DstAddr, &SampleApp_epDesc, 
    524          //                        SAMPLEAPP_P2P_CLUSTERID, 
    525          //                        5, 
    526          //                        temp, 
    527          //                        &SampleApp_TransID, 
    528          //                        AF_DISCV_ROUTE, 
    529          //                        AF_DEFAULT_RADIUS ) == afStatus_SUCCESS ) 
    530          //  { 
    531          //  }
    532            else 
    533            { 
    534                // Error occurred in request to send. 
    535            } 
    536          } 
   \   000100   740D         MOV     A,#0xd
   \   000102   12....       LCALL   ?DEALLOC_XSTACK8
   \   000105   02....       LJMP    ?Subroutine0 & 0xFFFF

   \                                 In  segment BANKED_CODE, align 1, keep-with-next
   \                     ?Subroutine3:
   \   000000   AA82         MOV     R2,DPL
   \   000002   AB83         MOV     R3,DPH
   \   000004                REQUIRE ??Subroutine5_0
   \   000004                ; // Fall through to label ??Subroutine5_0

   \                                 In  segment BANK_RELAYS, align 1
   \                     ??SampleApp_Init?relay:
   \   000000   12....       LCALL   ?BDISPATCH
   \   000003   ......       DC24    SampleApp_Init

   \                                 In  segment BANK_RELAYS, align 1
   \                     ??SampleApp_ProcessEvent?relay:
   \   000000   12....       LCALL   ?BDISPATCH
   \   000003   ......       DC24    SampleApp_ProcessEvent

   \                                 In  segment BANK_RELAYS, align 1
   \                     ??SampleApp_HandleKeys?relay:
   \   000000   12....       LCALL   ?BDISPATCH
   \   000003   ......       DC24    SampleApp_HandleKeys

   \                                 In  segment BANK_RELAYS, align 1
   \                     ??SampleApp_MessageMSGCB?relay:
   \   000000   12....       LCALL   ?BDISPATCH
   \   000003   ......       DC24    SampleApp_MessageMSGCB

   \                                 In  segment BANK_RELAYS, align 1
   \                     ??SampleApp_SendPeriodicMessage?relay:
   \   000000   12....       LCALL   ?BDISPATCH
   \   000003   ......       DC24    SampleApp_SendPeriodicMessage

   \                                 In  segment BANK_RELAYS, align 1
   \                     ??SampleApp_SendFlashMessage?relay:
   \   000000   12....       LCALL   ?BDISPATCH
   \   000003   ......       DC24    SampleApp_SendFlashMessage

   \                                 In  segment BANK_RELAYS, align 1
   \                     ??SampleApp_Send_P2P_Message?relay:
   \   000000   12....       LCALL   ?BDISPATCH
   \   000003   ......       DC24    SampleApp_Send_P2P_Message

   \                                 In  segment XDATA_ROM_C, align 1
   \                     `?<Constant "UartInit OK\\n">`:
   \   000000   55617274     DB "UartInit OK\012"
   \            496E6974
   \            204F4B0A
   \            00      

   \                                 In  segment XDATA_ROM_C, align 1
   \                     `?<Constant "Group 1">`:
   \   000000   47726F75     DB "Group 1"
   \            70203100

   \                                 In  segment XDATA_ROM_C, align 1
   \                     `?<Constant "hello">`:
   \   000000   68656C6C     DB "hello"
   \            6F00    

   \                                 In  segment XDATA_ROM_C, align 1
   \                     `?<Constant "Rx:">`:
   \   000000   52783A00     DB "Rx:"

   \                                 In  segment XDATA_ROM_C, align 1
   \                     `?<Constant "\\n">`:
   \   000000   0A00         DB "\012"

   \                                 In  segment XDATA_ROM_C, align 1
   \                     `?<Constant "  ">`:
   \   000000   202000       DB "  "
    537          /*********************************************************************
    538          *********************************************************************/

   Maximum stack usage in bytes:

     Function                       ISTACK PSTACK XSTACK
     --------                       ------ ------ ------
     SampleApp_HandleKeys               0      0     22
       -> SampleApp_SendFlashMessage
                                        0      0     20
       -> aps_FindGroup                 0      0     20
       -> aps_RemoveGroup               0      0     20
       -> aps_AddGroup                  0      0     20
     SampleApp_Init                     0      0     14
       -> MT_UartInit                   0      0     22
       -> MT_UartRegisterTaskID         0      0     22
       -> HalUARTWrite                  0      0     22
       -> afRegister                    0      0     22
       -> RegisterForKeys               0      0     22
       -> osal_memcpy                   0      0     28
       -> aps_AddGroup                  0      0     22
     SampleApp_MessageMSGCB             0      0     22
       -> SampleApp_Send_P2P_Message
                                        0      0     20
       -> HalUARTWrite                  0      0     20
       -> HalUARTWrite                  0      0     20
       -> HalUARTWrite                  0      0     20
       -> HalLedBlink                   0      0     20
     SampleApp_ProcessEvent             0      0     12
       -> osal_msg_receive              0      0     24
       -> osal_start_timerEx            0      0     24
       -> osal_msg_deallocate           0      0     24
       -> osal_msg_receive              0      0     24
       -> SampleApp_HandleKeys          0      0     24
       -> SampleApp_MessageMSGCB        0      0     24
       -> SampleApp_Send_P2P_Message
                                        0      0     24
       -> osal_rand                     0      0     24
       -> osal_start_timerEx            0      0     24
     SampleApp_SendFlashMessage         1      0     32
       -> AF_DataRequest                0      0     44
     SampleApp_SendPeriodicMessage      0      0     19
       -> AF_DataRequest                0      0     38
     SampleApp_Send_P2P_Message         1      0     45
       -> DHT11                         0      0     48
       -> osal_memcpy                   0      0     54
       -> osal_memcpy                   0      0     54
       -> osal_memcpy                   0      0     54
       -> AF_DataRequest                0      0     66


   Segment part sizes:

     Function/Label                        Bytes
     --------------                        -----
     SampleApp_ClusterList                    4
     SampleApp_SimpleDesc                    12
     SampleApp_epDesc                         6
     SampleApp_TaskID                         1
     SampleApp_NwkState                       1
     SampleApp_TransID                        1
     SampleApp_Periodic_DstAddr              12
     SampleApp_Flash_DstAddr                 12
     SampleApp_P2P_DstAddr                   12
     SampleApp_Group                         18
     SampleAppPeriodicCounter                 1
     SampleAppFlashCounter                    1
     SampleApp_Init                         182
     ?Subroutine0                             5
     ??Subroutine5_0                          6
     SampleApp_ProcessEvent                 181
     SampleApp_HandleKeys                    61
     ??Subroutine4_0                          5
     SampleApp_MessageMSGCB                 165
     ?Subroutine2                            12
     ?Subroutine1                             3
     SampleApp_SendPeriodicMessage           69
     SampleApp_SendFlashMessage             118
     SampleApp_Send_P2P_Message             264
     ?Subroutine3                             4
     ??SampleApp_Init?relay                   6
     ??SampleApp_ProcessEvent?relay           6
     ??SampleApp_HandleKeys?relay             6
     ??SampleApp_MessageMSGCB?relay           6
     ??SampleApp_SendPeriodicMessage?relay    6
     ??SampleApp_SendFlashMessage?relay       6
     ??SampleApp_Send_P2P_Message?relay       6
     ?<Constant "UartInit OK\n">             13
     ?<Constant "Group 1">                    8
     ?<Constant "hello">                      6
     ?<Constant "Rx:">                        4
     ?<Constant "\n">                         2
     ?<Constant "  ">                         3

 
 1 075 bytes in segment BANKED_CODE
    42 bytes in segment BANK_RELAYS
    52 bytes in segment XDATA_ROM_C
    65 bytes in segment XDATA_Z
 
 1 117 bytes of CODE  memory
    52 bytes of CONST memory
    65 bytes of XDATA memory

Errors: none
Warnings: none
